
=== Scene ===
FloorPlan205

=== Target Query ===
book

=== Resolved Target Prompt ===
book

=== Debug Force Search ===
False

=== Contexts From Semantic Prior ===
laptop               score=0.794
drawer               score=0.793
window               score=0.739
desk                 score=0.724
desk lamp            score=0.714
chair                score=0.710
shelf                score=0.683
pillow               score=0.663

=== YOLO Classes ===
['arm chair', 'book', 'box', 'chair', 'coffee table', 'couch', 'desk', 'desk lamp', 'dining table', 'drawer', 'floor lamp', 'house plant', 'lamp', 'laptop', 'monitor', 'newspaper', 'pen', 'pencil', 'pillow', 'plant', 'remote control', 'shelf', 'side table', 'sofa', 'table', 'television', 'tv', 'tv stand', 'window']
CloudRendering failed, trying normal rendering.
Reason: Exception('The following builds were found, but had missing dependencies. Only one valid platform is required to run AI2-THOR.\nPlatform CloudRendering failed validation with the following errors: Vulkan API driver missing.\n  CloudRendering requires libvulkan1. Please install by running: sudo apt-get -y install libvulkan1')

=== Initial Pose ===
{'position': {'x': -3.0, 'y': 0.9011250734329224, 'z': 2.0}, 'rotation': {'x': -0.0, 'y': 90.0, 'z': 0.0}, 'camera_horizon': -0.0}

Number of reachable positions: 297

========== Initial YOLO Observation ==========
[Context detected] label=lamp, matched_context=desk lamp, raw_prior=0.714, anchor=0.30, effective_prior=0.214, score=0.923
[Context detected] label=lamp, matched_context=desk lamp, raw_prior=0.714, anchor=0.30, effective_prior=0.214, score=0.907
[Context detected] label=laptop, matched_context=laptop, raw_prior=0.794, anchor=0.75, effective_prior=0.595, score=0.875
[Context detected] label=chair, matched_context=chair, raw_prior=0.710, anchor=0.60, effective_prior=0.426, score=0.828
[Context detected] label=desk, matched_context=desk, raw_prior=0.724, anchor=1.20, effective_prior=0.869, score=0.766
[Context detected] label=desk, matched_context=desk, raw_prior=0.724, anchor=1.20, effective_prior=0.869, score=0.710
[Context detected] label=lamp, matched_context=desk lamp, raw_prior=0.714, anchor=0.30, effective_prior=0.214, score=0.435
[Context detected] label=arm chair, matched_context=chair, raw_prior=0.710, anchor=0.60, effective_prior=0.426, score=0.399
[Context detected] label=chair, matched_context=chair, raw_prior=0.710, anchor=0.60, effective_prior=0.426, score=0.253
[Context detected] label=chair, matched_context=chair, raw_prior=0.710, anchor=0.60, effective_prior=0.426, score=0.189
[Target check] target_query=book, target_prompt=book, status=valid, det={'label': 'book', 'score': 0.3898187279701233, 'box': [51.68052673339844, 374.93328857421875, 89.59730529785156, 385.93157958984375]}
Observe rotation 0:
YOLO detections: [('lamp', 0.923, [93.5, 303.7, 147.3, 390.0]), ('lamp', 0.907, [495.3, 0.3, 583.1, 234.1]), ('laptop', 0.875, [405.4, 396.0, 566.1, 479.9]), ('chair', 0.828, [408.8, 356.8, 498.4, 414.6]), ('desk', 0.766, [2.8, 374.5, 187.6, 480.0]), ('desk', 0.71, [353.1, 412.5, 640.0, 480.0]), ('lamp', 0.435, [496.3, 181.4, 615.0, 419.0]), ('arm chair', 0.399, [306.0, 403.4, 354.4, 480.0]), ('book', 0.39, [51.7, 374.9, 89.6, 385.9]), ('chair', 0.253, [304.8, 403.3, 377.9, 479.9]), ('chair', 0.189, [301.8, 405.3, 404.9, 479.9]), ('house plant', 0.177, [496.2, 183.5, 615.2, 419.2]), ('chair', 0.164, [304.2, 403.2, 453.1, 480.0]), ('lamp', 0.16, [124.0, 438.9, 150.7, 479.7]), ('house plant', 0.144, [0.2, 307.3, 61.2, 385.3])]
Target status: valid
[Target check] target_query=book, target_prompt=book, status=not_detected, det=None
Observe rotation 1:
YOLO detections: [('lamp', 0.164, [480.6, 341.8, 520.2, 359.3]), ('window', 0.156, [458.4, 128.6, 640.0, 480.0]), ('shelf', 0.144, [458.8, 128.4, 639.9, 479.8])]
Target status: not_detected
[Target check] target_query=book, target_prompt=book, status=not_detected, det=None
Observe rotation 2:
YOLO detections: []
Target status: not_detected
[Context detected] label=shelf, matched_context=shelf, raw_prior=0.683, anchor=1.20, effective_prior=0.819, score=0.849
[Context detected] label=chair, matched_context=chair, raw_prior=0.710, anchor=0.60, effective_prior=0.426, score=0.683
[Context detected] label=arm chair, matched_context=chair, raw_prior=0.710, anchor=0.60, effective_prior=0.426, score=0.390
[Context detected] label=arm chair, matched_context=chair, raw_prior=0.710, anchor=0.60, effective_prior=0.426, score=0.265
[Target check] target_query=book, target_prompt=book, status=not_detected, det=None
Observe rotation 3:
YOLO detections: [('sofa', 0.879, [0.0, 310.3, 226.1, 480.0]), ('shelf', 0.849, [246.9, 313.6, 356.6, 382.6]), ('tv', 0.796, [252.7, 245.6, 352.3, 306.4]), ('side table', 0.744, [377.7, 302.0, 428.0, 384.9]), ('chair', 0.683, [45.1, 401.8, 281.1, 480.0]), ('box', 0.427, [428.8, 354.9, 460.4, 383.6]), ('sofa', 0.39, [314.5, 423.0, 511.5, 480.0]), ('arm chair', 0.39, [47.2, 402.0, 279.3, 480.0]), ('arm chair', 0.265, [230.3, 406.0, 279.4, 479.7]), ('sofa', 0.19, [495.0, 438.6, 640.0, 480.0]), ('arm chair', 0.162, [314.7, 438.1, 366.7, 480.0]), ('side table', 0.131, [355.0, 424.5, 503.6, 480.0]), ('desk', 0.123, [583.4, 235.2, 640.0, 448.3])]
Target status: not_detected
Stable target position from multi-view YOLO-depth: {'x': -0.21094036102294922, 'y': 0.9011250734329224, 'z': 3.258019010429156, 'depth': 2.789059638977051}
Best target detection: {'label': 'book', 'score': 0.3898187279701233, 'box': [51.68052673339844, 374.93328857421875, 89.59730529785156, 385.93157958984375]}
Initial observed context objects:
{'label': 'lamp', 'matched_context': 'desk lamp', 'prior_weight': 0.2142948229987084, 'score': 0.9228672981262207, 'position': {'x': -0.3170928955078125, 'y': 0.9011250734329224, 'z': 2.968110711868327}, 'count': 1}
{'label': 'lamp', 'matched_context': 'desk lamp', 'prior_weight': 0.2142948229987084, 'score': 0.9072376489639282, 'position': {'x': -0.0014889240264892578, 'y': 0.9011250734329224, 'z': 0.7719362588997711}, 'count': 2}
{'label': 'laptop', 'matched_context': 'laptop', 'prior_weight': 0.595196780712958, 'score': 0.8750153183937073, 'position': {'x': -1.4939481019973755, 'y': 0.9011250734329224, 'z': 1.5516540239384853}, 'count': 1}
{'label': 'chair', 'matched_context': 'chair', 'prior_weight': 0.42617018106118215, 'score': 0.8276937007904053, 'position': {'x': -0.8496720790863037, 'y': 0.9011250734329224, 'z': 1.4840047195935309}, 'count': 1}
{'label': 'desk', 'matched_context': 'desk', 'prior_weight': 0.8689788959383109, 'score': 0.7656179666519165, 'position': {'x': -0.0014889240264892578, 'y': 0.9011250734329224, 'z': 3.2226537686724748}, 'count': 1}
{'label': 'desk', 'matched_context': 'desk', 'prior_weight': 0.8689788959383109, 'score': 0.7098236083984375, 'position': {'x': -1.3076510429382324, 'y': 0.9011250734329224, 'z': 1.4626070307426835}, 'count': 1}
{'label': 'arm chair', 'matched_context': 'chair', 'prior_weight': 0.42617018106118215, 'score': 0.39936912059783936, 'position': {'x': -1.3660928606987, 'y': 0.9011250734329224, 'z': 1.9555429680947927}, 'count': 2}
{'label': 'chair', 'matched_context': 'chair', 'prior_weight': 0.42617018106118215, 'score': 0.18923398852348328, 'position': {'x': -0.016481876373291016, 'y': 0.9011250734329224, 'z': 1.8277465008191995}, 'count': 1}
{'label': 'shelf', 'matched_context': 'shelf', 'prior_weight': 0.8190334374443393, 'score': 0.8490622043609619, 'position': {'x': -3.157251188633344, 'y': 0.9011250734329224, 'z': 6.5872344970703125}, 'count': 1}
{'label': 'chair', 'matched_context': 'chair', 'prior_weight': 0.42617018106118215, 'score': 0.6827951669692993, 'position': {'x': -3.2965525497128705, 'y': 0.9011250734329224, 'z': 3.353591243426005}, 'count': 3}

Top belief nodes:
  0: pos={'x': -0.75, 'y': 0.9011250734329224, 'z': 1.75}, belief=0.699, context=0.699, uncertainty=1.000, negative=0.0
  1: pos={'x': -0.75, 'y': 0.9011250734329224, 'z': 2.0}, belief=0.684, context=0.684, uncertainty=1.000, negative=0.0
  2: pos={'x': -1.25, 'y': 0.9011250734329224, 'z': 2.25}, belief=0.676, context=0.676, uncertainty=1.000, negative=0.0
  3: pos={'x': -1.0, 'y': 0.9011250734329224, 'z': 2.25}, belief=0.675, context=0.675, uncertainty=1.000, negative=0.0
  4: pos={'x': -0.5, 'y': 0.9011250734329224, 'z': 1.75}, belief=0.666, context=0.666, uncertainty=1.000, negative=0.0
  5: pos={'x': -0.75, 'y': 0.9011250734329224, 'z': 2.25}, belief=0.665, context=0.665, uncertainty=1.000, negative=0.0
  6: pos={'x': -0.5, 'y': 0.9011250734329224, 'z': 1.5}, belief=0.663, context=0.663, uncertainty=1.000, negative=0.0
  7: pos={'x': -0.5, 'y': 0.9011250734329224, 'z': 2.0}, belief=0.660, context=0.660, uncertainty=1.000, negative=0.0
  8: pos={'x': -0.5, 'y': 0.9011250734329224, 'z': 2.25}, belief=0.650, context=0.650, uncertainty=1.000, negative=0.0
  9: pos={'x': -1.0, 'y': 0.9011250734329224, 'z': 2.5}, belief=0.648, context=0.648, uncertainty=1.000, negative=0.0

YOLO found stable target at initial area. Now approaching target...

=== Approach Target ===
Stable estimated target position: {'x': -0.21094036102294922, 'y': 0.9011250734329224, 'z': 3.258019010429156, 'depth': 2.789059638977051}
Selected approach goal: {'x': -1.0, 'y': 0.9011250734329224, 'z': 3.0}
Goal distance to estimated target: 0.83
Approach actions: ['RotateLeft', 'MoveAhead', 'MoveAhead', 'MoveAhead', 'RotateRight', 'MoveAhead', 'MoveAhead', 'MoveAhead', 'MoveAhead', 'MoveAhead', 'MoveAhead', 'RotateLeft', 'MoveAhead', 'RotateRight', 'MoveAhead', 'MoveAhead']
Number of approach actions: 16
Approach action 0: RotateLeft, success=True
Approach action 1: MoveAhead, success=True
Approach action 2: MoveAhead, success=True
Approach action 3: MoveAhead, success=True
Approach action 4: RotateRight, success=True
Approach action 5: MoveAhead, success=True
Approach action 6: MoveAhead, success=True
Approach action 7: MoveAhead, success=True
Approach action 8: MoveAhead, success=True
Approach action 9: MoveAhead, success=True
Approach action 10: MoveAhead, success=True
Approach action 11: RotateLeft, success=True
Approach action 12: MoveAhead, success=True
Approach action 13: RotateRight, success=True
Approach action 14: MoveAhead, success=True
Approach action 15: MoveAhead, success=True
Final verify 0, action=None, status=not_detected, det=None
Final verify 1, action=LookDown, status=valid, det={'label': 'book', 'score': 0.3550609052181244, 'box': [28.81527328491211, 375.46014404296875, 123.15475463867188, 431.337890625]}

=== Approach Finished ===
Final agent position: {'x': -1.0, 'y': 0.9011250734329224, 'z': 3.0}
Final distance to estimated target: 0.83
Final YOLO status: valid
Final YOLO target detection: {'label': 'book', 'score': 0.3550609052181244, 'box': [28.81527328491211, 375.46014404296875, 123.15475463867188, 431.337890625]}

========== Summary ==========
scene: FloorPlan205
target: book
resolved_target: book
success: True
visited_belief_goals: 0
visited_reachable_points: 1
total_actions: 21
num_context_objects: 10
anchor_searches: 0
searched_anchors: 0
save_dir: outputs/batch_spub_20260529_165941/FloorPlan205_book
log_path: outputs/batch_spub_20260529_165941/FloorPlan205_book/run.log
