
=== Scene ===
FloorPlan202

=== Target Query ===
plant

=== Resolved Target Prompt ===
house plant

=== Debug Force Search ===
False

=== Contexts From Semantic Prior ===
window               score=0.748
drawer               score=0.711
side table           score=0.689
painting             score=0.648
laptop               score=0.642
tv                   score=0.632
pillow               score=0.629
box                  score=0.617

=== YOLO Classes ===
['arm chair', 'book', 'box', 'chair', 'coffee table', 'couch', 'desk', 'desk lamp', 'dining table', 'drawer', 'floor lamp', 'house plant', 'lamp', 'laptop', 'monitor', 'newspaper', 'painting', 'pen', 'pencil', 'pillow', 'plant', 'remote control', 'side table', 'sofa', 'table', 'television', 'tv', 'tv stand', 'window']
CloudRendering failed, trying normal rendering.
Reason: Exception('The following builds were found, but had missing dependencies. Only one valid platform is required to run AI2-THOR.\nPlatform CloudRendering failed validation with the following errors: Vulkan API driver missing.\n  CloudRendering requires libvulkan1. Please install by running: sudo apt-get -y install libvulkan1')

=== Initial Pose ===
{'position': {'x': -0.5, 'y': 0.9010459184646606, 'z': 1.75}, 'rotation': {'x': 0.0, 'y': 270.0, 'z': 0.0}, 'camera_horizon': -0.0}

Number of reachable positions: 180

========== Initial YOLO Observation ==========
[Context detected] label=laptop, matched_context=laptop, raw_prior=0.642, anchor=0.50, effective_prior=0.321, score=0.949
[Context detected] label=side table, matched_context=side table, raw_prior=0.689, anchor=1.00, effective_prior=0.689, score=0.323
[Target check] target_query=plant, target_prompt=house plant, status=valid, det={'label': 'house plant', 'score': 0.6247066259384155, 'box': [412.8974609375, 337.97161865234375, 548.2496337890625, 479.97589111328125]}
Observe rotation 0:
YOLO detections: [('sofa', 0.967, [0.0, 286.3, 222.4, 480.0]), ('laptop', 0.949, [103.5, 336.4, 177.8, 393.6]), ('lamp', 0.896, [575.6, 168.8, 640.0, 459.8]), ('floor lamp', 0.748, [574.4, 168.9, 639.8, 461.6]), ('house plant', 0.625, [412.9, 338.0, 548.2, 480.0]), ('lamp', 0.535, [575.9, 168.9, 640.0, 286.7]), ('side table', 0.323, [0.2, 415.1, 143.0, 480.0]), ('tv stand', 0.309, [0.0, 415.1, 143.2, 480.0]), ('sofa', 0.21, [0.0, 412.5, 144.7, 479.8]), ('sofa', 0.145, [178.5, 426.0, 638.9, 480.0]), ('pillow', 0.135, [0.0, 314.7, 35.9, 377.9])]
Target status: valid
[Context detected] label=tv, matched_context=tv, raw_prior=0.632, anchor=0.50, effective_prior=0.316, score=0.930
[Target check] target_query=plant, target_prompt=house plant, status=not_detected, det=None
Observe rotation 1:
YOLO detections: [('tv', 0.93, [31.8, 241.2, 250.8, 402.1]), ('desk', 0.759, [0.0, 387.1, 244.4, 479.8]), ('tv stand', 0.553, [0.1, 388.3, 244.5, 479.7]), ('book', 0.406, [0.0, 412.7, 43.3, 451.1]), ('book', 0.174, [0.0, 412.4, 43.3, 471.5])]
Target status: not_detected
[Target check] target_query=plant, target_prompt=house plant, status=not_detected, det=None
Observe rotation 2:
YOLO detections: [('tv stand', 0.176, [595.6, 456.4, 640.0, 480.0])]
Target status: not_detected
[Context detected] label=box, matched_context=box, raw_prior=0.617, anchor=0.70, effective_prior=0.432, score=0.612
[Context detected] label=pillow, matched_context=pillow, raw_prior=0.629, anchor=0.50, effective_prior=0.315, score=0.490
[Context detected] label=pillow, matched_context=pillow, raw_prior=0.629, anchor=0.50, effective_prior=0.315, score=0.266
[Context detected] label=pillow, matched_context=pillow, raw_prior=0.629, anchor=0.50, effective_prior=0.315, score=0.202
[Target check] target_query=plant, target_prompt=house plant, status=not_detected, det=None
Observe rotation 3:
YOLO detections: [('sofa', 0.878, [4.6, 360.7, 640.0, 480.0]), ('box', 0.612, [0.0, 387.4, 181.4, 480.0]), ('pillow', 0.49, [212.5, 361.4, 495.8, 479.9]), ('sofa', 0.372, [77.6, 360.8, 517.6, 480.0]), ('pillow', 0.266, [481.8, 362.2, 640.0, 480.0]), ('pillow', 0.202, [228.4, 470.0, 424.6, 480.0]), ('painting', 0.127, [330.4, 80.0, 603.1, 302.7])]
Target status: not_detected
Stable target position from multi-view YOLO-depth: {'x': -3.8175957202911377, 'y': 0.9010459184646606, 'z': 2.7077073910862186, 'depth': 3.3175957202911377}
Best target detection: {'label': 'house plant', 'score': 0.6247066259384155, 'box': [412.8974609375, 337.97161865234375, 548.2496337890625, 479.97589111328125]}
Initial observed context objects:
{'label': 'laptop', 'matched_context': 'laptop', 'prior_weight': 0.32088580646147535, 'score': 0.9489291906356812, 'position': {'x': -3.333345413208008, 'y': 0.9010459184646606, 'z': 0.8298440854246552}, 'count': 1}
{'label': 'side table', 'matched_context': 'side table', 'prior_weight': 0.6885746853542192, 'score': 0.3227735757827759, 'position': {'x': -2.178118348121643, 'y': 0.9010459184646606, 'z': 0.9961041939843746}, 'count': 1}
{'label': 'tv', 'matched_context': 'tv', 'prior_weight': 0.3160715827005846, 'score': 0.9299046993255615, 'position': {'x': -1.2492935270358791, 'y': 0.9010459184646606, 'z': 4.057225704193115}, 'count': 1}
{'label': 'box', 'matched_context': 'box', 'prior_weight': 0.4316793291713396, 'score': 0.6118479371070862, 'position': {'x': 0.15598060085255558, 'y': 0.9010459184646606, 'z': 0.1692115068435669}, 'count': 1}
{'label': 'pillow', 'matched_context': 'pillow', 'prior_weight': 0.3145028277380711, 'score': 0.48983097076416016, 'position': {'x': -0.7469419430081903, 'y': 0.9010459184646606, 'z': 0.31804847717285156}, 'count': 3}

Top belief nodes:
  0: pos={'x': -2.25, 'y': 0.9010459184646606, 'z': 1.25}, belief=0.279, context=0.279, uncertainty=1.000, negative=0.0
  1: pos={'x': -2.5, 'y': 0.9010459184646606, 'z': 1.25}, belief=0.273, context=0.273, uncertainty=1.000, negative=0.0
  2: pos={'x': -2.75, 'y': 0.9010459184646606, 'z': 1.25}, belief=0.267, context=0.267, uncertainty=1.000, negative=0.0
  3: pos={'x': -3.0, 'y': 0.9010459184646606, 'z': 1.25}, belief=0.262, context=0.262, uncertainty=1.000, negative=0.0
  4: pos={'x': -2.25, 'y': 0.9010459184646606, 'z': 1.5}, belief=0.258, context=0.258, uncertainty=1.000, negative=0.0
  5: pos={'x': -2.5, 'y': 0.9010459184646606, 'z': 1.5}, belief=0.254, context=0.254, uncertainty=1.000, negative=0.0
  6: pos={'x': -3.25, 'y': 0.9010459184646606, 'z': 1.25}, belief=0.254, context=0.254, uncertainty=1.000, negative=0.0
  7: pos={'x': -2.75, 'y': 0.9010459184646606, 'z': 1.5}, belief=0.249, context=0.249, uncertainty=1.000, negative=0.0
  8: pos={'x': -3.0, 'y': 0.9010459184646606, 'z': 1.5}, belief=0.241, context=0.241, uncertainty=1.000, negative=0.0
  9: pos={'x': -3.5, 'y': 0.9010459184646606, 'z': 1.25}, belief=0.238, context=0.238, uncertainty=1.000, negative=0.0

YOLO found stable target at initial area. Now approaching target...

=== Approach Target ===
Stable estimated target position: {'x': -3.8175957202911377, 'y': 0.9010459184646606, 'z': 2.7077073910862186, 'depth': 3.3175957202911377}
Selected approach goal: {'x': -3.0, 'y': 0.9010459184646606, 'z': 2.5}
Goal distance to estimated target: 0.844
Approach actions: ['MoveAhead', 'MoveAhead', 'MoveAhead', 'MoveAhead', 'MoveAhead', 'MoveAhead', 'MoveAhead', 'MoveAhead', 'MoveAhead', 'MoveAhead', 'RotateRight', 'MoveAhead', 'MoveAhead', 'MoveAhead']
Number of approach actions: 14
Approach action 0: MoveAhead, success=True
Approach action 1: MoveAhead, success=True
Approach action 2: MoveAhead, success=True
Approach action 3: MoveAhead, success=True
Approach action 4: MoveAhead, success=True
Approach action 5: MoveAhead, success=True
Approach action 6: MoveAhead, success=True
Approach action 7: MoveAhead, success=True
Approach action 8: MoveAhead, success=True
Approach action 9: MoveAhead, success=True
Approach action 10: RotateRight, success=True
Approach action 11: MoveAhead, success=True
Approach action 12: MoveAhead, success=True
Approach action 13: MoveAhead, success=True
Face target action 0: RotateLeft, success=True
Final verify 0, action=None, status=not_detected, det=None
Final verify 1, action=LookDown, status=not_detected, det=None
Final verify 2, action=RotateRight, status=not_detected, det=None
Final verify 3, action=RotateRight, status=valid, det={'label': 'plant', 'score': 0.4244171380996704, 'box': [296.0210266113281, 170.32464599609375, 473.1382751464844, 349.757080078125]}

=== Approach Finished ===
Final agent position: {'x': -3.0, 'y': 0.9010459184646606, 'z': 2.5}
Final distance to estimated target: 0.844
Final YOLO status: valid
Final YOLO target detection: {'label': 'plant', 'score': 0.4244171380996704, 'box': [296.0210266113281, 170.32464599609375, 473.1382751464844, 349.757080078125]}

========== Summary ==========
scene: FloorPlan202
target: plant
resolved_target: house plant
success: True
visited_belief_goals: 0
visited_reachable_points: 1
total_actions: 22
num_context_objects: 5
anchor_searches: 0
searched_anchors: 0
save_dir: outputs/batch_spub_20260529_165941/FloorPlan202_plant
log_path: outputs/batch_spub_20260529_165941/FloorPlan202_plant/run.log
