
=== Scene ===
FloorPlan204

=== Target Query ===
plant

=== Resolved Target Prompt ===
house plant

=== Debug Force Search ===
False

=== Contexts From Semantic Prior ===
window               score=0.748
drawer               score=0.711
side table           score=0.689
painting             score=0.648
laptop               score=0.642
tv                   score=0.632
pillow               score=0.629
box                  score=0.617

=== YOLO Classes ===
['arm chair', 'book', 'box', 'chair', 'coffee table', 'couch', 'desk', 'desk lamp', 'dining table', 'drawer', 'floor lamp', 'house plant', 'lamp', 'laptop', 'monitor', 'newspaper', 'painting', 'pen', 'pencil', 'pillow', 'plant', 'remote control', 'side table', 'sofa', 'table', 'television', 'tv', 'tv stand', 'window']
CloudRendering failed, trying normal rendering.
Reason: Exception('The following builds were found, but had missing dependencies. Only one valid platform is required to run AI2-THOR.\nPlatform CloudRendering failed validation with the following errors: Vulkan API driver missing.\n  CloudRendering requires libvulkan1. Please install by running: sudo apt-get -y install libvulkan1')

=== Initial Pose ===
{'position': {'x': -1.25, 'y': 0.902314305305481, 'z': 3.0}, 'rotation': {'x': -0.0, 'y': 0.0, 'z': 0.0}, 'camera_horizon': -0.0}

Number of reachable positions: 248

========== Initial YOLO Observation ==========
[Context detected] label=tv, matched_context=tv, raw_prior=0.632, anchor=0.50, effective_prior=0.316, score=0.935
[Context detected] label=pillow, matched_context=pillow, raw_prior=0.629, anchor=0.50, effective_prior=0.315, score=0.506
[Context detected] label=pillow, matched_context=pillow, raw_prior=0.629, anchor=0.50, effective_prior=0.315, score=0.401
[Context detected] label=pillow, matched_context=pillow, raw_prior=0.629, anchor=0.50, effective_prior=0.315, score=0.275
[Context detected] label=pillow, matched_context=pillow, raw_prior=0.629, anchor=0.50, effective_prior=0.315, score=0.241
[Context detected] label=pillow, matched_context=pillow, raw_prior=0.629, anchor=0.50, effective_prior=0.315, score=0.213
[Context detected] label=pillow, matched_context=pillow, raw_prior=0.629, anchor=0.50, effective_prior=0.315, score=0.212
[Target check] target_query=plant, target_prompt=house plant, status=not_detected, det=None
Observe rotation 0:
YOLO detections: [('sofa', 0.959, [0.0, 310.7, 374.9, 480.0]), ('couch', 0.936, [0.0, 310.4, 374.7, 480.0]), ('tv', 0.935, [408.3, 254.4, 577.0, 382.1]), ('tv stand', 0.834, [373.9, 345.9, 604.2, 480.0]), ('lamp', 0.818, [586.0, 177.8, 640.0, 475.8]), ('pillow', 0.506, [554.2, 426.0, 640.0, 479.9]), ('pillow', 0.401, [0.0, 409.8, 87.1, 479.9]), ('floor lamp', 0.299, [586.1, 176.8, 640.0, 480.0]), ('pillow', 0.275, [0.0, 404.3, 128.3, 479.9]), ('pillow', 0.241, [66.5, 311.1, 163.2, 392.6]), ('chair', 0.213, [433.4, 428.4, 639.6, 480.0]), ('pillow', 0.213, [158.9, 311.8, 252.6, 392.1]), ('pillow', 0.212, [84.4, 404.3, 127.3, 466.6]), ('remote control', 0.18, [529.6, 384.9, 559.8, 402.7]), ('laptop', 0.161, [436.4, 426.2, 639.5, 479.9]), ('sofa', 0.153, [437.1, 428.4, 639.8, 480.0]), ('pillow', 0.13, [472.3, 426.7, 639.9, 480.0])]
Target status: not_detected
[Target check] target_query=plant, target_prompt=house plant, status=not_detected, det=None
Observe rotation 1:
YOLO detections: [('tv stand', 0.73, [592.2, 424.7, 640.0, 480.0]), ('chair', 0.178, [458.0, 460.3, 608.1, 480.0]), ('box', 0.137, [458.4, 460.1, 609.2, 480.0])]
Target status: not_detected
[Target check] target_query=plant, target_prompt=house plant, status=valid, det={'label': 'house plant', 'score': 0.1952112913131714, 'box': [347.0150146484375, 275.00103759765625, 400.488037109375, 316.60626220703125]}
Observe rotation 2:
YOLO detections: [('lamp', 0.911, [331.8, 160.6, 388.5, 223.9]), ('chair', 0.825, [382.2, 314.9, 445.8, 400.0]), ('chair', 0.805, [329.9, 316.0, 374.5, 398.1]), ('dining table', 0.46, [330.1, 310.0, 449.9, 384.9]), ('arm chair', 0.207, [329.5, 315.8, 374.6, 399.1]), ('house plant', 0.195, [347.0, 275.0, 400.5, 316.6]), ('desk', 0.195, [329.5, 309.2, 449.4, 380.0]), ('chair', 0.192, [329.6, 291.7, 345.3, 313.6]), ('painting', 0.175, [329.2, 216.4, 403.2, 281.5]), ('chair', 0.155, [329.5, 291.7, 357.0, 321.5]), ('sofa', 0.133, [18.2, 409.4, 346.6, 480.0]), ('sofa', 0.128, [333.8, 307.2, 447.2, 363.3])]
Target status: valid
[Context detected] label=pillow, matched_context=pillow, raw_prior=0.629, anchor=0.50, effective_prior=0.315, score=0.524
[Context detected] label=pillow, matched_context=pillow, raw_prior=0.629, anchor=0.50, effective_prior=0.315, score=0.466
[Context detected] label=window, matched_context=window, raw_prior=0.748, anchor=1.00, effective_prior=0.748, score=0.235
[Target check] target_query=plant, target_prompt=house plant, status=not_detected, det=None
Observe rotation 3:
YOLO detections: [('sofa', 0.786, [299.4, 324.9, 639.6, 480.0]), ('sofa', 0.682, [0.6, 439.9, 290.4, 480.0]), ('pillow', 0.524, [11.3, 437.2, 148.7, 480.0]), ('pillow', 0.466, [54.8, 437.2, 145.8, 480.0]), ('window', 0.235, [260.2, 114.0, 323.1, 336.3]), ('sofa', 0.194, [2.2, 454.7, 283.1, 480.0]), ('pillow', 0.161, [21.4, 439.4, 105.0, 479.9]), ('lamp', 0.145, [171.5, 237.7, 186.8, 256.0]), ('window', 0.143, [128.4, 113.5, 192.3, 337.9])]
Target status: not_detected
Stable target position from multi-view YOLO-depth: {'x': -1.8826895986411079, 'y': 0.902314305305481, 'z': -3.6164560317993164, 'depth': 6.616456031799316}
Best target detection: {'label': 'house plant', 'score': 0.1952112913131714, 'box': [347.0150146484375, 275.00103759765625, 400.488037109375, 316.60626220703125]}
Initial observed context objects:
{'label': 'tv', 'matched_context': 'tv', 'prior_weight': 0.3160715827005846, 'score': 0.9353026747703552, 'position': {'x': -0.40349088325172955, 'y': 0.902314305305481, 'z': 5.727807998657227}, 'count': 1}
{'label': 'pillow', 'matched_context': 'pillow', 'prior_weight': 0.3145028277380711, 'score': 0.5058391094207764, 'position': {'x': -0.479504181042007, 'y': 0.902314305305481, 'z': 4.547290325164795}, 'count': 1}
{'label': 'pillow', 'matched_context': 'pillow', 'prior_weight': 0.3145028277380711, 'score': 0.4009177088737488, 'position': {'x': -1.960626382252703, 'y': 0.902314305305481, 'z': 4.580665032068889}, 'count': 3}
{'label': 'pillow', 'matched_context': 'pillow', 'prior_weight': 0.3145028277380711, 'score': 0.2411588728427887, 'position': {'x': -2.1983941298926055, 'y': 0.902314305305481, 'z': 6.275215983390808}, 'count': 2}
{'label': 'pillow', 'matched_context': 'pillow', 'prior_weight': 0.3145028277380711, 'score': 0.5243772864341736, 'position': {'x': -2.786912202835083, 'y': 0.902314305305481, 'z': 2.359461675941853}, 'count': 2}
{'label': 'window', 'matched_context': 'window', 'prior_weight': 0.7480816372394444, 'score': 0.23513548076152802, 'position': {'x': -21.239999771118164, 'y': 0.902314305305481, 'z': 1.9540758727508927}, 'count': 1}

Top belief nodes:
  0: pos={'x': -0.5, 'y': 0.902314305305481, 'z': 5.25}, belief=0.249, context=0.249, uncertainty=1.000, negative=0.0
  1: pos={'x': -0.75, 'y': 0.902314305305481, 'z': 5.25}, belief=0.247, context=0.247, uncertainty=1.000, negative=0.0
  2: pos={'x': -0.75, 'y': 0.902314305305481, 'z': 5.0}, belief=0.243, context=0.243, uncertainty=1.000, negative=0.0
  3: pos={'x': -0.5, 'y': 0.902314305305481, 'z': 5.0}, belief=0.242, context=0.242, uncertainty=1.000, negative=0.0
  4: pos={'x': -1.0, 'y': 0.902314305305481, 'z': 5.25}, belief=0.240, context=0.240, uncertainty=1.000, negative=0.0
  5: pos={'x': -1.0, 'y': 0.902314305305481, 'z': 5.0}, belief=0.238, context=0.238, uncertainty=1.000, negative=0.0
  6: pos={'x': -1.0, 'y': 0.902314305305481, 'z': 4.75}, belief=0.235, context=0.235, uncertainty=1.000, negative=0.0
  7: pos={'x': -1.25, 'y': 0.902314305305481, 'z': 5.0}, belief=0.233, context=0.233, uncertainty=1.000, negative=0.0
  8: pos={'x': -0.25, 'y': 0.902314305305481, 'z': 5.0}, belief=0.231, context=0.231, uncertainty=1.000, negative=0.0
  9: pos={'x': -1.25, 'y': 0.902314305305481, 'z': 5.25}, belief=0.231, context=0.231, uncertainty=1.000, negative=0.0

YOLO found stable target at initial area. Now approaching target...

=== Approach Target ===
Stable estimated target position: {'x': -1.8826895986411079, 'y': 0.902314305305481, 'z': -3.6164560317993164, 'depth': 6.616456031799316}
Selected approach goal: {'x': -2.75, 'y': 0.902314305305481, 'z': -3.25}
Goal distance to estimated target: 0.942
Approach actions: ['RotateLeft', 'MoveAhead', 'MoveAhead', 'RotateLeft', 'MoveAhead', 'MoveAhead', 'MoveAhead', 'MoveAhead', 'MoveAhead', 'RotateRight', 'MoveAhead', 'MoveAhead', 'RotateLeft', 'MoveAhead', 'MoveAhead', 'MoveAhead', 'MoveAhead', 'MoveAhead', 'MoveAhead', 'MoveAhead', 'MoveAhead', 'MoveAhead', 'MoveAhead', 'RotateRight', 'MoveAhead', 'MoveAhead', 'RotateLeft', 'MoveAhead', 'MoveAhead', 'RotateRight', 'MoveAhead', 'RotateLeft', 'MoveAhead', 'MoveAhead', 'MoveAhead', 'MoveAhead', 'MoveAhead', 'MoveAhead', 'MoveAhead', 'MoveAhead', 'RotateLeft', 'MoveAhead']
Number of approach actions: 42
Approach action 0: RotateLeft, success=True
Approach action 1: MoveAhead, success=True
Approach action 2: MoveAhead, success=True
Approach action 3: RotateLeft, success=True
Approach action 4: MoveAhead, success=True
Approach action 5: MoveAhead, success=True
Approach action 6: MoveAhead, success=True
Approach action 7: MoveAhead, success=True
Approach action 8: MoveAhead, success=True
Approach action 9: RotateRight, success=True
Approach action 10: MoveAhead, success=True
Approach action 11: MoveAhead, success=True
Approach action 12: RotateLeft, success=True
Approach action 13: MoveAhead, success=True
Approach action 14: MoveAhead, success=True
Approach action 15: MoveAhead, success=True
Approach action 16: MoveAhead, success=True
Approach action 17: MoveAhead, success=True
Approach action 18: MoveAhead, success=True
Approach action 19: MoveAhead, success=True
Approach action 20: MoveAhead, success=True
Approach action 21: MoveAhead, success=True
Approach action 22: MoveAhead, success=True
Approach action 23: RotateRight, success=True
Approach action 24: MoveAhead, success=True
Approach action 25: MoveAhead, success=True
Approach action 26: RotateLeft, success=True
Approach action 27: MoveAhead, success=True
Approach action 28: MoveAhead, success=True
Approach action 29: RotateRight, success=True
Approach action 30: MoveAhead, success=True
Approach action 31: RotateLeft, success=True
Approach action 32: MoveAhead, success=True
Approach action 33: MoveAhead, success=True
Approach action 34: MoveAhead, success=True
Approach action 35: MoveAhead, success=True
Approach action 36: MoveAhead, success=True
Approach action 37: MoveAhead, success=True
Approach action 38: MoveAhead, success=True
Approach action 39: MoveAhead, success=True
Approach action 40: RotateLeft, success=True
Approach action 41: MoveAhead, success=True
Final verify 0, action=None, status=not_detected, det=None
Final verify 1, action=LookDown, status=not_detected, det=None
Final verify 2, action=RotateRight, status=not_detected, det=None
Final verify 3, action=RotateRight, status=not_detected, det=None
Final verify 4, action=RotateRight, status=valid, det={'label': 'house plant', 'score': 0.25026339292526245, 'box': [497.98382568359375, 154.47662353515625, 639.9273071289062, 305.22015380859375]}

=== Approach Finished ===
Final agent position: {'x': -2.75, 'y': 0.902314305305481, 'z': -3.25}
Final distance to estimated target: 0.942
Final YOLO status: valid
Final YOLO target detection: {'label': 'house plant', 'score': 0.25026339292526245, 'box': [497.98382568359375, 154.47662353515625, 639.9273071289062, 305.22015380859375]}

========== Summary ==========
scene: FloorPlan204
target: plant
resolved_target: house plant
success: True
visited_belief_goals: 0
visited_reachable_points: 1
total_actions: 50
num_context_objects: 6
anchor_searches: 0
searched_anchors: 0
save_dir: outputs/batch_spub_20260529_165941/FloorPlan204_plant
log_path: outputs/batch_spub_20260529_165941/FloorPlan204_plant/run.log
