
=== Scene ===
FloorPlan201

=== Target Query ===
laptop

=== Resolved Target Prompt ===
laptop

=== Debug Force Search ===
False

=== Contexts From Semantic Prior ===
pillow               score=0.800
window               score=0.794
drawer               score=0.777
desk lamp            score=0.716
side table           score=0.714
chair                score=0.713
book                 score=0.666
painting             score=0.664

=== YOLO Classes ===
['arm chair', 'book', 'box', 'chair', 'coffee table', 'couch', 'desk', 'desk lamp', 'dining table', 'drawer', 'floor lamp', 'house plant', 'lamp', 'laptop', 'monitor', 'newspaper', 'painting', 'pen', 'pencil', 'pillow', 'plant', 'remote control', 'side table', 'sofa', 'table', 'television', 'tv', 'tv stand', 'window']
CloudRendering failed, trying normal rendering.
Reason: Exception('The following builds were found, but had missing dependencies. Only one valid platform is required to run AI2-THOR.\nPlatform CloudRendering failed validation with the following errors: Vulkan API driver missing.\n  CloudRendering requires libvulkan1. Please install by running: sudo apt-get -y install libvulkan1')

=== Initial Pose ===
{'position': {'x': -4.0, 'y': 0.9026566743850708, 'z': 1.5}, 'rotation': {'x': -0.0, 'y': 0.0, 'z': 0.0}, 'camera_horizon': -0.0}

Number of reachable positions: 234

========== Initial YOLO Observation ==========
[Context detected] label=chair, matched_context=chair, raw_prior=0.713, anchor=1.20, effective_prior=0.856, score=0.766
[Context detected] label=pillow, matched_context=pillow, raw_prior=0.800, anchor=0.60, effective_prior=0.480, score=0.757
[Context detected] label=pillow, matched_context=pillow, raw_prior=0.800, anchor=0.60, effective_prior=0.480, score=0.575
[Context detected] label=side table, matched_context=side table, raw_prior=0.714, anchor=1.05, effective_prior=0.749, score=0.342
[Context detected] label=side table, matched_context=side table, raw_prior=0.714, anchor=1.05, effective_prior=0.749, score=0.293
[Target check] target_query=laptop, target_prompt=laptop, status=not_detected, det=None
Observe rotation 0:
YOLO detections: [('sofa', 0.892, [373.2, 359.9, 640.0, 480.0]), ('tv stand', 0.876, [409.3, 310.0, 517.3, 386.5]), ('tv', 0.871, [417.4, 249.1, 512.0, 313.6]), ('couch', 0.86, [374.0, 359.6, 640.0, 480.0]), ('sofa', 0.845, [544.4, 295.6, 639.9, 360.7]), ('chair', 0.766, [228.3, 296.2, 347.1, 402.6]), ('pillow', 0.757, [241.0, 296.5, 309.0, 341.8]), ('coffee table', 0.751, [470.9, 346.9, 559.5, 383.2]), ('sofa', 0.627, [228.6, 296.0, 347.1, 402.7]), ('pillow', 0.575, [580.5, 295.9, 639.9, 344.8]), ('side table', 0.342, [355.4, 345.0, 396.8, 383.0]), ('side table', 0.293, [471.0, 345.6, 553.3, 383.9]), ('box', 0.224, [361.5, 345.8, 395.9, 383.0]), ('box', 0.157, [364.8, 356.5, 392.7, 383.4])]
Target status: not_detected
[Context detected] label=lamp, matched_context=desk lamp, raw_prior=0.716, anchor=0.30, effective_prior=0.215, score=0.933
[Context detected] label=lamp, matched_context=desk lamp, raw_prior=0.716, anchor=0.30, effective_prior=0.215, score=0.828
[Context detected] label=chair, matched_context=chair, raw_prior=0.713, anchor=1.20, effective_prior=0.856, score=0.749
[Context detected] label=arm chair, matched_context=chair, raw_prior=0.713, anchor=1.20, effective_prior=0.856, score=0.734
[Context detected] label=chair, matched_context=chair, raw_prior=0.713, anchor=1.20, effective_prior=0.856, score=0.728
[Context detected] label=side table, matched_context=side table, raw_prior=0.714, anchor=1.05, effective_prior=0.749, score=0.709
[Context detected] label=side table, matched_context=side table, raw_prior=0.714, anchor=1.05, effective_prior=0.749, score=0.684
[Context detected] label=book, matched_context=book, raw_prior=0.666, anchor=0.60, effective_prior=0.400, score=0.617
[Context detected] label=arm chair, matched_context=chair, raw_prior=0.713, anchor=1.20, effective_prior=0.856, score=0.598
[Context detected] label=chair, matched_context=chair, raw_prior=0.713, anchor=1.20, effective_prior=0.856, score=0.431
[Context detected] label=arm chair, matched_context=chair, raw_prior=0.713, anchor=1.20, effective_prior=0.856, score=0.262
[Context detected] label=arm chair, matched_context=chair, raw_prior=0.713, anchor=1.20, effective_prior=0.856, score=0.193
[Context detected] label=pillow, matched_context=pillow, raw_prior=0.800, anchor=0.60, effective_prior=0.480, score=0.193
[Target check] target_query=laptop, target_prompt=laptop, status=valid, det={'label': 'laptop', 'score': 0.9017810225486755, 'box': [257.4163818359375, 343.4316101074219, 328.5809326171875, 417.9847717285156]}
Observe rotation 1:
YOLO detections: [('sofa', 0.962, [0.0, 317.8, 111.0, 479.9]), ('lamp', 0.933, [467.0, 176.0, 532.1, 443.3]), ('laptop', 0.902, [257.4, 343.4, 328.6, 418.0]), ('lamp', 0.828, [65.9, 279.7, 101.3, 338.3]), ('floor lamp', 0.781, [467.1, 175.9, 532.0, 418.4]), ('chair', 0.749, [186.7, 365.3, 233.7, 479.5]), ('desk', 0.745, [566.6, 380.5, 640.0, 479.8]), ('arm chair', 0.734, [307.0, 339.2, 360.1, 383.5]), ('chair', 0.728, [434.7, 368.5, 480.7, 474.0]), ('side table', 0.709, [566.6, 381.0, 640.0, 480.0]), ('desk', 0.692, [85.6, 333.6, 155.8, 421.7]), ('side table', 0.684, [85.8, 333.5, 156.6, 422.3]), ('desk', 0.627, [191.3, 382.4, 487.0, 480.0]), ('book', 0.617, [349.4, 387.2, 427.8, 434.0]), ('arm chair', 0.598, [435.3, 367.5, 480.5, 469.4]), ('chair', 0.431, [307.0, 338.8, 359.9, 383.3]), ('arm chair', 0.262, [111.5, 425.4, 167.7, 479.9]), ('arm chair', 0.193, [498.8, 422.0, 572.0, 480.0]), ('pillow', 0.193, [498.5, 422.0, 572.8, 480.0]), ('sofa', 0.181, [377.2, 423.5, 583.6, 479.9]), ('side table', 0.174, [85.9, 345.9, 109.9, 409.4]), ('floor lamp', 0.169, [471.2, 250.4, 522.7, 441.8]), ('chair', 0.15, [439.0, 422.3, 579.4, 480.0]), ('chair', 0.123, [106.3, 425.2, 238.7, 479.9])]
Target status: valid
[Target check] target_query=laptop, target_prompt=laptop, status=not_detected, det=None
Observe rotation 2:
YOLO detections: [('house plant', 0.306, [0.3, 347.4, 152.8, 480.0]), ('house plant', 0.251, [0.9, 375.2, 118.8, 479.9])]
Target status: not_detected
[Target check] target_query=laptop, target_prompt=laptop, status=not_detected, det=None
Observe rotation 3:
YOLO detections: []
Target status: not_detected
Stable target position from multi-view YOLO-depth: {'x': -1.5472807884216309, 'y': 0.9026566743850708, 'z': 1.6239068334919924, 'depth': 2.452719211578369}
Best target detection: {'label': 'laptop', 'score': 0.9017810225486755, 'box': [257.4163818359375, 343.4316101074219, 328.5809326171875, 417.9847717285156]}
Initial observed context objects:
{'label': 'chair', 'matched_context': 'chair', 'prior_weight': 0.8556602728302479, 'score': 0.7664788961410522, 'position': {'x': -4.255472424084816, 'y': 0.9026566743850708, 'z': 5.790823936462402}, 'count': 1}
{'label': 'pillow', 'matched_context': 'pillow', 'prior_weight': 0.4799999999999999, 'score': 0.7571172118186951, 'position': {'x': -4.386891722603357, 'y': 0.9026566743850708, 'z': 6.161677360534668}, 'count': 1}
{'label': 'pillow', 'matched_context': 'pillow', 'prior_weight': 0.4799999999999999, 'score': 0.5747085213661194, 'position': {'x': -1.5631921101158515, 'y': 0.9026566743850708, 'z': 6.173411846160889}, 'count': 1}
{'label': 'side table', 'matched_context': 'side table', 'prior_weight': 0.749388864900502, 'score': 0.34219059348106384, 'position': {'x': -3.5457201794327005, 'y': 0.9026566743850708, 'z': 6.077953338623047}, 'count': 1}
{'label': 'side table', 'matched_context': 'side table', 'prior_weight': 0.749388864900502, 'score': 0.29256609082221985, 'position': {'x': -2.889034112315417, 'y': 0.9026566743850708, 'z': 4.707082271575928}, 'count': 1}
{'label': 'lamp', 'matched_context': 'desk lamp', 'prior_weight': 0.2147499999797972, 'score': 0.932885468006134, 'position': {'x': -0.3029346466064453, 'y': 0.9026566743850708, 'z': 0.30601312443181317}, 'count': 1}
{'label': 'lamp', 'matched_context': 'desk lamp', 'prior_weight': 0.2147499999797972, 'score': 0.8282178640365601, 'position': {'x': -0.11877608299255371, 'y': 0.9026566743850708, 'z': 3.159611514265196}, 'count': 1}
{'label': 'chair', 'matched_context': 'chair', 'prior_weight': 0.8556602728302479, 'score': 0.7490490674972534, 'position': {'x': -2.245845139026642, 'y': 0.9026566743850708, 'z': 1.944440651243338}, 'count': 2}
{'label': 'arm chair', 'matched_context': 'chair', 'prior_weight': 0.8556602728302479, 'score': 0.7344455718994141, 'position': {'x': -1.138456106185913, 'y': 0.9026566743850708, 'z': 1.432882903793471}, 'count': 2}
{'label': 'chair', 'matched_context': 'chair', 'prior_weight': 0.8556602728302479, 'score': 0.7280338406562805, 'position': {'x': -2.158958832422892, 'y': 0.9026566743850708, 'z': 0.9753783286556198}, 'count': 3}
{'label': 'side table', 'matched_context': 'side table', 'prior_weight': 0.749388864900502, 'score': 0.7086321711540222, 'position': {'x': -1.7020659446716309, 'y': 0.9026566743850708, 'z': 0.3308343049702395}, 'count': 1}
{'label': 'side table', 'matched_context': 'side table', 'prior_weight': 0.749388864900502, 'score': 0.6841875910758972, 'position': {'x': -0.14058351516723633, 'y': 0.9026566743850708, 'z': 2.892646966520672}, 'count': 1}
{'label': 'book', 'matched_context': 'book', 'prior_weight': 0.3997412614502818, 'score': 0.6165230870246887, 'position': {'x': -1.9557156562805176, 'y': 0.9026566743850708, 'z': 1.249193025318852}, 'count': 1}
{'label': 'pillow', 'matched_context': 'pillow', 'prior_weight': 0.4799999999999999, 'score': 0.19270189106464386, 'position': {'x': -2.4977692365646362, 'y': 0.9026566743850708, 'z': 0.9172738526072377}, 'count': 1}

Top belief nodes:
  0: pos={'x': -1.75, 'y': 0.9026566743850708, 'z': 0.5}, belief=0.801, context=0.801, uncertainty=1.000, negative=0.0
  1: pos={'x': -2.0, 'y': 0.9026566743850708, 'z': 0.5}, belief=0.798, context=0.798, uncertainty=1.000, negative=0.0
  2: pos={'x': -1.5, 'y': 0.9026566743850708, 'z': 0.5}, belief=0.784, context=0.784, uncertainty=1.000, negative=0.0
  3: pos={'x': -1.25, 'y': 0.9026566743850708, 'z': 0.75}, belief=0.783, context=0.783, uncertainty=1.000, negative=0.0
  4: pos={'x': -2.25, 'y': 0.9026566743850708, 'z': 0.5}, belief=0.781, context=0.781, uncertainty=1.000, negative=0.0
  5: pos={'x': -1.0, 'y': 0.9026566743850708, 'z': 1.0}, belief=0.778, context=0.778, uncertainty=1.000, negative=0.0
  6: pos={'x': -0.75, 'y': 0.9026566743850708, 'z': 1.5}, belief=0.758, context=0.758, uncertainty=1.000, negative=0.0
  7: pos={'x': -1.25, 'y': 0.9026566743850708, 'z': 0.5}, belief=0.756, context=0.756, uncertainty=1.000, negative=0.0
  8: pos={'x': -0.75, 'y': 0.9026566743850708, 'z': 1.25}, belief=0.755, context=0.755, uncertainty=1.000, negative=0.0
  9: pos={'x': -1.0, 'y': 0.9026566743850708, 'z': 2.0}, belief=0.754, context=0.754, uncertainty=1.000, negative=0.0

YOLO found stable target at initial area. Now approaching target...

=== Approach Target ===
Stable estimated target position: {'x': -1.5472807884216309, 'y': 0.9026566743850708, 'z': 1.6239068334919924, 'depth': 2.452719211578369}
Selected approach goal: {'x': -1.5, 'y': 0.9026566743850708, 'z': 2.5}
Goal distance to estimated target: 0.877
Approach actions: ['MoveAhead', 'MoveAhead', 'MoveAhead', 'MoveAhead', 'RotateRight', 'MoveAhead', 'MoveAhead', 'MoveAhead', 'MoveAhead', 'MoveAhead', 'MoveAhead', 'MoveAhead', 'MoveAhead', 'MoveAhead', 'MoveAhead']
Number of approach actions: 15
Approach action 0: MoveAhead, success=True
Approach action 1: MoveAhead, success=True
Approach action 2: MoveAhead, success=True
Approach action 3: MoveAhead, success=True
Approach action 4: RotateRight, success=True
Approach action 5: MoveAhead, success=True
Approach action 6: MoveAhead, success=True
Approach action 7: MoveAhead, success=True
Approach action 8: MoveAhead, success=True
Approach action 9: MoveAhead, success=True
Approach action 10: MoveAhead, success=True
Approach action 11: MoveAhead, success=True
Approach action 12: MoveAhead, success=True
Approach action 13: MoveAhead, success=True
Approach action 14: MoveAhead, success=True
Face target action 0: RotateRight, success=True
Final verify 0, action=None, status=not_detected, det=None
Final verify 1, action=LookDown, status=valid, det={'label': 'laptop', 'score': 0.9127157330513, 'box': [311.943603515625, 244.11289978027344, 471.7071533203125, 426.01123046875]}

=== Approach Finished ===
Final agent position: {'x': -1.5, 'y': 0.9026566743850708, 'z': 2.5}
Final distance to estimated target: 0.877
Final YOLO status: valid
Final YOLO target detection: {'label': 'laptop', 'score': 0.9127157330513, 'box': [311.943603515625, 244.11289978027344, 471.7071533203125, 426.01123046875]}

========== Summary ==========
scene: FloorPlan201
target: laptop
resolved_target: laptop
success: True
visited_belief_goals: 0
visited_reachable_points: 1
total_actions: 21
num_context_objects: 14
anchor_searches: 0
searched_anchors: 0
save_dir: outputs/batch_spub_20260529_165941/FloorPlan201_laptop
log_path: outputs/batch_spub_20260529_165941/FloorPlan201_laptop/run.log
