
=== Scene ===
FloorPlan201

=== Target Query ===
book

=== Resolved Target Prompt ===
book

=== Debug Force Search ===
False

=== Contexts From Semantic Prior ===
laptop               score=0.794
drawer               score=0.793
window               score=0.739
desk                 score=0.724
desk lamp            score=0.714
chair                score=0.710
shelf                score=0.683
pillow               score=0.663

=== YOLO Classes ===
['arm chair', 'book', 'box', 'chair', 'coffee table', 'couch', 'desk', 'desk lamp', 'dining table', 'drawer', 'floor lamp', 'house plant', 'lamp', 'laptop', 'monitor', 'newspaper', 'pen', 'pencil', 'pillow', 'plant', 'remote control', 'shelf', 'side table', 'sofa', 'table', 'television', 'tv', 'tv stand', 'window']
CloudRendering failed, trying normal rendering.
Reason: Exception('The following builds were found, but had missing dependencies. Only one valid platform is required to run AI2-THOR.\nPlatform CloudRendering failed validation with the following errors: Vulkan API driver missing.\n  CloudRendering requires libvulkan1. Please install by running: sudo apt-get -y install libvulkan1')

=== Initial Pose ===
{'position': {'x': -4.0, 'y': 0.9026566743850708, 'z': 1.5}, 'rotation': {'x': -0.0, 'y': 0.0, 'z': 0.0}, 'camera_horizon': -0.0}

Number of reachable positions: 234

========== Initial YOLO Observation ==========
[Context detected] label=chair, matched_context=chair, raw_prior=0.710, anchor=0.60, effective_prior=0.426, score=0.765
[Context detected] label=pillow, matched_context=pillow, raw_prior=0.663, anchor=0.75, effective_prior=0.497, score=0.757
[Context detected] label=pillow, matched_context=pillow, raw_prior=0.663, anchor=0.75, effective_prior=0.497, score=0.570
[Target check] target_query=book, target_prompt=book, status=not_detected, det=None
Observe rotation 0:
YOLO detections: [('sofa', 0.894, [373.2, 360.0, 640.0, 480.0]), ('tv stand', 0.878, [409.3, 310.0, 517.3, 386.6]), ('tv', 0.871, [417.4, 249.1, 512.0, 313.6]), ('couch', 0.862, [374.0, 359.6, 640.0, 480.0]), ('sofa', 0.847, [544.4, 295.6, 639.9, 360.7]), ('chair', 0.765, [228.3, 296.2, 347.1, 402.6]), ('coffee table', 0.758, [470.9, 346.9, 559.5, 383.2]), ('pillow', 0.757, [241.0, 296.5, 309.0, 341.8]), ('sofa', 0.628, [228.6, 296.0, 347.2, 402.7]), ('pillow', 0.57, [580.5, 295.9, 639.9, 344.7]), ('side table', 0.343, [355.4, 345.0, 396.8, 383.0]), ('side table', 0.296, [471.0, 345.6, 553.4, 383.9]), ('box', 0.224, [361.4, 345.7, 395.9, 383.0]), ('side table', 0.169, [471.2, 347.0, 531.5, 383.6]), ('box', 0.159, [364.8, 356.5, 392.6, 383.4])]
Target status: not_detected
[Context detected] label=lamp, matched_context=desk lamp, raw_prior=0.714, anchor=0.30, effective_prior=0.214, score=0.932
[Context detected] label=laptop, matched_context=laptop, raw_prior=0.794, anchor=0.75, effective_prior=0.595, score=0.903
[Context detected] label=lamp, matched_context=desk lamp, raw_prior=0.714, anchor=0.30, effective_prior=0.214, score=0.825
[Context detected] label=chair, matched_context=chair, raw_prior=0.710, anchor=0.60, effective_prior=0.426, score=0.751
[Context detected] label=desk, matched_context=desk, raw_prior=0.724, anchor=1.20, effective_prior=0.869, score=0.743
[Context detected] label=arm chair, matched_context=chair, raw_prior=0.710, anchor=0.60, effective_prior=0.426, score=0.732
[Context detected] label=chair, matched_context=chair, raw_prior=0.710, anchor=0.60, effective_prior=0.426, score=0.731
[Context detected] label=desk, matched_context=desk, raw_prior=0.724, anchor=1.20, effective_prior=0.869, score=0.691
[Context detected] label=desk, matched_context=desk, raw_prior=0.724, anchor=1.20, effective_prior=0.869, score=0.627
[Context detected] label=arm chair, matched_context=chair, raw_prior=0.710, anchor=0.60, effective_prior=0.426, score=0.605
[Context detected] label=chair, matched_context=chair, raw_prior=0.710, anchor=0.60, effective_prior=0.426, score=0.431
[Context detected] label=shelf, matched_context=shelf, raw_prior=0.683, anchor=1.20, effective_prior=0.819, score=0.315
[Context detected] label=arm chair, matched_context=chair, raw_prior=0.710, anchor=0.60, effective_prior=0.426, score=0.263
[Context detected] label=pillow, matched_context=pillow, raw_prior=0.663, anchor=0.75, effective_prior=0.497, score=0.208
[Context detected] label=arm chair, matched_context=chair, raw_prior=0.710, anchor=0.60, effective_prior=0.426, score=0.189
[Target check] target_query=book, target_prompt=book, status=valid, det={'label': 'book', 'score': 0.6163131594657898, 'box': [349.441162109375, 387.13482666015625, 427.7977294921875, 434.00177001953125]}
Observe rotation 1:
YOLO detections: [('sofa', 0.961, [0.0, 317.9, 111.0, 479.9]), ('lamp', 0.932, [467.0, 176.0, 532.1, 443.2]), ('laptop', 0.903, [257.4, 343.4, 328.6, 418.0]), ('lamp', 0.825, [65.9, 279.7, 101.3, 338.4]), ('floor lamp', 0.782, [467.1, 175.9, 532.0, 418.4]), ('chair', 0.751, [186.8, 365.3, 233.7, 479.5]), ('desk', 0.743, [566.6, 380.5, 640.0, 479.8]), ('arm chair', 0.732, [307.0, 339.2, 360.1, 383.5]), ('chair', 0.731, [434.7, 368.5, 480.7, 474.0]), ('side table', 0.714, [566.6, 381.0, 640.0, 480.0]), ('desk', 0.691, [85.6, 333.6, 155.8, 421.7]), ('side table', 0.684, [85.8, 333.5, 156.6, 422.3]), ('desk', 0.627, [191.3, 382.4, 487.0, 480.0]), ('book', 0.616, [349.4, 387.1, 427.8, 434.0]), ('arm chair', 0.605, [435.3, 367.5, 480.5, 469.4]), ('chair', 0.431, [307.0, 338.9, 359.9, 383.3]), ('shelf', 0.315, [215.8, 206.9, 361.8, 394.9]), ('arm chair', 0.263, [111.5, 425.4, 167.7, 479.9]), ('pillow', 0.208, [498.6, 422.0, 572.8, 480.0]), ('arm chair', 0.189, [498.8, 422.0, 572.0, 480.0]), ('sofa', 0.186, [377.0, 423.5, 583.5, 479.9]), ('side table', 0.175, [85.9, 345.9, 109.9, 409.4]), ('floor lamp', 0.171, [471.1, 251.2, 522.7, 441.8]), ('chair', 0.149, [439.1, 422.3, 579.4, 480.0]), ('chair', 0.123, [106.3, 425.2, 238.9, 479.9])]
Target status: valid
[Target check] target_query=book, target_prompt=book, status=not_detected, det=None
Observe rotation 2:
YOLO detections: [('house plant', 0.277, [0.9, 347.6, 119.4, 479.7])]
Target status: not_detected
[Target check] target_query=book, target_prompt=book, status=not_detected, det=None
Observe rotation 3:
YOLO detections: []
Target status: not_detected
Stable target position from multi-view YOLO-depth: {'x': -1.9557156562805176, 'y': 0.9026566743850708, 'z': 1.249193025318852, 'depth': 2.0442843437194824}
Best target detection: {'label': 'book', 'score': 0.6163131594657898, 'box': [349.441162109375, 387.13482666015625, 427.7977294921875, 434.00177001953125]}
Initial observed context objects:
{'label': 'chair', 'matched_context': 'chair', 'prior_weight': 0.42617018106118215, 'score': 0.7653012871742249, 'position': {'x': -4.255472424084816, 'y': 0.9026566743850708, 'z': 5.790823936462402}, 'count': 1}
{'label': 'pillow', 'matched_context': 'pillow', 'prior_weight': 0.49711985763603495, 'score': 0.7566725611686707, 'position': {'x': -4.386891722603357, 'y': 0.9026566743850708, 'z': 6.161677360534668}, 'count': 1}
{'label': 'pillow', 'matched_context': 'pillow', 'prior_weight': 0.49711985763603495, 'score': 0.5701565146446228, 'position': {'x': -1.563191861483677, 'y': 0.9026566743850708, 'z': 6.173412322998047}, 'count': 1}
{'label': 'lamp', 'matched_context': 'desk lamp', 'prior_weight': 0.2142948229987084, 'score': 0.9316081404685974, 'position': {'x': -0.3029346466064453, 'y': 0.9026566743850708, 'z': 0.30601312443181317}, 'count': 1}
{'label': 'laptop', 'matched_context': 'laptop', 'prior_weight': 0.595196780712958, 'score': 0.9025172591209412, 'position': {'x': -1.5499544143676758, 'y': 0.9026566743850708, 'z': 1.623771766859272}, 'count': 1}
{'label': 'lamp', 'matched_context': 'desk lamp', 'prior_weight': 0.2142948229987084, 'score': 0.8250078558921814, 'position': {'x': -0.11877608299255371, 'y': 0.9026566743850708, 'z': 3.159611514265196}, 'count': 1}
{'label': 'chair', 'matched_context': 'chair', 'prior_weight': 0.42617018106118215, 'score': 0.7506628632545471, 'position': {'x': -2.245845139026642, 'y': 0.9026566743850708, 'z': 1.944440651243338}, 'count': 2}
{'label': 'desk', 'matched_context': 'desk', 'prior_weight': 0.8689788959383109, 'score': 0.7425985932350159, 'position': {'x': -1.709843635559082, 'y': 0.9026566743850708, 'z': 0.3347915157313874}, 'count': 1}
{'label': 'arm chair', 'matched_context': 'chair', 'prior_weight': 0.42617018106118215, 'score': 0.7321080565452576, 'position': {'x': -1.1388494968414307, 'y': 0.9026566743850708, 'z': 1.432892130714131}, 'count': 2}
{'label': 'chair', 'matched_context': 'chair', 'prior_weight': 0.42617018106118215, 'score': 0.7306925654411316, 'position': {'x': -2.1588932275772095, 'y': 0.9026566743850708, 'z': 0.9744495470370712}, 'count': 3}
{'label': 'desk', 'matched_context': 'desk', 'prior_weight': 0.8689788959383109, 'score': 0.6908280253410339, 'position': {'x': -0.1407604217529297, 'y': 0.9026566743850708, 'z': 2.8925831308551273}, 'count': 1}
{'label': 'desk', 'matched_context': 'desk', 'prior_weight': 0.8689788959383109, 'score': 0.6268382668495178, 'position': {'x': -2.0534000396728516, 'y': 0.9026566743850708, 'z': 1.4332702180909738}, 'count': 1}
{'label': 'shelf', 'matched_context': 'shelf', 'prior_weight': 0.8190334374443393, 'score': 0.3153819143772125, 'position': {'x': 15.989999771118164, 'y': 0.9026566743850708, 'z': 2.6541231748955636}, 'count': 1}
{'label': 'pillow', 'matched_context': 'pillow', 'prior_weight': 0.49711985763603495, 'score': 0.20823459327220917, 'position': {'x': -2.4977692365646362, 'y': 0.9026566743850708, 'z': 0.9172738526072377}, 'count': 1}

Top belief nodes:
  0: pos={'x': -1.75, 'y': 0.9026566743850708, 'z': 0.5}, belief=0.769, context=0.769, uncertainty=1.000, negative=0.0
  1: pos={'x': -2.0, 'y': 0.9026566743850708, 'z': 0.5}, belief=0.755, context=0.755, uncertainty=1.000, negative=0.0
  2: pos={'x': -1.5, 'y': 0.9026566743850708, 'z': 0.5}, belief=0.754, context=0.754, uncertainty=1.000, negative=0.0
  3: pos={'x': -1.25, 'y': 0.9026566743850708, 'z': 0.75}, belief=0.747, context=0.747, uncertainty=1.000, negative=0.0
  4: pos={'x': -1.0, 'y': 0.9026566743850708, 'z': 1.0}, belief=0.737, context=0.737, uncertainty=1.000, negative=0.0
  5: pos={'x': -2.25, 'y': 0.9026566743850708, 'z': 0.5}, belief=0.729, context=0.729, uncertainty=1.000, negative=0.0
  6: pos={'x': -1.0, 'y': 0.9026566743850708, 'z': 2.0}, belief=0.725, context=0.725, uncertainty=1.000, negative=0.0
  7: pos={'x': -1.25, 'y': 0.9026566743850708, 'z': 0.5}, belief=0.725, context=0.725, uncertainty=1.000, negative=0.0
  8: pos={'x': -0.75, 'y': 0.9026566743850708, 'z': 1.5}, belief=0.717, context=0.717, uncertainty=1.000, negative=0.0
  9: pos={'x': -1.0, 'y': 0.9026566743850708, 'z': 0.75}, belief=0.716, context=0.716, uncertainty=1.000, negative=0.0

YOLO found stable target at initial area. Now approaching target...

=== Approach Target ===
Stable estimated target position: {'x': -1.9557156562805176, 'y': 0.9026566743850708, 'z': 1.249193025318852, 'depth': 2.0442843437194824}
Selected approach goal: {'x': -2.25, 'y': 0.9026566743850708, 'z': 0.5}
Goal distance to estimated target: 0.805
Approach actions: ['RotateRight', 'MoveAhead', 'RotateLeft', 'MoveAhead', 'MoveAhead', 'RotateRight', 'MoveAhead', 'RotateLeft', 'MoveAhead', 'RotateRight', 'MoveAhead', 'MoveAhead', 'RotateLeft', 'MoveAhead', 'RotateRight', 'MoveAhead', 'MoveAhead', 'MoveAhead', 'MoveAhead', 'MoveAhead', 'MoveAhead', 'MoveAhead', 'RotateRight', 'MoveAhead', 'RotateLeft', 'MoveAhead', 'RotateRight', 'MoveAhead', 'RotateLeft', 'MoveAhead', 'RotateRight', 'MoveAhead', 'MoveAhead', 'MoveAhead', 'MoveAhead', 'RotateRight', 'MoveAhead', 'RotateLeft', 'MoveAhead', 'RotateRight', 'MoveAhead', 'RotateLeft', 'MoveAhead', 'RotateRight', 'MoveAhead', 'MoveAhead', 'MoveAhead', 'MoveAhead']
Number of approach actions: 48
Approach action 0: RotateRight, success=True
Approach action 1: MoveAhead, success=True
Approach action 2: RotateLeft, success=True
Approach action 3: MoveAhead, success=True
Approach action 4: MoveAhead, success=True
Approach action 5: RotateRight, success=True
Approach action 6: MoveAhead, success=True
Approach action 7: RotateLeft, success=True
Approach action 8: MoveAhead, success=True
Approach action 9: RotateRight, success=True
Approach action 10: MoveAhead, success=True
Approach action 11: MoveAhead, success=True
Approach action 12: RotateLeft, success=True
Approach action 13: MoveAhead, success=True
Approach action 14: RotateRight, success=True
Approach action 15: MoveAhead, success=True
Approach action 16: MoveAhead, success=True
Approach action 17: MoveAhead, success=True
Approach action 18: MoveAhead, success=True
Approach action 19: MoveAhead, success=True
Approach action 20: MoveAhead, success=True
Approach action 21: MoveAhead, success=True
Approach action 22: RotateRight, success=True
Approach action 23: MoveAhead, success=True
Approach action 24: RotateLeft, success=True
Approach action 25: MoveAhead, success=True
Approach action 26: RotateRight, success=True
Approach action 27: MoveAhead, success=True
Approach action 28: RotateLeft, success=True
Approach action 29: MoveAhead, success=True
Approach action 30: RotateRight, success=True
Approach action 31: MoveAhead, success=True
Approach action 32: MoveAhead, success=True
Approach action 33: MoveAhead, success=True
Approach action 34: MoveAhead, success=True
Approach action 35: RotateRight, success=True
Approach action 36: MoveAhead, success=True
Approach action 37: RotateLeft, success=True
Approach action 38: MoveAhead, success=True
Approach action 39: RotateRight, success=True
Approach action 40: MoveAhead, success=True
Approach action 41: RotateLeft, success=True
Approach action 42: MoveAhead, success=True
Approach action 43: RotateRight, success=True
Approach action 44: MoveAhead, success=True
Approach action 45: MoveAhead, success=True
Approach action 46: MoveAhead, success=True
Approach action 47: MoveAhead, success=True
Face target action 0: RotateRight, success=True
Final verify 0, action=None, status=not_detected, det=None
Final verify 1, action=LookDown, status=valid, det={'label': 'book', 'score': 0.7312570810317993, 'box': [379.9149169921875, 352.265380859375, 609.0679931640625, 479.51019287109375]}

=== Approach Finished ===
Final agent position: {'x': -2.25, 'y': 0.9026566743850708, 'z': 0.5}
Final distance to estimated target: 0.805
Final YOLO status: valid
Final YOLO target detection: {'label': 'book', 'score': 0.7312570810317993, 'box': [379.9149169921875, 352.265380859375, 609.0679931640625, 479.51019287109375]}

========== Summary ==========
scene: FloorPlan201
target: book
resolved_target: book
success: True
visited_belief_goals: 0
visited_reachable_points: 1
total_actions: 54
num_context_objects: 14
anchor_searches: 0
searched_anchors: 0
save_dir: outputs/batch_spub_20260529_165941/FloorPlan201_book
log_path: outputs/batch_spub_20260529_165941/FloorPlan201_book/run.log
