
=== Scene ===
FloorPlan201

=== Target Query ===
plant

=== Resolved Target Prompt ===
house plant

=== Debug Force Search ===
False

=== Contexts From Semantic Prior ===
window               score=0.748
drawer               score=0.711
side table           score=0.689
painting             score=0.648
laptop               score=0.642
tv                   score=0.632
pillow               score=0.629
box                  score=0.617

=== YOLO Classes ===
['arm chair', 'book', 'box', 'chair', 'coffee table', 'couch', 'desk', 'desk lamp', 'dining table', 'drawer', 'floor lamp', 'house plant', 'lamp', 'laptop', 'monitor', 'newspaper', 'painting', 'pen', 'pencil', 'pillow', 'plant', 'remote control', 'side table', 'sofa', 'table', 'television', 'tv', 'tv stand', 'window']
CloudRendering failed, trying normal rendering.
Reason: Exception('The following builds were found, but had missing dependencies. Only one valid platform is required to run AI2-THOR.\nPlatform CloudRendering failed validation with the following errors: Vulkan API driver missing.\n  CloudRendering requires libvulkan1. Please install by running: sudo apt-get -y install libvulkan1')

=== Initial Pose ===
{'position': {'x': -4.0, 'y': 0.9026566743850708, 'z': 1.5}, 'rotation': {'x': -0.0, 'y': 0.0, 'z': 0.0}, 'camera_horizon': -0.0}

Number of reachable positions: 234

========== Initial YOLO Observation ==========
[Context detected] label=tv, matched_context=tv, raw_prior=0.632, anchor=0.50, effective_prior=0.316, score=0.871
[Context detected] label=pillow, matched_context=pillow, raw_prior=0.629, anchor=0.50, effective_prior=0.315, score=0.758
[Context detected] label=pillow, matched_context=pillow, raw_prior=0.629, anchor=0.50, effective_prior=0.315, score=0.575
[Context detected] label=side table, matched_context=side table, raw_prior=0.689, anchor=1.00, effective_prior=0.689, score=0.334
[Context detected] label=side table, matched_context=side table, raw_prior=0.689, anchor=1.00, effective_prior=0.689, score=0.295
[Context detected] label=box, matched_context=box, raw_prior=0.617, anchor=0.70, effective_prior=0.432, score=0.232
[Target check] target_query=plant, target_prompt=house plant, status=not_detected, det=None
Observe rotation 0:
YOLO detections: [('sofa', 0.892, [373.2, 359.9, 640.0, 480.0]), ('tv stand', 0.876, [409.3, 310.0, 517.3, 386.5]), ('tv', 0.871, [417.4, 249.1, 512.0, 313.6]), ('couch', 0.86, [374.0, 359.5, 640.0, 480.0]), ('sofa', 0.844, [544.4, 295.6, 639.9, 360.7]), ('chair', 0.765, [228.3, 296.2, 347.1, 402.6]), ('pillow', 0.758, [241.0, 296.5, 309.0, 341.8]), ('coffee table', 0.751, [470.9, 346.9, 559.5, 383.3]), ('sofa', 0.628, [228.6, 296.0, 347.1, 402.7]), ('pillow', 0.575, [580.5, 295.9, 639.9, 344.8]), ('side table', 0.334, [355.4, 345.0, 396.8, 383.0]), ('side table', 0.295, [471.0, 345.6, 553.4, 383.9]), ('box', 0.232, [361.6, 345.8, 395.9, 383.0]), ('box', 0.161, [364.8, 356.5, 392.7, 383.4])]
Target status: not_detected
[Context detected] label=laptop, matched_context=laptop, raw_prior=0.642, anchor=0.50, effective_prior=0.321, score=0.901
[Context detected] label=side table, matched_context=side table, raw_prior=0.689, anchor=1.00, effective_prior=0.689, score=0.710
[Context detected] label=side table, matched_context=side table, raw_prior=0.689, anchor=1.00, effective_prior=0.689, score=0.684
[Context detected] label=pillow, matched_context=pillow, raw_prior=0.629, anchor=0.50, effective_prior=0.315, score=0.204
[Target check] target_query=plant, target_prompt=house plant, status=not_detected, det=None
Observe rotation 1:
YOLO detections: [('sofa', 0.962, [0.0, 317.9, 111.0, 479.9]), ('lamp', 0.933, [467.0, 176.0, 532.1, 443.3]), ('laptop', 0.901, [257.4, 343.4, 328.6, 418.0]), ('lamp', 0.828, [65.9, 279.7, 101.3, 338.4]), ('floor lamp', 0.778, [467.1, 175.9, 532.0, 418.4]), ('chair', 0.749, [186.7, 365.3, 233.7, 479.5]), ('desk', 0.744, [566.6, 380.5, 640.0, 479.8]), ('arm chair', 0.736, [307.0, 339.2, 360.1, 383.5]), ('chair', 0.727, [434.7, 368.5, 480.7, 474.0]), ('side table', 0.71, [566.6, 381.1, 640.0, 480.0]), ('desk', 0.692, [85.6, 333.6, 155.8, 421.7]), ('side table', 0.684, [85.8, 333.5, 156.6, 422.3]), ('desk', 0.626, [191.3, 382.4, 487.2, 480.0]), ('book', 0.616, [349.4, 387.1, 427.8, 434.0]), ('arm chair', 0.601, [435.3, 367.5, 480.5, 469.4]), ('chair', 0.432, [307.0, 338.8, 359.9, 383.3]), ('arm chair', 0.263, [111.5, 425.4, 167.7, 479.9]), ('pillow', 0.204, [498.6, 422.0, 572.8, 480.0]), ('arm chair', 0.191, [498.9, 422.0, 572.0, 480.0]), ('sofa', 0.184, [377.0, 423.5, 583.5, 479.9]), ('side table', 0.171, [85.9, 345.9, 109.9, 409.4]), ('floor lamp', 0.168, [471.2, 250.3, 522.7, 441.8]), ('chair', 0.149, [439.1, 422.3, 579.4, 480.0]), ('chair', 0.124, [106.3, 425.2, 238.7, 479.9])]
Target status: not_detected
[Target check] target_query=plant, target_prompt=house plant, status=valid, det={'label': 'house plant', 'score': 0.32068997621536255, 'box': [0.2845916748046875, 347.31866455078125, 153.56539916992188, 479.95672607421875]}
Observe rotation 2:
YOLO detections: [('house plant', 0.321, [0.3, 347.3, 153.6, 480.0]), ('house plant', 0.24, [0.7, 363.3, 119.0, 480.0])]
Target status: valid
[Target check] target_query=plant, target_prompt=house plant, status=not_detected, det=None
Observe rotation 3:
YOLO detections: []
Target status: not_detected
Stable target position from multi-view YOLO-depth: {'x': -3.201432405823427, 'y': 0.9026566743850708, 'z': -0.3139798641204834, 'depth': 1.8139798641204834}
Best target detection: {'label': 'house plant', 'score': 0.32068997621536255, 'box': [0.2845916748046875, 347.31866455078125, 153.56539916992188, 479.95672607421875]}
Initial observed context objects:
{'label': 'tv', 'matched_context': 'tv', 'prior_weight': 0.3160715827005846, 'score': 0.8713081479072571, 'position': {'x': -2.772467984614349, 'y': 0.9026566743850708, 'z': 6.224772930145264}, 'count': 1}
{'label': 'pillow', 'matched_context': 'pillow', 'prior_weight': 0.3145028277380711, 'score': 0.7577208876609802, 'position': {'x': -4.386891722603357, 'y': 0.9026566743850708, 'z': 6.161677360534668}, 'count': 1}
{'label': 'pillow', 'matched_context': 'pillow', 'prior_weight': 0.3145028277380711, 'score': 0.5749562978744507, 'position': {'x': -1.563191861483677, 'y': 0.9026566743850708, 'z': 6.173412322998047}, 'count': 1}
{'label': 'side table', 'matched_context': 'side table', 'prior_weight': 0.6885746853542192, 'score': 0.33437928557395935, 'position': {'x': -3.5457202267502423, 'y': 0.9026566743850708, 'z': 6.077952861785889}, 'count': 1}
{'label': 'side table', 'matched_context': 'side table', 'prior_weight': 0.6885746853542192, 'score': 0.29482191801071167, 'position': {'x': -2.889034112315417, 'y': 0.9026566743850708, 'z': 4.707082271575928}, 'count': 1}
{'label': 'box', 'matched_context': 'box', 'prior_weight': 0.4316793291713396, 'score': 0.23176921904087067, 'position': {'x': -3.520941330027528, 'y': 0.9026566743850708, 'z': 6.077952861785889}, 'count': 1}
{'label': 'laptop', 'matched_context': 'laptop', 'prior_weight': 0.32088580646147535, 'score': 0.9014105796813965, 'position': {'x': -1.5499544143676758, 'y': 0.9026566743850708, 'z': 1.623771766859272}, 'count': 1}
{'label': 'side table', 'matched_context': 'side table', 'prior_weight': 0.6885746853542192, 'score': 0.709922194480896, 'position': {'x': -1.7020659446716309, 'y': 0.9026566743850708, 'z': 0.3308343049702395}, 'count': 1}
{'label': 'side table', 'matched_context': 'side table', 'prior_weight': 0.6885746853542192, 'score': 0.6841505169868469, 'position': {'x': -0.14058351516723633, 'y': 0.9026566743850708, 'z': 2.892646966520672}, 'count': 1}
{'label': 'pillow', 'matched_context': 'pillow', 'prior_weight': 0.3145028277380711, 'score': 0.20397575199604034, 'position': {'x': -2.4977692365646362, 'y': 0.9026566743850708, 'z': 0.9172738526072377}, 'count': 1}

Top belief nodes:
  0: pos={'x': -1.75, 'y': 0.9026566743850708, 'z': 0.5}, belief=0.402, context=0.402, uncertainty=1.000, negative=0.0
  1: pos={'x': -3.25, 'y': 0.9026566743850708, 'z': 5.75}, belief=0.394, context=0.394, uncertainty=1.000, negative=0.0
  2: pos={'x': -3.5, 'y': 0.9026566743850708, 'z': 5.75}, belief=0.392, context=0.392, uncertainty=1.000, negative=0.0
  3: pos={'x': -3.0, 'y': 0.9026566743850708, 'z': 5.75}, belief=0.391, context=0.391, uncertainty=1.000, negative=0.0
  4: pos={'x': -1.5, 'y': 0.9026566743850708, 'z': 0.5}, belief=0.389, context=0.389, uncertainty=1.000, negative=0.0
  5: pos={'x': -2.75, 'y': 0.9026566743850708, 'z': 5.75}, belief=0.382, context=0.382, uncertainty=1.000, negative=0.0
  6: pos={'x': -3.25, 'y': 0.9026566743850708, 'z': 5.5}, belief=0.377, context=0.377, uncertainty=1.000, negative=0.0
  7: pos={'x': -3.0, 'y': 0.9026566743850708, 'z': 5.5}, belief=0.376, context=0.376, uncertainty=1.000, negative=0.0
  8: pos={'x': -2.0, 'y': 0.9026566743850708, 'z': 0.5}, belief=0.374, context=0.374, uncertainty=1.000, negative=0.0
  9: pos={'x': -3.5, 'y': 0.9026566743850708, 'z': 5.5}, belief=0.371, context=0.371, uncertainty=1.000, negative=0.0

YOLO found stable target at initial area. Now approaching target...

=== Approach Target ===
Stable estimated target position: {'x': -3.201432405823427, 'y': 0.9026566743850708, 'z': -0.3139798641204834, 'depth': 1.8139798641204834}
Selected approach goal: {'x': -3.5, 'y': 0.9026566743850708, 'z': 0.5}
Goal distance to estimated target: 0.867
Approach actions: ['RotateRight', 'RotateRight', 'MoveAhead', 'MoveAhead', 'MoveAhead', 'MoveAhead', 'RotateLeft', 'MoveAhead', 'MoveAhead']
Number of approach actions: 9
Approach action 0: RotateRight, success=True
Approach action 1: RotateRight, success=True
Approach action 2: MoveAhead, success=True
Approach action 3: MoveAhead, success=True
Approach action 4: MoveAhead, success=True
Approach action 5: MoveAhead, success=True
Approach action 6: RotateLeft, success=True
Approach action 7: MoveAhead, success=True
Approach action 8: MoveAhead, success=True
Face target action 0: RotateRight, success=True
Final verify 0, action=None, status=not_detected, det=None
Final verify 1, action=LookDown, status=valid, det={'label': 'plant', 'score': 0.3347896635532379, 'box': [0.0, 287.90374755859375, 171.45223999023438, 479.34136962890625]}

=== Approach Finished ===
Final agent position: {'x': -3.5, 'y': 0.9026566743850708, 'z': 0.5}
Final distance to estimated target: 0.867
Final YOLO status: valid
Final YOLO target detection: {'label': 'plant', 'score': 0.3347896635532379, 'box': [0.0, 287.90374755859375, 171.45223999023438, 479.34136962890625]}

========== Summary ==========
scene: FloorPlan201
target: plant
resolved_target: house plant
success: True
visited_belief_goals: 0
visited_reachable_points: 1
total_actions: 15
num_context_objects: 10
anchor_searches: 0
searched_anchors: 0
save_dir: outputs/batch_spub_20260529_165941/FloorPlan201_plant
log_path: outputs/batch_spub_20260529_165941/FloorPlan201_plant/run.log
