
=== Scene ===
FloorPlan205

=== Target Query ===
coffee table

=== Resolved Target Prompt ===
coffee table

=== Debug Force Search ===
False

=== Contexts From Semantic Prior ===
sofa                 score=0.914
pillow               score=0.836
tv                   score=0.825
box                  score=0.815
laptop               score=0.800
house plant          score=0.720
arm chair            score=0.698
painting             score=0.678

=== YOLO Classes ===
['arm chair', 'book', 'box', 'chair', 'coffee table', 'couch', 'desk', 'desk lamp', 'dining table', 'floor lamp', 'house plant', 'lamp', 'laptop', 'monitor', 'newspaper', 'painting', 'pen', 'pencil', 'pillow', 'plant', 'remote control', 'side table', 'sofa', 'table', 'television', 'tv', 'tv stand']
CloudRendering failed, trying normal rendering.
Reason: Exception('The following builds were found, but had missing dependencies. Only one valid platform is required to run AI2-THOR.\nPlatform CloudRendering failed validation with the following errors: Vulkan API driver missing.\n  CloudRendering requires libvulkan1. Please install by running: sudo apt-get -y install libvulkan1')

=== Initial Pose ===
{'position': {'x': -3.0, 'y': 0.9011250734329224, 'z': 2.0}, 'rotation': {'x': -0.0, 'y': 90.0, 'z': 0.0}, 'camera_horizon': -0.0}

Number of reachable positions: 297

========== Initial YOLO Observation ==========
[Context detected] label=laptop, matched_context=laptop, raw_prior=0.800, anchor=0.70, effective_prior=0.560, score=0.874
[Context detected] label=chair, matched_context=arm chair, raw_prior=0.698, anchor=0.70, effective_prior=0.489, score=0.826
[Context detected] label=arm chair, matched_context=arm chair, raw_prior=0.698, anchor=0.70, effective_prior=0.489, score=0.389
[Context detected] label=chair, matched_context=arm chair, raw_prior=0.698, anchor=0.70, effective_prior=0.489, score=0.247
[Context detected] label=chair, matched_context=arm chair, raw_prior=0.698, anchor=0.70, effective_prior=0.489, score=0.188
[Target check] target_query=coffee table, target_prompt=coffee table, status=not_detected, det=None
Observe rotation 0:
YOLO detections: [('lamp', 0.922, [93.5, 303.7, 147.4, 390.0]), ('lamp', 0.907, [495.3, 0.3, 583.1, 234.2]), ('laptop', 0.874, [405.4, 396.0, 566.1, 479.9]), ('chair', 0.826, [408.8, 356.8, 498.4, 414.6]), ('desk', 0.759, [2.9, 374.5, 187.6, 480.0]), ('desk', 0.707, [353.1, 412.5, 640.0, 480.0]), ('lamp', 0.448, [496.3, 181.4, 615.0, 419.0]), ('arm chair', 0.389, [305.9, 403.4, 354.5, 480.0]), ('book', 0.387, [51.7, 374.9, 89.6, 385.9]), ('chair', 0.247, [304.8, 403.3, 378.0, 479.9]), ('chair', 0.188, [301.7, 405.3, 405.0, 479.9]), ('house plant', 0.177, [496.2, 183.1, 615.2, 419.1]), ('chair', 0.164, [304.2, 403.2, 454.1, 480.0]), ('lamp', 0.16, [124.0, 438.9, 150.7, 479.7]), ('house plant', 0.148, [0.2, 307.3, 61.2, 385.2])]
Target status: not_detected
[Target check] target_query=coffee table, target_prompt=coffee table, status=not_detected, det=None
Observe rotation 1:
YOLO detections: [('lamp', 0.161, [480.6, 341.8, 520.2, 359.3])]
Target status: not_detected
[Target check] target_query=coffee table, target_prompt=coffee table, status=not_detected, det=None
Observe rotation 2:
YOLO detections: []
Target status: not_detected
[Context detected] label=sofa, matched_context=sofa, raw_prior=0.914, anchor=1.00, effective_prior=0.914, score=0.879
[Context detected] label=tv, matched_context=tv, raw_prior=0.825, anchor=1.00, effective_prior=0.825, score=0.798
[Context detected] label=chair, matched_context=arm chair, raw_prior=0.698, anchor=0.70, effective_prior=0.489, score=0.680
[Context detected] label=box, matched_context=box, raw_prior=0.815, anchor=0.50, effective_prior=0.407, score=0.423
[Context detected] label=arm chair, matched_context=arm chair, raw_prior=0.698, anchor=0.70, effective_prior=0.489, score=0.395
[Context detected] label=sofa, matched_context=sofa, raw_prior=0.914, anchor=1.00, effective_prior=0.914, score=0.385
[Context detected] label=arm chair, matched_context=arm chair, raw_prior=0.698, anchor=0.70, effective_prior=0.489, score=0.279
[Context detected] label=sofa, matched_context=sofa, raw_prior=0.914, anchor=1.00, effective_prior=0.914, score=0.187
[Target check] target_query=coffee table, target_prompt=coffee table, status=not_detected, det=None
Observe rotation 3:
YOLO detections: [('sofa', 0.879, [0.0, 310.3, 226.1, 480.0]), ('tv', 0.798, [252.7, 245.7, 352.3, 306.4]), ('side table', 0.747, [377.7, 302.0, 428.0, 384.9]), ('chair', 0.68, [45.1, 401.8, 281.1, 480.0]), ('box', 0.423, [428.8, 354.9, 460.4, 383.6]), ('arm chair', 0.395, [47.2, 402.0, 279.4, 480.0]), ('sofa', 0.385, [314.3, 423.0, 511.7, 480.0]), ('tv stand', 0.347, [247.1, 313.4, 356.7, 382.7]), ('arm chair', 0.279, [230.3, 406.0, 279.4, 479.7]), ('sofa', 0.187, [495.1, 438.6, 640.0, 480.0]), ('arm chair', 0.166, [314.7, 438.0, 366.7, 480.0]), ('desk', 0.154, [583.0, 233.8, 640.0, 454.1]), ('side table', 0.128, [355.4, 424.5, 503.6, 479.9]), ('sofa', 0.12, [327.2, 440.0, 639.8, 480.0])]
Target status: not_detected
Initial observed context objects:
{'label': 'laptop', 'matched_context': 'laptop', 'prior_weight': 0.5596541048319665, 'score': 0.874000608921051, 'position': {'x': -1.4939478635787964, 'y': 0.9011250734329224, 'z': 1.5516539529621727}, 'count': 1}
{'label': 'chair', 'matched_context': 'arm chair', 'prior_weight': 0.4889098683626692, 'score': 0.8259538412094116, 'position': {'x': -0.849668025970459, 'y': 0.9011250734329224, 'z': 1.4840037470029661}, 'count': 1}
{'label': 'arm chair', 'matched_context': 'arm chair', 'prior_weight': 0.4889098683626692, 'score': 0.38875535130500793, 'position': {'x': -1.3677142262458801, 'y': 0.9011250734329224, 'z': 1.9570193962751925}, 'count': 2}
{'label': 'chair', 'matched_context': 'arm chair', 'prior_weight': 0.4889098683626692, 'score': 0.1880757063627243, 'position': {'x': -0.016481876373291016, 'y': 0.9011250734329224, 'z': 1.8277465008191995}, 'count': 1}
{'label': 'sofa', 'matched_context': 'sofa', 'prior_weight': 0.9144684640902234, 'score': 0.8790745735168457, 'position': {'x': -3.978436655564733, 'y': 0.9011250734329224, 'z': 4.619829177856445}, 'count': 1}
{'label': 'tv', 'matched_context': 'tv', 'prior_weight': 0.8247200883115978, 'score': 0.7980524897575378, 'position': {'x': -3.1535870833740436, 'y': 0.9011250734329224, 'z': 6.729255676269531}, 'count': 1}
{'label': 'chair', 'matched_context': 'arm chair', 'prior_weight': 0.4889098683626692, 'score': 0.6804484724998474, 'position': {'x': -3.2965767272561153, 'y': 0.9011250734329224, 'z': 3.3536765972773233}, 'count': 3}
{'label': 'box', 'matched_context': 'box', 'prior_weight': 0.40727333419063405, 'score': 0.4225683808326721, 'position': {'x': -1.9574195952359537, 'y': 0.9011250734329224, 'z': 6.660134792327881}, 'count': 1}
{'label': 'sofa', 'matched_context': 'sofa', 'prior_weight': 0.9144684640902234, 'score': 0.38486361503601074, 'position': {'x': -2.5989076189225, 'y': 0.9011250734329224, 'z': 4.416390895843506}, 'count': 1}
{'label': 'sofa', 'matched_context': 'sofa', 'prior_weight': 0.9144684640902234, 'score': 0.1872674822807312, 'position': {'x': -2.16325163353621, 'y': 0.9011250734329224, 'z': 3.8776235580444336}, 'count': 1}

Top belief nodes:
  0: pos={'x': -3.75, 'y': 0.9011250734329224, 'z': 4.5}, belief=0.651, context=0.651, uncertainty=1.000, negative=0.0
  1: pos={'x': -3.75, 'y': 0.9011250734329224, 'z': 4.75}, belief=0.644, context=0.644, uncertainty=1.000, negative=0.0
  2: pos={'x': -3.5, 'y': 0.9011250734329224, 'z': 4.5}, belief=0.629, context=0.629, uncertainty=1.000, negative=0.0
  3: pos={'x': -3.75, 'y': 0.9011250734329224, 'z': 4.25}, belief=0.628, context=0.628, uncertainty=1.000, negative=0.0
  4: pos={'x': -3.5, 'y': 0.9011250734329224, 'z': 4.25}, belief=0.622, context=0.622, uncertainty=1.000, negative=0.0
  5: pos={'x': -3.5, 'y': 0.9011250734329224, 'z': 4.75}, belief=0.621, context=0.621, uncertainty=1.000, negative=0.0
  6: pos={'x': -3.25, 'y': 0.9011250734329224, 'z': 4.25}, belief=0.614, context=0.614, uncertainty=1.000, negative=0.0
  7: pos={'x': -3.25, 'y': 0.9011250734329224, 'z': 4.5}, belief=0.614, context=0.614, uncertainty=1.000, negative=0.0
  8: pos={'x': -3.75, 'y': 0.9011250734329224, 'z': 5.0}, belief=0.608, context=0.608, uncertainty=1.000, negative=0.0
  9: pos={'x': -3.0, 'y': 0.9011250734329224, 'z': 4.25}, belief=0.608, context=0.608, uncertainty=1.000, negative=0.0

Top belief nodes:
  0: pos={'x': -3.75, 'y': 0.9011250734329224, 'z': 4.5}, belief=0.651, context=0.651, uncertainty=1.000, negative=0.0
  1: pos={'x': -3.75, 'y': 0.9011250734329224, 'z': 4.75}, belief=0.644, context=0.644, uncertainty=1.000, negative=0.0
  2: pos={'x': -3.5, 'y': 0.9011250734329224, 'z': 4.5}, belief=0.629, context=0.629, uncertainty=1.000, negative=0.0
  3: pos={'x': -3.75, 'y': 0.9011250734329224, 'z': 4.25}, belief=0.628, context=0.628, uncertainty=1.000, negative=0.0
  4: pos={'x': -3.5, 'y': 0.9011250734329224, 'z': 4.25}, belief=0.622, context=0.622, uncertainty=1.000, negative=0.0

========== Belief Goal 0 ==========
Current position: {'x': -3.0, 'y': 0.9011250734329224, 'z': 2.0}
Selected goal: {'x': -1.25, 'y': 0.9011250734329224, 'z': 2.5}
Goal info: {'belief': 0.4997699521882959, 'uncertainty': 1.0, 'context_score': 0.4997699521882959, 'path_cost': 11, 'seen_count': 0.0, 'negative_count': 0.0, 'visit_count': 0.0, 'score': 6.09723942625955}
Observed context objects:
{'label': 'laptop', 'matched_context': 'laptop', 'prior_weight': 0.5596541048319665, 'score': 0.874000608921051, 'position': {'x': -1.4939478635787964, 'y': 0.9011250734329224, 'z': 1.5516539529621727}, 'count': 1}
{'label': 'chair', 'matched_context': 'arm chair', 'prior_weight': 0.4889098683626692, 'score': 0.8259538412094116, 'position': {'x': -0.849668025970459, 'y': 0.9011250734329224, 'z': 1.4840037470029661}, 'count': 1}
{'label': 'arm chair', 'matched_context': 'arm chair', 'prior_weight': 0.4889098683626692, 'score': 0.38875535130500793, 'position': {'x': -1.3677142262458801, 'y': 0.9011250734329224, 'z': 1.9570193962751925}, 'count': 2}
{'label': 'chair', 'matched_context': 'arm chair', 'prior_weight': 0.4889098683626692, 'score': 0.1880757063627243, 'position': {'x': -0.016481876373291016, 'y': 0.9011250734329224, 'z': 1.8277465008191995}, 'count': 1}
{'label': 'sofa', 'matched_context': 'sofa', 'prior_weight': 0.9144684640902234, 'score': 0.8790745735168457, 'position': {'x': -3.978436655564733, 'y': 0.9011250734329224, 'z': 4.619829177856445}, 'count': 1}
{'label': 'tv', 'matched_context': 'tv', 'prior_weight': 0.8247200883115978, 'score': 0.7980524897575378, 'position': {'x': -3.1535870833740436, 'y': 0.9011250734329224, 'z': 6.729255676269531}, 'count': 1}
{'label': 'chair', 'matched_context': 'arm chair', 'prior_weight': 0.4889098683626692, 'score': 0.6804484724998474, 'position': {'x': -3.2965767272561153, 'y': 0.9011250734329224, 'z': 3.3536765972773233}, 'count': 3}
{'label': 'box', 'matched_context': 'box', 'prior_weight': 0.40727333419063405, 'score': 0.4225683808326721, 'position': {'x': -1.9574195952359537, 'y': 0.9011250734329224, 'z': 6.660134792327881}, 'count': 1}
{'label': 'sofa', 'matched_context': 'sofa', 'prior_weight': 0.9144684640902234, 'score': 0.38486361503601074, 'position': {'x': -2.5989076189225, 'y': 0.9011250734329224, 'z': 4.416390895843506}, 'count': 1}
{'label': 'sofa', 'matched_context': 'sofa', 'prior_weight': 0.9144684640902234, 'score': 0.1872674822807312, 'position': {'x': -2.16325163353621, 'y': 0.9011250734329224, 'z': 3.8776235580444336}, 'count': 1}
Planned actions: ['RotateLeft', 'MoveAhead', 'MoveAhead', 'RotateRight', 'MoveAhead', 'MoveAhead', 'MoveAhead', 'MoveAhead', 'MoveAhead', 'MoveAhead', 'MoveAhead']
Number of actions: 11
Goal 0, action 0: RotateLeft, success=True
[Context detected] label=sofa, matched_context=sofa, raw_prior=0.914, anchor=1.00, effective_prior=0.914, score=0.879
[Context detected] label=tv, matched_context=tv, raw_prior=0.825, anchor=1.00, effective_prior=0.825, score=0.798
[Context detected] label=chair, matched_context=arm chair, raw_prior=0.698, anchor=0.70, effective_prior=0.489, score=0.680
[Context detected] label=box, matched_context=box, raw_prior=0.815, anchor=0.50, effective_prior=0.407, score=0.423
[Context detected] label=arm chair, matched_context=arm chair, raw_prior=0.698, anchor=0.70, effective_prior=0.489, score=0.395
[Context detected] label=sofa, matched_context=sofa, raw_prior=0.914, anchor=1.00, effective_prior=0.914, score=0.385
[Context detected] label=arm chair, matched_context=arm chair, raw_prior=0.698, anchor=0.70, effective_prior=0.489, score=0.279
[Context detected] label=sofa, matched_context=sofa, raw_prior=0.914, anchor=1.00, effective_prior=0.914, score=0.187
[Target check] target_query=coffee table, target_prompt=coffee table, status=not_detected, det=None
Move-time YOLO target status: not_detected
Goal 0, action 1: MoveAhead, success=True
[Context detected] label=sofa, matched_context=sofa, raw_prior=0.914, anchor=1.00, effective_prior=0.914, score=0.896
[Context detected] label=tv, matched_context=tv, raw_prior=0.825, anchor=1.00, effective_prior=0.825, score=0.877
[Context detected] label=couch, matched_context=sofa, raw_prior=0.914, anchor=1.00, effective_prior=0.914, score=0.832
[Context detected] label=arm chair, matched_context=arm chair, raw_prior=0.698, anchor=0.70, effective_prior=0.489, score=0.356
[Context detected] label=box, matched_context=box, raw_prior=0.815, anchor=0.50, effective_prior=0.407, score=0.311
[Context detected] label=pillow, matched_context=pillow, raw_prior=0.836, anchor=1.00, effective_prior=0.836, score=0.303
[Target check] target_query=coffee table, target_prompt=coffee table, status=not_detected, det=None
Move-time YOLO target status: not_detected
Goal 0, action 2: MoveAhead, success=True
[Context detected] label=couch, matched_context=sofa, raw_prior=0.914, anchor=1.00, effective_prior=0.914, score=0.935
[Context detected] label=tv, matched_context=tv, raw_prior=0.825, anchor=1.00, effective_prior=0.825, score=0.887
[Context detected] label=box, matched_context=box, raw_prior=0.815, anchor=0.50, effective_prior=0.407, score=0.444
[Context detected] label=pillow, matched_context=pillow, raw_prior=0.836, anchor=1.00, effective_prior=0.836, score=0.309
[Target check] target_query=coffee table, target_prompt=coffee table, status=not_detected, det=None
Move-time YOLO target status: not_detected
Goal 0, action 3: RotateRight, success=True
[Context detected] label=laptop, matched_context=laptop, raw_prior=0.800, anchor=0.70, effective_prior=0.560, score=0.930
[Context detected] label=chair, matched_context=arm chair, raw_prior=0.698, anchor=0.70, effective_prior=0.489, score=0.822
[Context detected] label=arm chair, matched_context=arm chair, raw_prior=0.698, anchor=0.70, effective_prior=0.489, score=0.180
[Target check] target_query=coffee table, target_prompt=coffee table, status=not_detected, det=None
Move-time YOLO target status: not_detected
Goal 0, action 4: MoveAhead, success=True
[Context detected] label=chair, matched_context=arm chair, raw_prior=0.698, anchor=0.70, effective_prior=0.489, score=0.833
[Context detected] label=arm chair, matched_context=arm chair, raw_prior=0.698, anchor=0.70, effective_prior=0.489, score=0.208
[Context detected] label=house plant, matched_context=house plant, raw_prior=0.720, anchor=0.50, effective_prior=0.360, score=0.197
[Target check] target_query=coffee table, target_prompt=coffee table, status=not_detected, det=None
Move-time YOLO target status: not_detected
Goal 0, action 5: MoveAhead, success=True
[Context detected] label=chair, matched_context=arm chair, raw_prior=0.698, anchor=0.70, effective_prior=0.489, score=0.627
[Context detected] label=house plant, matched_context=house plant, raw_prior=0.720, anchor=0.50, effective_prior=0.360, score=0.283
[Target check] target_query=coffee table, target_prompt=coffee table, status=not_detected, det=None
Move-time YOLO target status: not_detected
Goal 0, action 6: MoveAhead, success=True
[Context detected] label=house plant, matched_context=house plant, raw_prior=0.720, anchor=0.50, effective_prior=0.360, score=0.392
[Target check] target_query=coffee table, target_prompt=coffee table, status=not_detected, det=None
Move-time YOLO target status: not_detected
Goal 0, action 7: MoveAhead, success=True
[Target check] target_query=coffee table, target_prompt=coffee table, status=not_detected, det=None
Move-time YOLO target status: not_detected
Goal 0, action 8: MoveAhead, success=True
[Target check] target_query=coffee table, target_prompt=coffee table, status=not_detected, det=None
Move-time YOLO target status: not_detected
Goal 0, action 9: MoveAhead, success=True
[Target check] target_query=coffee table, target_prompt=coffee table, status=not_detected, det=None
Move-time YOLO target status: not_detected
Goal 0, action 10: MoveAhead, success=True
[Target check] target_query=coffee table, target_prompt=coffee table, status=not_detected, det=None
Move-time YOLO target status: not_detected
[Target check] target_query=coffee table, target_prompt=coffee table, status=not_detected, det=None
Observe rotation 0:
YOLO detections: []
Target status: not_detected
[Context detected] label=television, matched_context=tv, raw_prior=0.825, anchor=1.00, effective_prior=0.825, score=0.881
[Context detected] label=house plant, matched_context=house plant, raw_prior=0.720, anchor=0.50, effective_prior=0.360, score=0.390
[Target check] target_query=coffee table, target_prompt=coffee table, status=not_detected, det=None
Observe rotation 1:
YOLO detections: [('lamp', 0.891, [406.4, 0.0, 491.8, 233.0]), ('television', 0.881, [403.0, 438.1, 509.4, 480.0]), ('house plant', 0.39, [70.8, 175.1, 161.2, 479.6]), ('desk', 0.25, [191.6, 431.6, 617.9, 480.0]), ('lamp', 0.157, [406.9, 171.4, 490.7, 234.0])]
Target status: not_detected
[Context detected] label=sofa, matched_context=sofa, raw_prior=0.914, anchor=1.00, effective_prior=0.914, score=0.766
[Context detected] label=chair, matched_context=arm chair, raw_prior=0.698, anchor=0.70, effective_prior=0.489, score=0.629
[Context detected] label=sofa, matched_context=sofa, raw_prior=0.914, anchor=1.00, effective_prior=0.914, score=0.616
[Context detected] label=sofa, matched_context=sofa, raw_prior=0.914, anchor=1.00, effective_prior=0.914, score=0.477
[Context detected] label=pillow, matched_context=pillow, raw_prior=0.836, anchor=1.00, effective_prior=0.836, score=0.408
[Context detected] label=pillow, matched_context=pillow, raw_prior=0.836, anchor=1.00, effective_prior=0.836, score=0.345
[Target check] target_query=coffee table, target_prompt=coffee table, status=not_detected, det=None
Observe rotation 2:
YOLO detections: [('lamp', 0.904, [432.1, 204.9, 496.0, 333.3]), ('sofa', 0.766, [496.8, 320.9, 639.7, 458.7]), ('chair', 0.629, [440.9, 327.7, 616.7, 479.9]), ('sofa', 0.616, [442.2, 325.9, 616.0, 478.7]), ('sofa', 0.477, [480.9, 437.3, 640.0, 480.0]), ('pillow', 0.408, [550.4, 375.1, 617.1, 397.3]), ('pillow', 0.345, [481.8, 437.7, 563.2, 479.9]), ('side table', 0.319, [479.7, 339.9, 519.2, 361.0]), ('side table', 0.253, [453.1, 465.7, 501.8, 480.0]), ('sofa', 0.17, [499.1, 321.7, 640.0, 389.8]), ('pillow', 0.142, [480.4, 437.1, 640.0, 480.0])]
Target status: not_detected
[Context detected] label=tv, matched_context=tv, raw_prior=0.825, anchor=1.00, effective_prior=0.825, score=0.889
[Context detected] label=sofa, matched_context=sofa, raw_prior=0.914, anchor=1.00, effective_prior=0.914, score=0.408
[Context detected] label=sofa, matched_context=sofa, raw_prior=0.914, anchor=1.00, effective_prior=0.914, score=0.290
[Context detected] label=couch, matched_context=sofa, raw_prior=0.914, anchor=1.00, effective_prior=0.914, score=0.270
[Context detected] label=box, matched_context=box, raw_prior=0.815, anchor=0.50, effective_prior=0.407, score=0.214
[Context detected] label=tv, matched_context=tv, raw_prior=0.825, anchor=1.00, effective_prior=0.825, score=0.200
[Target check] target_query=coffee table, target_prompt=coffee table, status=not_detected, det=None
Observe rotation 3:
YOLO detections: [('side table', 0.892, [210.7, 308.7, 266.6, 402.1]), ('tv', 0.889, [74.6, 247.5, 186.2, 315.7]), ('side table', 0.599, [0.0, 334.3, 18.1, 428.0]), ('sofa', 0.408, [0.0, 334.8, 18.8, 434.8]), ('tv stand', 0.361, [61.7, 320.8, 194.8, 399.5]), ('side table', 0.361, [588.9, 444.2, 640.0, 480.0]), ('sofa', 0.29, [0.0, 327.4, 19.8, 473.2]), ('couch', 0.27, [0.0, 334.8, 18.9, 433.9]), ('box', 0.214, [264.7, 368.1, 298.5, 402.6]), ('tv', 0.2, [474.1, 303.1, 531.6, 449.6]), ('house plant', 0.166, [560.2, 359.2, 640.0, 461.5]), ('sofa', 0.141, [0.0, 279.0, 19.2, 439.6]), ('painting', 0.135, [470.6, 86.1, 532.0, 231.5]), ('television', 0.135, [473.7, 303.2, 531.8, 448.9])]
Target status: not_detected

Top belief nodes:
  0: pos={'x': -3.75, 'y': 0.9011250734329224, 'z': 4.75}, belief=0.939, context=0.939, uncertainty=1.000, negative=0.0
  1: pos={'x': -3.75, 'y': 0.9011250734329224, 'z': 4.5}, belief=0.932, context=0.932, uncertainty=1.000, negative=0.0
  2: pos={'x': -3.75, 'y': 0.9011250734329224, 'z': 5.0}, belief=0.930, context=0.930, uncertainty=1.000, negative=0.0
  3: pos={'x': -3.75, 'y': 0.9011250734329224, 'z': 4.25}, belief=0.926, context=0.926, uncertainty=1.000, negative=0.0
  4: pos={'x': -3.5, 'y': 0.9011250734329224, 'z': 4.5}, belief=0.922, context=0.922, uncertainty=1.000, negative=0.0

========== Belief Goal 1 ==========
Current position: {'x': -1.25, 'y': 0.9011250734329224, 'z': 2.5}
Selected goal: {'x': -3.75, 'y': 0.9011250734329224, 'z': 5.0}
Goal info: {'belief': 0.9301152120595377, 'uncertainty': 1.0, 'context_score': 0.9301152120595377, 'path_cost': 26, 'seen_count': 0.0, 'negative_count': 0.0, 'visit_count': 0.0, 'score': 9.761382544714452}
Observed context objects:
{'label': 'laptop', 'matched_context': 'laptop', 'prior_weight': 0.5596541048319665, 'score': 0.874000608921051, 'position': {'x': -1.4939478635787964, 'y': 0.9011250734329224, 'z': 1.5516539529621727}, 'count': 1}
{'label': 'chair', 'matched_context': 'arm chair', 'prior_weight': 0.4889098683626692, 'score': 0.8325809836387634, 'position': {'x': -0.850075751543045, 'y': 0.9011250734329224, 'z': 1.5712861299698648}, 'count': 4}
{'label': 'arm chair', 'matched_context': 'arm chair', 'prior_weight': 0.4889098683626692, 'score': 0.38875535130500793, 'position': {'x': -1.4423853158950806, 'y': 0.9011250734329224, 'z': 2.0160529543887695}, 'count': 3}
{'label': 'chair', 'matched_context': 'arm chair', 'prior_weight': 0.4889098683626692, 'score': 0.20776987075805664, 'position': {'x': -0.020880937576293945, 'y': 0.9011250734329224, 'z': 1.7189758651955773}, 'count': 2}
{'label': 'sofa', 'matched_context': 'sofa', 'prior_weight': 0.9144684640902234, 'score': 0.9354683756828308, 'position': {'x': -4.004604001155624, 'y': 0.9011250734329224, 'z': 4.851250028610229}, 'count': 5}
{'label': 'tv', 'matched_context': 'tv', 'prior_weight': 0.8247200883115978, 'score': 0.88925701379776, 'position': {'x': -3.0610378470008808, 'y': 0.9011250734329224, 'z': 6.729395866394043}, 'count': 5}
{'label': 'chair', 'matched_context': 'arm chair', 'prior_weight': 0.4889098683626692, 'score': 0.6804484724998474, 'position': {'x': -3.302646909634075, 'y': 0.9011250734329224, 'z': 3.32803785241646}, 'count': 8}
{'label': 'box', 'matched_context': 'box', 'prior_weight': 0.40727333419063405, 'score': 0.4442652761936188, 'position': {'x': -1.874783614444959, 'y': 0.9011250734329224, 'z': 6.644188404083252}, 'count': 5}
{'label': 'sofa', 'matched_context': 'sofa', 'prior_weight': 0.9144684640902234, 'score': 0.38486361503601074, 'position': {'x': -2.5989076189225, 'y': 0.9011250734329224, 'z': 4.416390895843506}, 'count': 2}
{'label': 'sofa', 'matched_context': 'sofa', 'prior_weight': 0.9144684640902234, 'score': 0.1872674822807312, 'position': {'x': -2.16325163353621, 'y': 0.9011250734329224, 'z': 3.8776235580444336}, 'count': 2}
{'label': 'pillow', 'matched_context': 'pillow', 'prior_weight': 0.8355058640456664, 'score': 0.4081436097621918, 'position': {'x': -4.0279852877494555, 'y': 0.9011250734329224, 'z': 4.231743271971086}, 'count': 3}
{'label': 'laptop', 'matched_context': 'laptop', 'prior_weight': 0.5596541048319665, 'score': 0.9297053813934326, 'position': {'x': -0.8780031204223633, 'y': 0.9011250734329224, 'z': 1.435663560747041}, 'count': 1}
{'label': 'house plant', 'matched_context': 'house plant', 'prior_weight': 0.3601024926441225, 'score': 0.3924809992313385, 'position': {'x': -0.0006933212280273438, 'y': 0.9011250734329224, 'z': 3.699023500546313}, 'count': 3}
{'label': 'television', 'matched_context': 'tv', 'prior_weight': 0.8247200883115978, 'score': 0.8812698125839233, 'position': {'x': -1.5320569384170297, 'y': 0.9011250734329224, 'z': 1.350501298904419}, 'count': 1}
{'label': 'house plant', 'matched_context': 'house plant', 'prior_weight': 0.3601024926441225, 'score': 0.3901923894882202, 'position': {'x': -0.32868928360953026, 'y': 0.9011250734329224, 'z': 0.00906229019165039}, 'count': 1}
{'label': 'sofa', 'matched_context': 'sofa', 'prior_weight': 0.9144684640902234, 'score': 0.7659255266189575, 'position': {'x': -3.8059778213500977, 'y': 0.9011250734329224, 'z': 3.6390516792193757}, 'count': 1}
{'label': 'sofa', 'matched_context': 'sofa', 'prior_weight': 0.9144684640902234, 'score': 0.6164414286613464, 'position': {'x': -3.234096646308899, 'y': 0.9011250734329224, 'z': 3.2989037554153033}, 'count': 2}
{'label': 'pillow', 'matched_context': 'pillow', 'prior_weight': 0.8355058640456664, 'score': 0.34471115469932556, 'position': {'x': -2.725254774093628, 'y': 0.9011250734329224, 'z': 3.0376600802223113}, 'count': 1}
{'label': 'sofa', 'matched_context': 'sofa', 'prior_weight': 0.9144684640902234, 'score': 0.4076239764690399, 'position': {'x': -3.278505715741817, 'y': 0.9011250734329224, 'z': 6.115151087443034}, 'count': 3}
{'label': 'tv', 'matched_context': 'tv', 'prior_weight': 0.8247200883115978, 'score': 0.2001620978116989, 'position': {'x': -0.1850610277723661, 'y': 0.9011250734329224, 'z': 5.74312686920166}, 'count': 1}
Planned actions: ['RotateRight', 'RotateRight', 'MoveAhead', 'RotateRight', 'MoveAhead', 'MoveAhead', 'MoveAhead', 'MoveAhead', 'MoveAhead', 'MoveAhead', 'MoveAhead', 'RotateLeft', 'MoveAhead', 'RotateRight', 'MoveAhead', 'MoveAhead', 'MoveAhead', 'RotateLeft', 'MoveAhead', 'MoveAhead', 'MoveAhead', 'MoveAhead', 'MoveAhead', 'MoveAhead', 'MoveAhead', 'MoveAhead']
Number of actions: 26
Goal 1, action 0: RotateRight, success=True
[Context detected] label=television, matched_context=tv, raw_prior=0.825, anchor=1.00, effective_prior=0.825, score=0.881
[Context detected] label=house plant, matched_context=house plant, raw_prior=0.720, anchor=0.50, effective_prior=0.360, score=0.390
[Target check] target_query=coffee table, target_prompt=coffee table, status=not_detected, det=None
Move-time YOLO target status: not_detected
Goal 1, action 1: RotateRight, success=True
[Context detected] label=sofa, matched_context=sofa, raw_prior=0.914, anchor=1.00, effective_prior=0.914, score=0.766
[Context detected] label=chair, matched_context=arm chair, raw_prior=0.698, anchor=0.70, effective_prior=0.489, score=0.629
[Context detected] label=sofa, matched_context=sofa, raw_prior=0.914, anchor=1.00, effective_prior=0.914, score=0.616
[Context detected] label=sofa, matched_context=sofa, raw_prior=0.914, anchor=1.00, effective_prior=0.914, score=0.477
[Context detected] label=pillow, matched_context=pillow, raw_prior=0.836, anchor=1.00, effective_prior=0.836, score=0.408
[Context detected] label=pillow, matched_context=pillow, raw_prior=0.836, anchor=1.00, effective_prior=0.836, score=0.345
[Target check] target_query=coffee table, target_prompt=coffee table, status=not_detected, det=None
Move-time YOLO target status: not_detected
Goal 1, action 2: MoveAhead, success=True
[Context detected] label=sofa, matched_context=sofa, raw_prior=0.914, anchor=1.00, effective_prior=0.914, score=0.791
[Context detected] label=pillow, matched_context=pillow, raw_prior=0.836, anchor=1.00, effective_prior=0.836, score=0.561
[Context detected] label=sofa, matched_context=sofa, raw_prior=0.914, anchor=1.00, effective_prior=0.914, score=0.504
[Context detected] label=arm chair, matched_context=arm chair, raw_prior=0.698, anchor=0.70, effective_prior=0.489, score=0.190
[Target check] target_query=coffee table, target_prompt=coffee table, status=not_detected, det=None
Move-time YOLO target status: not_detected
Goal 1, action 3: RotateRight, success=True
[Context detected] label=tv, matched_context=tv, raw_prior=0.825, anchor=1.00, effective_prior=0.825, score=0.884
[Context detected] label=sofa, matched_context=sofa, raw_prior=0.914, anchor=1.00, effective_prior=0.914, score=0.644
[Context detected] label=sofa, matched_context=sofa, raw_prior=0.914, anchor=1.00, effective_prior=0.914, score=0.195
[Target check] target_query=coffee table, target_prompt=coffee table, status=not_detected, det=None
Move-time YOLO target status: not_detected
Goal 1, action 4: MoveAhead, success=True
[Context detected] label=tv, matched_context=tv, raw_prior=0.825, anchor=1.00, effective_prior=0.825, score=0.909
[Context detected] label=sofa, matched_context=sofa, raw_prior=0.914, anchor=1.00, effective_prior=0.914, score=0.630
[Context detected] label=arm chair, matched_context=arm chair, raw_prior=0.698, anchor=0.70, effective_prior=0.489, score=0.184
[Target check] target_query=coffee table, target_prompt=coffee table, status=not_detected, det=None
Move-time YOLO target status: not_detected
Goal 1, action 5: MoveAhead, success=True
[Context detected] label=tv, matched_context=tv, raw_prior=0.825, anchor=1.00, effective_prior=0.825, score=0.918
[Context detected] label=box, matched_context=box, raw_prior=0.815, anchor=0.50, effective_prior=0.407, score=0.342
[Context detected] label=box, matched_context=box, raw_prior=0.815, anchor=0.50, effective_prior=0.407, score=0.215
[Context detected] label=couch, matched_context=sofa, raw_prior=0.914, anchor=1.00, effective_prior=0.914, score=0.206
[Context detected] label=box, matched_context=box, raw_prior=0.815, anchor=0.50, effective_prior=0.407, score=0.182
[Target check] target_query=coffee table, target_prompt=coffee table, status=not_detected, det=None
Move-time YOLO target status: not_detected
Goal 1, action 6: MoveAhead, success=True
[Context detected] label=tv, matched_context=tv, raw_prior=0.825, anchor=1.00, effective_prior=0.825, score=0.862
[Context detected] label=box, matched_context=box, raw_prior=0.815, anchor=0.50, effective_prior=0.407, score=0.471
[Context detected] label=box, matched_context=box, raw_prior=0.815, anchor=0.50, effective_prior=0.407, score=0.203
[Target check] target_query=coffee table, target_prompt=coffee table, status=not_detected, det=None
Move-time YOLO target status: not_detected
Goal 1, action 7: MoveAhead, success=True
[Context detected] label=tv, matched_context=tv, raw_prior=0.825, anchor=1.00, effective_prior=0.825, score=0.926
[Context detected] label=box, matched_context=box, raw_prior=0.815, anchor=0.50, effective_prior=0.407, score=0.316
[Context detected] label=box, matched_context=box, raw_prior=0.815, anchor=0.50, effective_prior=0.407, score=0.311
[Context detected] label=television, matched_context=tv, raw_prior=0.825, anchor=1.00, effective_prior=0.825, score=0.269
[Context detected] label=tv, matched_context=tv, raw_prior=0.825, anchor=1.00, effective_prior=0.825, score=0.263
[Target check] target_query=coffee table, target_prompt=coffee table, status=not_detected, det=None
Move-time YOLO target status: not_detected
Goal 1, action 8: MoveAhead, success=True
[Context detected] label=tv, matched_context=tv, raw_prior=0.825, anchor=1.00, effective_prior=0.825, score=0.914
[Context detected] label=box, matched_context=box, raw_prior=0.815, anchor=0.50, effective_prior=0.407, score=0.391
[Context detected] label=box, matched_context=box, raw_prior=0.815, anchor=0.50, effective_prior=0.407, score=0.377
[Target check] target_query=coffee table, target_prompt=coffee table, status=not_detected, det=None
Move-time YOLO target status: not_detected
Goal 1, action 9: MoveAhead, success=True
[Context detected] label=tv, matched_context=tv, raw_prior=0.825, anchor=1.00, effective_prior=0.825, score=0.947
[Context detected] label=box, matched_context=box, raw_prior=0.815, anchor=0.50, effective_prior=0.407, score=0.570
[Target check] target_query=coffee table, target_prompt=coffee table, status=not_detected, det=None
Move-time YOLO target status: not_detected
Goal 1, action 10: MoveAhead, success=True
[Context detected] label=tv, matched_context=tv, raw_prior=0.825, anchor=1.00, effective_prior=0.825, score=0.945
[Context detected] label=box, matched_context=box, raw_prior=0.815, anchor=0.50, effective_prior=0.407, score=0.378
[Context detected] label=box, matched_context=box, raw_prior=0.815, anchor=0.50, effective_prior=0.407, score=0.216
[Target check] target_query=coffee table, target_prompt=coffee table, status=not_detected, det=None
Move-time YOLO target status: not_detected
Goal 1, action 11: RotateLeft, success=True
[Context detected] label=couch, matched_context=sofa, raw_prior=0.914, anchor=1.00, effective_prior=0.914, score=0.945
[Context detected] label=sofa, matched_context=sofa, raw_prior=0.914, anchor=1.00, effective_prior=0.914, score=0.945
[Context detected] label=chair, matched_context=arm chair, raw_prior=0.698, anchor=0.70, effective_prior=0.489, score=0.757
[Context detected] label=pillow, matched_context=pillow, raw_prior=0.836, anchor=1.00, effective_prior=0.836, score=0.372
[Context detected] label=pillow, matched_context=pillow, raw_prior=0.836, anchor=1.00, effective_prior=0.836, score=0.324
[Target check] target_query=coffee table, target_prompt=coffee table, status=not_detected, det=None
Move-time YOLO target status: not_detected
Goal 1, action 12: MoveAhead, success=True
[Context detected] label=couch, matched_context=sofa, raw_prior=0.914, anchor=1.00, effective_prior=0.914, score=0.947
[Context detected] label=sofa, matched_context=sofa, raw_prior=0.914, anchor=1.00, effective_prior=0.914, score=0.905
[Context detected] label=chair, matched_context=arm chair, raw_prior=0.698, anchor=0.70, effective_prior=0.489, score=0.707
[Context detected] label=pillow, matched_context=pillow, raw_prior=0.836, anchor=1.00, effective_prior=0.836, score=0.636
[Target check] target_query=coffee table, target_prompt=coffee table, status=not_detected, det=None
Move-time YOLO target status: not_detected
Goal 1, action 13: RotateRight, success=True
[Context detected] label=tv, matched_context=tv, raw_prior=0.825, anchor=1.00, effective_prior=0.825, score=0.956
[Context detected] label=box, matched_context=box, raw_prior=0.815, anchor=0.50, effective_prior=0.407, score=0.361
[Context detected] label=box, matched_context=box, raw_prior=0.815, anchor=0.50, effective_prior=0.407, score=0.267
[Target check] target_query=coffee table, target_prompt=coffee table, status=not_detected, det=None
Move-time YOLO target status: not_detected
Goal 1, action 14: MoveAhead, success=True
[Context detected] label=tv, matched_context=tv, raw_prior=0.825, anchor=1.00, effective_prior=0.825, score=0.925
[Context detected] label=box, matched_context=box, raw_prior=0.815, anchor=0.50, effective_prior=0.407, score=0.544
[Target check] target_query=coffee table, target_prompt=coffee table, status=not_detected, det=None
Move-time YOLO target status: not_detected
Goal 1, action 15: MoveAhead, success=True
[Context detected] label=tv, matched_context=tv, raw_prior=0.825, anchor=1.00, effective_prior=0.825, score=0.938
[Context detected] label=box, matched_context=box, raw_prior=0.815, anchor=0.50, effective_prior=0.407, score=0.235
[Target check] target_query=coffee table, target_prompt=coffee table, status=not_detected, det=None
Move-time YOLO target status: not_detected
Goal 1, action 16: MoveAhead, success=True
[Context detected] label=tv, matched_context=tv, raw_prior=0.825, anchor=1.00, effective_prior=0.825, score=0.929
[Target check] target_query=coffee table, target_prompt=coffee table, status=not_detected, det=None
Move-time YOLO target status: not_detected
Goal 1, action 17: RotateLeft, success=True
[Context detected] label=couch, matched_context=sofa, raw_prior=0.914, anchor=1.00, effective_prior=0.914, score=0.942
[Context detected] label=sofa, matched_context=sofa, raw_prior=0.914, anchor=1.00, effective_prior=0.914, score=0.941
[Context detected] label=arm chair, matched_context=arm chair, raw_prior=0.698, anchor=0.70, effective_prior=0.489, score=0.634
[Context detected] label=pillow, matched_context=pillow, raw_prior=0.836, anchor=1.00, effective_prior=0.836, score=0.620
[Context detected] label=sofa, matched_context=sofa, raw_prior=0.914, anchor=1.00, effective_prior=0.914, score=0.494
[Context detected] label=chair, matched_context=arm chair, raw_prior=0.698, anchor=0.70, effective_prior=0.489, score=0.300
[Target check] target_query=coffee table, target_prompt=coffee table, status=not_detected, det=None
Move-time YOLO target status: not_detected
Goal 1, action 18: MoveAhead, success=True
[Context detected] label=sofa, matched_context=sofa, raw_prior=0.914, anchor=1.00, effective_prior=0.914, score=0.950
[Context detected] label=pillow, matched_context=pillow, raw_prior=0.836, anchor=1.00, effective_prior=0.836, score=0.656
[Context detected] label=arm chair, matched_context=arm chair, raw_prior=0.698, anchor=0.70, effective_prior=0.489, score=0.589
[Target check] target_query=coffee table, target_prompt=coffee table, status=not_detected, det=None
Move-time YOLO target status: not_detected
Goal 1, action 19: MoveAhead, success=True
[Context detected] label=sofa, matched_context=sofa, raw_prior=0.914, anchor=1.00, effective_prior=0.914, score=0.756
[Context detected] label=pillow, matched_context=pillow, raw_prior=0.836, anchor=1.00, effective_prior=0.836, score=0.733
[Context detected] label=pillow, matched_context=pillow, raw_prior=0.836, anchor=1.00, effective_prior=0.836, score=0.507
[Target check] target_query=coffee table, target_prompt=coffee table, status=not_detected, det=None
Move-time YOLO target status: not_detected
Goal 1, action 20: MoveAhead, success=True
[Context detected] label=sofa, matched_context=sofa, raw_prior=0.914, anchor=1.00, effective_prior=0.914, score=0.862
[Context detected] label=pillow, matched_context=pillow, raw_prior=0.836, anchor=1.00, effective_prior=0.836, score=0.439
[Target check] target_query=coffee table, target_prompt=coffee table, status=not_detected, det=None
Move-time YOLO target status: not_detected
Goal 1, action 21: MoveAhead, success=True
[Context detected] label=sofa, matched_context=sofa, raw_prior=0.914, anchor=1.00, effective_prior=0.914, score=0.556
[Target check] target_query=coffee table, target_prompt=coffee table, status=not_detected, det=None
Move-time YOLO target status: not_detected
Goal 1, action 22: MoveAhead, success=True
[Context detected] label=sofa, matched_context=sofa, raw_prior=0.914, anchor=1.00, effective_prior=0.914, score=0.676
[Context detected] label=pillow, matched_context=pillow, raw_prior=0.836, anchor=1.00, effective_prior=0.836, score=0.199
[Target check] target_query=coffee table, target_prompt=coffee table, status=not_detected, det=None
Move-time YOLO target status: not_detected
Goal 1, action 23: MoveAhead, success=True
[Context detected] label=sofa, matched_context=sofa, raw_prior=0.914, anchor=1.00, effective_prior=0.914, score=0.408
[Target check] target_query=coffee table, target_prompt=coffee table, status=not_detected, det=None
Move-time YOLO target status: not_detected
Goal 1, action 24: MoveAhead, success=True
[Target check] target_query=coffee table, target_prompt=coffee table, status=not_detected, det=None
Move-time YOLO target status: not_detected
Goal 1, action 25: MoveAhead, success=True
[Target check] target_query=coffee table, target_prompt=coffee table, status=not_detected, det=None
Move-time YOLO target status: not_detected
[Target check] target_query=coffee table, target_prompt=coffee table, status=not_detected, det=None
Observe rotation 0:
YOLO detections: []
Target status: not_detected
[Context detected] label=tv, matched_context=tv, raw_prior=0.825, anchor=1.00, effective_prior=0.825, score=0.937
[Target check] target_query=coffee table, target_prompt=coffee table, status=not_detected, det=None
Observe rotation 1:
YOLO detections: [('tv', 0.937, [319.4, 255.8, 587.5, 453.6]), ('tv stand', 0.848, [306.2, 424.7, 616.8, 477.2]), ('tv stand', 0.406, [345.5, 423.6, 578.6, 464.4]), ('desk', 0.282, [306.6, 423.1, 637.7, 480.0]), ('side table', 0.14, [302.6, 423.2, 617.1, 479.8])]
Target status: not_detected
[Context detected] label=sofa, matched_context=sofa, raw_prior=0.914, anchor=1.00, effective_prior=0.914, score=0.252
[Target check] target_query=coffee table, target_prompt=coffee table, status=valid, det={'label': 'coffee table', 'score': 0.7403063774108887, 'box': [420.36419677734375, 346.01318359375, 562.9888305664062, 442.9515380859375]}
Observe rotation 2:
YOLO detections: [('lamp', 0.915, [499.7, 290.2, 542.9, 357.1]), ('coffee table', 0.74, [420.4, 346.0, 563.0, 443.0]), ('desk', 0.677, [420.7, 346.4, 562.6, 443.3]), ('side table', 0.269, [559.2, 446.9, 639.9, 480.0]), ('sofa', 0.252, [559.4, 372.8, 640.0, 479.9]), ('coffee table', 0.213, [559.2, 446.8, 640.0, 480.0]), ('book', 0.211, [469.5, 346.9, 495.0, 355.1]), ('house plant', 0.145, [410.3, 295.1, 467.1, 354.2])]
Target status: valid
[Context detected] label=laptop, matched_context=laptop, raw_prior=0.800, anchor=0.70, effective_prior=0.560, score=0.884
[Context detected] label=chair, matched_context=arm chair, raw_prior=0.698, anchor=0.70, effective_prior=0.489, score=0.795
[Context detected] label=sofa, matched_context=sofa, raw_prior=0.914, anchor=1.00, effective_prior=0.914, score=0.781
[Context detected] label=television, matched_context=tv, raw_prior=0.825, anchor=1.00, effective_prior=0.825, score=0.775
[Context detected] label=couch, matched_context=sofa, raw_prior=0.914, anchor=1.00, effective_prior=0.914, score=0.762
[Context detected] label=chair, matched_context=arm chair, raw_prior=0.698, anchor=0.70, effective_prior=0.489, score=0.686
[Context detected] label=chair, matched_context=arm chair, raw_prior=0.698, anchor=0.70, effective_prior=0.489, score=0.637
[Context detected] label=chair, matched_context=arm chair, raw_prior=0.698, anchor=0.70, effective_prior=0.489, score=0.478
[Context detected] label=chair, matched_context=arm chair, raw_prior=0.698, anchor=0.70, effective_prior=0.489, score=0.325
[Target check] target_query=coffee table, target_prompt=coffee table, status=not_detected, det=None
Observe rotation 3:
YOLO detections: [('laptop', 0.884, [46.8, 304.4, 101.4, 343.0]), ('lamp', 0.847, [64.4, 124.2, 98.2, 238.8]), ('chair', 0.795, [0.0, 323.8, 82.1, 413.7]), ('sofa', 0.781, [0.0, 410.9, 155.3, 480.0]), ('television', 0.775, [48.3, 304.4, 101.5, 342.9]), ('couch', 0.762, [0.0, 411.0, 155.5, 480.0]), ('chair', 0.686, [104.8, 307.3, 173.7, 422.1]), ('chair', 0.637, [136.8, 358.3, 373.4, 480.0]), ('chair', 0.478, [65.0, 295.6, 142.2, 407.8]), ('desk', 0.395, [2.1, 324.6, 157.6, 413.1]), ('chair', 0.325, [96.2, 296.4, 140.4, 402.6]), ('lamp', 0.186, [534.4, 143.7, 640.0, 479.6]), ('desk', 0.186, [39.7, 326.6, 145.6, 412.5])]
Target status: not_detected
Stable target position from multi-view YOLO-depth: {'x': -0.0018575191497802734, 'y': 0.9011250734329224, 'z': 3.8436172718191544, 'depth': 3.7481424808502197}
Best target detection: {'label': 'coffee table', 'score': 0.7403063774108887, 'box': [420.36419677734375, 346.01318359375, 562.9888305664062, 442.9515380859375]}

YOLO found stable target after observing: coffee table
Stable target position: {'x': -0.0018575191497802734, 'y': 0.9011250734329224, 'z': 3.8436172718191544, 'depth': 3.7481424808502197}

=== Approach Target ===
Stable estimated target position: {'x': -0.0018575191497802734, 'y': 0.9011250734329224, 'z': 3.8436172718191544, 'depth': 3.7481424808502197}
Selected approach goal: {'x': -1.0, 'y': 0.9011250734329224, 'z': 4.75}
Goal distance to estimated target: 1.348
Approach actions: ['RotateRight', 'RotateRight', 'MoveAhead', 'MoveAhead', 'MoveAhead', 'MoveAhead', 'MoveAhead', 'MoveAhead', 'MoveAhead', 'MoveAhead', 'RotateRight', 'MoveAhead', 'RotateLeft', 'MoveAhead', 'MoveAhead', 'MoveAhead']
Number of approach actions: 16
Approach action 0: RotateRight, success=True
Approach action 1: RotateRight, success=True
Approach action 2: MoveAhead, success=True
Approach action 3: MoveAhead, success=True
Approach action 4: MoveAhead, success=True
Approach action 5: MoveAhead, success=True
Approach action 6: MoveAhead, success=True
Approach action 7: MoveAhead, success=True
Approach action 8: MoveAhead, success=True
Approach action 9: MoveAhead, success=True
Approach action 10: RotateRight, success=True
Approach action 11: MoveAhead, success=True
Approach action 12: RotateLeft, success=True
Approach action 13: MoveAhead, success=True
Approach action 14: MoveAhead, success=True
Approach action 15: MoveAhead, success=True
Final verify 0, action=None, status=not_detected, det=None
Final verify 1, action=LookDown, status=not_detected, det=None
Final verify 2, action=RotateRight, status=not_detected, det=None
Final verify 3, action=RotateRight, status=not_detected, det=None
Final verify 4, action=RotateRight, status=not_detected, det=None
Final verify 5, action=LookUp, status=not_detected, det=None
Final verify 6, action=RotateRight, status=not_detected, det=None
Final verify 7, action=LookDown, status=not_detected, det=None

=== Approach Finished ===
Final agent position: {'x': -1.0, 'y': 0.9011250734329224, 'z': 4.75}
Final distance to estimated target: 1.348
Final YOLO status: not_detected
Final YOLO target detection: None

========== Summary ==========
scene: FloorPlan205
target: coffee table
resolved_target: coffee table
success: False
visited_belief_goals: 1
visited_reachable_points: 3
total_actions: 72
num_context_objects: 31
anchor_searches: 0
searched_anchors: 0
save_dir: outputs/batch_spub_20260529_165941/FloorPlan205_coffee_table
log_path: outputs/batch_spub_20260529_165941/FloorPlan205_coffee_table/run.log
