
=== Scene ===
FloorPlan202

=== Target Query ===
laptop

=== Resolved Target Prompt ===
laptop

=== Debug Force Search ===
False

=== Contexts From Semantic Prior ===
pillow               score=0.800
window               score=0.794
drawer               score=0.777
desk lamp            score=0.716
side table           score=0.714
chair                score=0.713
book                 score=0.666
painting             score=0.664

=== YOLO Classes ===
['arm chair', 'book', 'box', 'chair', 'coffee table', 'couch', 'desk', 'desk lamp', 'dining table', 'drawer', 'floor lamp', 'house plant', 'lamp', 'laptop', 'monitor', 'newspaper', 'painting', 'pen', 'pencil', 'pillow', 'plant', 'remote control', 'side table', 'sofa', 'table', 'television', 'tv', 'tv stand', 'window']
CloudRendering failed, trying normal rendering.
Reason: Exception('The following builds were found, but had missing dependencies. Only one valid platform is required to run AI2-THOR.\nPlatform CloudRendering failed validation with the following errors: Vulkan API driver missing.\n  CloudRendering requires libvulkan1. Please install by running: sudo apt-get -y install libvulkan1')

=== Initial Pose ===
{'position': {'x': -0.5, 'y': 0.9010459184646606, 'z': 1.75}, 'rotation': {'x': 0.0, 'y': 270.0, 'z': 0.0}, 'camera_horizon': -0.0}

Number of reachable positions: 180

========== Initial YOLO Observation ==========
[Context detected] label=lamp, matched_context=desk lamp, raw_prior=0.716, anchor=0.30, effective_prior=0.215, score=0.897
[Context detected] label=lamp, matched_context=desk lamp, raw_prior=0.716, anchor=0.30, effective_prior=0.215, score=0.526
[Context detected] label=side table, matched_context=side table, raw_prior=0.714, anchor=1.05, effective_prior=0.749, score=0.321
[Target check] target_query=laptop, target_prompt=laptop, status=valid, det={'label': 'laptop', 'score': 0.9489947557449341, 'box': [103.50536346435547, 336.3885803222656, 177.7684326171875, 393.5967712402344]}
Observe rotation 0:
YOLO detections: [('sofa', 0.968, [0.0, 286.3, 222.3, 480.0]), ('laptop', 0.949, [103.5, 336.4, 177.8, 393.6]), ('lamp', 0.897, [575.6, 168.8, 640.0, 459.8]), ('floor lamp', 0.754, [574.5, 168.9, 639.8, 461.6]), ('house plant', 0.625, [412.9, 338.0, 548.2, 480.0]), ('lamp', 0.526, [575.9, 168.9, 640.0, 286.7]), ('side table', 0.321, [0.2, 415.1, 142.9, 480.0]), ('tv stand', 0.291, [0.0, 415.1, 143.2, 480.0]), ('sofa', 0.208, [0.0, 412.6, 144.7, 479.8]), ('sofa', 0.14, [178.4, 426.0, 638.9, 480.0]), ('pillow', 0.13, [0.0, 314.8, 35.9, 377.9])]
Target status: valid
[Context detected] label=book, matched_context=book, raw_prior=0.666, anchor=0.60, effective_prior=0.400, score=0.411
[Target check] target_query=laptop, target_prompt=laptop, status=not_detected, det=None
Observe rotation 1:
YOLO detections: [('tv', 0.93, [31.8, 241.2, 250.8, 402.2]), ('desk', 0.76, [0.0, 387.2, 244.4, 479.9]), ('tv stand', 0.558, [0.1, 388.3, 244.4, 479.7]), ('book', 0.411, [0.0, 412.7, 43.3, 451.1]), ('book', 0.179, [0.0, 412.4, 43.3, 471.3])]
Target status: not_detected
[Target check] target_query=laptop, target_prompt=laptop, status=not_detected, det=None
Observe rotation 2:
YOLO detections: [('tv stand', 0.189, [595.6, 456.4, 640.0, 480.0])]
Target status: not_detected
[Context detected] label=pillow, matched_context=pillow, raw_prior=0.800, anchor=0.60, effective_prior=0.480, score=0.497
[Context detected] label=pillow, matched_context=pillow, raw_prior=0.800, anchor=0.60, effective_prior=0.480, score=0.262
[Context detected] label=pillow, matched_context=pillow, raw_prior=0.800, anchor=0.60, effective_prior=0.480, score=0.201
[Target check] target_query=laptop, target_prompt=laptop, status=not_detected, det=None
Observe rotation 3:
YOLO detections: [('sofa', 0.879, [4.9, 360.7, 640.0, 480.0]), ('box', 0.585, [0.0, 387.4, 181.4, 480.0]), ('pillow', 0.497, [212.6, 361.4, 495.8, 479.9]), ('sofa', 0.374, [77.5, 360.8, 517.5, 480.0]), ('pillow', 0.262, [481.8, 362.2, 640.0, 480.0]), ('pillow', 0.201, [228.4, 470.0, 423.9, 480.0]), ('painting', 0.126, [330.4, 80.0, 603.1, 302.7])]
Target status: not_detected
Stable target position from multi-view YOLO-depth: {'x': -3.333345413208008, 'y': 0.9010459184646606, 'z': 0.8298440854246552, 'depth': 2.833345413208008}
Best target detection: {'label': 'laptop', 'score': 0.9489947557449341, 'box': [103.50536346435547, 336.3885803222656, 177.7684326171875, 393.5967712402344]}
Initial observed context objects:
{'label': 'lamp', 'matched_context': 'desk lamp', 'prior_weight': 0.2147499999797972, 'score': 0.8971675634384155, 'position': {'x': -3.99826455116272, 'y': 0.9010459184646606, 'z': 3.5614399448408185}, 'count': 2}
{'label': 'side table', 'matched_context': 'side table', 'prior_weight': 0.749388864900502, 'score': 0.32147476077079773, 'position': {'x': -2.178118348121643, 'y': 0.9010459184646606, 'z': 0.9961041939843746}, 'count': 1}
{'label': 'book', 'matched_context': 'book', 'prior_weight': 0.3997412614502818, 'score': 0.4113715589046478, 'position': {'x': -1.5049999170079469, 'y': 0.9010459184646606, 'z': 3.6129682064056396}, 'count': 1}
{'label': 'pillow', 'matched_context': 'pillow', 'prior_weight': 0.4799999999999999, 'score': 0.49654820561408997, 'position': {'x': -0.7461308514437449, 'y': 0.9010459184646606, 'z': 0.31804847717285156}, 'count': 3}

Top belief nodes:
  0: pos={'x': -2.25, 'y': 0.9010459184646606, 'z': 1.25}, belief=0.226, context=0.226, uncertainty=1.000, negative=0.0
  1: pos={'x': -2.25, 'y': 0.9010459184646606, 'z': 1.5}, belief=0.208, context=0.208, uncertainty=1.000, negative=0.0
  2: pos={'x': -2.5, 'y': 0.9010459184646606, 'z': 1.25}, belief=0.208, context=0.208, uncertainty=1.000, negative=0.0
  3: pos={'x': -2.5, 'y': 0.9010459184646606, 'z': 1.5}, belief=0.197, context=0.197, uncertainty=1.000, negative=0.0
  4: pos={'x': -2.75, 'y': 0.9010459184646606, 'z': 1.25}, belief=0.187, context=0.187, uncertainty=1.000, negative=0.0
  5: pos={'x': -2.5, 'y': 0.9010459184646606, 'z': 1.75}, belief=0.186, context=0.186, uncertainty=1.000, negative=0.0
  6: pos={'x': -2.75, 'y': 0.9010459184646606, 'z': 1.5}, belief=0.182, context=0.182, uncertainty=1.000, negative=0.0
  7: pos={'x': -3.75, 'y': 0.9010459184646606, 'z': 3.5}, belief=0.179, context=0.179, uncertainty=1.000, negative=0.0
  8: pos={'x': -2.5, 'y': 0.9010459184646606, 'z': 2.0}, belief=0.177, context=0.177, uncertainty=1.000, negative=0.0
  9: pos={'x': -2.75, 'y': 0.9010459184646606, 'z': 1.75}, belief=0.175, context=0.175, uncertainty=1.000, negative=0.0

YOLO found stable target at initial area. Now approaching target...

=== Approach Target ===
Stable estimated target position: {'x': -3.333345413208008, 'y': 0.9010459184646606, 'z': 0.8298440854246552, 'depth': 2.833345413208008}
Selected approach goal: {'x': -2.75, 'y': 0.9010459184646606, 'z': 1.5}
Goal distance to estimated target: 0.888
Approach actions: ['MoveAhead', 'MoveAhead', 'MoveAhead', 'MoveAhead', 'MoveAhead', 'MoveAhead', 'MoveAhead', 'MoveAhead', 'MoveAhead', 'RotateLeft', 'MoveAhead']
Number of approach actions: 11
Approach action 0: MoveAhead, success=True
Approach action 1: MoveAhead, success=True
Approach action 2: MoveAhead, success=True
Approach action 3: MoveAhead, success=True
Approach action 4: MoveAhead, success=True
Approach action 5: MoveAhead, success=True
Approach action 6: MoveAhead, success=True
Approach action 7: MoveAhead, success=True
Approach action 8: MoveAhead, success=True
Approach action 9: RotateLeft, success=True
Approach action 10: MoveAhead, success=True
Final verify 0, action=None, status=not_detected, det=None
Final verify 1, action=LookDown, status=valid, det={'label': 'laptop', 'score': 0.960599958896637, 'box': [401.0367431640625, 249.36700439453125, 564.7610473632812, 420.61712646484375]}

=== Approach Finished ===
Final agent position: {'x': -2.75, 'y': 0.9010459184646606, 'z': 1.5}
Final distance to estimated target: 0.888
Final YOLO status: valid
Final YOLO target detection: {'label': 'laptop', 'score': 0.960599958896637, 'box': [401.0367431640625, 249.36700439453125, 564.7610473632812, 420.61712646484375]}

========== Summary ==========
scene: FloorPlan202
target: laptop
resolved_target: laptop
success: True
visited_belief_goals: 0
visited_reachable_points: 1
total_actions: 16
num_context_objects: 4
anchor_searches: 0
searched_anchors: 0
save_dir: outputs/batch_spub_20260529_165941/FloorPlan202_laptop
log_path: outputs/batch_spub_20260529_165941/FloorPlan202_laptop/run.log
