
=== Scene ===
FloorPlan205

=== Target Query ===
laptop

=== Resolved Target Prompt ===
laptop

=== Debug Force Search ===
False

=== Contexts From Semantic Prior ===
pillow               score=0.800
window               score=0.794
drawer               score=0.777
desk lamp            score=0.716
side table           score=0.714
chair                score=0.713
book                 score=0.666
painting             score=0.664

=== YOLO Classes ===
['arm chair', 'book', 'box', 'chair', 'coffee table', 'couch', 'desk', 'desk lamp', 'dining table', 'drawer', 'floor lamp', 'house plant', 'lamp', 'laptop', 'monitor', 'newspaper', 'painting', 'pen', 'pencil', 'pillow', 'plant', 'remote control', 'side table', 'sofa', 'table', 'television', 'tv', 'tv stand', 'window']
CloudRendering failed, trying normal rendering.
Reason: Exception('The following builds were found, but had missing dependencies. Only one valid platform is required to run AI2-THOR.\nPlatform CloudRendering failed validation with the following errors: Vulkan API driver missing.\n  CloudRendering requires libvulkan1. Please install by running: sudo apt-get -y install libvulkan1')

=== Initial Pose ===
{'position': {'x': -3.0, 'y': 0.9011250734329224, 'z': 2.0}, 'rotation': {'x': -0.0, 'y': 90.0, 'z': 0.0}, 'camera_horizon': -0.0}

Number of reachable positions: 297

========== Initial YOLO Observation ==========
[Context detected] label=lamp, matched_context=desk lamp, raw_prior=0.716, anchor=0.30, effective_prior=0.215, score=0.923
[Context detected] label=lamp, matched_context=desk lamp, raw_prior=0.716, anchor=0.30, effective_prior=0.215, score=0.907
[Context detected] label=chair, matched_context=chair, raw_prior=0.713, anchor=1.20, effective_prior=0.856, score=0.826
[Context detected] label=lamp, matched_context=desk lamp, raw_prior=0.716, anchor=0.30, effective_prior=0.215, score=0.442
[Context detected] label=arm chair, matched_context=chair, raw_prior=0.713, anchor=1.20, effective_prior=0.856, score=0.395
[Context detected] label=book, matched_context=book, raw_prior=0.666, anchor=0.60, effective_prior=0.400, score=0.383
[Context detected] label=chair, matched_context=chair, raw_prior=0.713, anchor=1.20, effective_prior=0.856, score=0.253
[Context detected] label=chair, matched_context=chair, raw_prior=0.713, anchor=1.20, effective_prior=0.856, score=0.189
[Target check] target_query=laptop, target_prompt=laptop, status=valid, det={'label': 'laptop', 'score': 0.8744375705718994, 'box': [405.35906982421875, 395.948486328125, 566.0991821289062, 479.870849609375]}
Observe rotation 0:
YOLO detections: [('lamp', 0.923, [93.5, 303.7, 147.3, 390.0]), ('lamp', 0.907, [495.3, 0.3, 583.1, 234.1]), ('laptop', 0.874, [405.4, 395.9, 566.1, 479.9]), ('chair', 0.826, [408.8, 356.8, 498.4, 414.6]), ('desk', 0.764, [2.8, 374.4, 187.7, 480.0]), ('desk', 0.707, [353.0, 412.5, 640.0, 480.0]), ('lamp', 0.442, [496.3, 181.4, 615.0, 418.9]), ('arm chair', 0.395, [306.0, 403.4, 354.5, 480.0]), ('book', 0.383, [51.7, 374.9, 89.6, 385.9]), ('chair', 0.253, [304.8, 403.3, 377.9, 479.9]), ('chair', 0.189, [301.6, 405.3, 404.8, 479.9]), ('house plant', 0.176, [496.2, 183.3, 615.2, 419.1]), ('chair', 0.163, [304.2, 403.2, 454.1, 480.0]), ('lamp', 0.16, [124.0, 438.9, 150.7, 479.7]), ('house plant', 0.145, [0.2, 307.3, 61.2, 385.2])]
Target status: valid
[Target check] target_query=laptop, target_prompt=laptop, status=not_detected, det=None
Observe rotation 1:
YOLO detections: [('window', 0.155, [458.4, 128.5, 640.0, 480.0]), ('lamp', 0.154, [480.6, 341.8, 520.2, 359.3])]
Target status: not_detected
[Target check] target_query=laptop, target_prompt=laptop, status=not_detected, det=None
Observe rotation 2:
YOLO detections: []
Target status: not_detected
[Context detected] label=side table, matched_context=side table, raw_prior=0.714, anchor=1.05, effective_prior=0.749, score=0.749
[Context detected] label=chair, matched_context=chair, raw_prior=0.713, anchor=1.20, effective_prior=0.856, score=0.681
[Context detected] label=arm chair, matched_context=chair, raw_prior=0.713, anchor=1.20, effective_prior=0.856, score=0.384
[Context detected] label=arm chair, matched_context=chair, raw_prior=0.713, anchor=1.20, effective_prior=0.856, score=0.271
[Target check] target_query=laptop, target_prompt=laptop, status=not_detected, det=None
Observe rotation 3:
YOLO detections: [('sofa', 0.879, [0.0, 310.3, 226.1, 480.0]), ('tv', 0.797, [252.7, 245.7, 352.3, 306.3]), ('side table', 0.749, [377.7, 302.0, 428.0, 384.9]), ('chair', 0.681, [45.1, 401.7, 281.1, 480.0]), ('box', 0.423, [428.8, 354.9, 460.4, 383.6]), ('arm chair', 0.384, [47.2, 402.0, 279.3, 480.0]), ('sofa', 0.375, [314.4, 423.0, 511.5, 480.0]), ('tv stand', 0.304, [247.2, 313.3, 356.6, 382.3]), ('arm chair', 0.271, [230.2, 406.0, 279.4, 479.7]), ('sofa', 0.192, [495.1, 438.6, 640.0, 480.0]), ('arm chair', 0.158, [314.7, 438.0, 366.7, 480.0]), ('desk', 0.154, [583.0, 233.8, 640.0, 454.1]), ('side table', 0.131, [355.3, 424.5, 503.6, 479.9])]
Target status: not_detected
Stable target position from multi-view YOLO-depth: {'x': -1.4939481019973755, 'y': 0.9011250734329224, 'z': 1.5516540239384853, 'depth': 1.5060518980026245}
Best target detection: {'label': 'laptop', 'score': 0.8744375705718994, 'box': [405.35906982421875, 395.948486328125, 566.0991821289062, 479.870849609375]}
Initial observed context objects:
{'label': 'lamp', 'matched_context': 'desk lamp', 'prior_weight': 0.2147499999797972, 'score': 0.9225414991378784, 'position': {'x': -0.3170928955078125, 'y': 0.9011250734329224, 'z': 2.968110711868327}, 'count': 1}
{'label': 'lamp', 'matched_context': 'desk lamp', 'prior_weight': 0.2147499999797972, 'score': 0.907463014125824, 'position': {'x': -0.0014889240264892578, 'y': 0.9011250734329224, 'z': 0.7719362588997711}, 'count': 2}
{'label': 'chair', 'matched_context': 'chair', 'prior_weight': 0.8556602728302479, 'score': 0.8263221979141235, 'position': {'x': -0.8496720790863037, 'y': 0.9011250734329224, 'z': 1.4840047195935309}, 'count': 1}
{'label': 'arm chair', 'matched_context': 'chair', 'prior_weight': 0.8556602728302479, 'score': 0.3948301374912262, 'position': {'x': -1.3660928606987, 'y': 0.9011250734329224, 'z': 1.9555429680947927}, 'count': 2}
{'label': 'book', 'matched_context': 'book', 'prior_weight': 0.3997412614502818, 'score': 0.3830902874469757, 'position': {'x': -0.21094036102294922, 'y': 0.9011250734329224, 'z': 3.258019010429156}, 'count': 1}
{'label': 'chair', 'matched_context': 'chair', 'prior_weight': 0.8556602728302479, 'score': 0.18897296488285065, 'position': {'x': -0.016481876373291016, 'y': 0.9011250734329224, 'z': 1.8277465008191995}, 'count': 1}
{'label': 'side table', 'matched_context': 'side table', 'prior_weight': 0.749388864900502, 'score': 0.7487502694129944, 'position': {'x': -2.260620723074987, 'y': 0.9011250734329224, 'z': 6.997629165649414}, 'count': 1}
{'label': 'chair', 'matched_context': 'chair', 'prior_weight': 0.8556602728302479, 'score': 0.6805633902549744, 'position': {'x': -3.2965767272561153, 'y': 0.9011250734329224, 'z': 3.3536765972773233}, 'count': 3}

Top belief nodes:
  0: pos={'x': -0.75, 'y': 0.9011250734329224, 'z': 1.75}, belief=0.627, context=0.627, uncertainty=1.000, negative=0.0
  1: pos={'x': -0.75, 'y': 0.9011250734329224, 'z': 2.0}, belief=0.601, context=0.601, uncertainty=1.000, negative=0.0
  2: pos={'x': -0.5, 'y': 0.9011250734329224, 'z': 1.5}, belief=0.600, context=0.600, uncertainty=1.000, negative=0.0
  3: pos={'x': -0.5, 'y': 0.9011250734329224, 'z': 1.75}, belief=0.597, context=0.597, uncertainty=1.000, negative=0.0
  4: pos={'x': -1.0, 'y': 0.9011250734329224, 'z': 2.25}, belief=0.582, context=0.582, uncertainty=1.000, negative=0.0
  5: pos={'x': -1.25, 'y': 0.9011250734329224, 'z': 2.25}, belief=0.582, context=0.582, uncertainty=1.000, negative=0.0
  6: pos={'x': -0.5, 'y': 0.9011250734329224, 'z': 2.0}, belief=0.579, context=0.579, uncertainty=1.000, negative=0.0
  7: pos={'x': -0.5, 'y': 0.9011250734329224, 'z': 1.25}, belief=0.578, context=0.578, uncertainty=1.000, negative=0.0
  8: pos={'x': -0.75, 'y': 0.9011250734329224, 'z': 2.25}, belief=0.573, context=0.573, uncertainty=1.000, negative=0.0
  9: pos={'x': -0.25, 'y': 0.9011250734329224, 'z': 1.75}, belief=0.562, context=0.562, uncertainty=1.000, negative=0.0

YOLO found stable target at initial area. Now approaching target...

=== Approach Target ===
Stable estimated target position: {'x': -1.4939481019973755, 'y': 0.9011250734329224, 'z': 1.5516540239384853, 'depth': 1.5060518980026245}
Selected approach goal: {'x': -2.0, 'y': 0.9011250734329224, 'z': 2.25}
Goal distance to estimated target: 0.862
Approach actions: ['RotateLeft', 'MoveAhead', 'RotateRight', 'MoveAhead', 'MoveAhead', 'MoveAhead', 'MoveAhead']
Number of approach actions: 7
Approach action 0: RotateLeft, success=True
Approach action 1: MoveAhead, success=True
Approach action 2: RotateRight, success=True
Approach action 3: MoveAhead, success=True
Approach action 4: MoveAhead, success=True
Approach action 5: MoveAhead, success=True
Approach action 6: MoveAhead, success=True
Face target action 0: RotateRight, success=True
Final verify 0, action=None, status=not_detected, det=None
Final verify 1, action=LookDown, status=valid, det={'label': 'laptop', 'score': 0.9529164433479309, 'box': [100.20834350585938, 247.70318603515625, 276.35711669921875, 434.497802734375]}

=== Approach Finished ===
Final agent position: {'x': -2.0, 'y': 0.9011250734329224, 'z': 2.25}
Final distance to estimated target: 0.862
Final YOLO status: valid
Final YOLO target detection: {'label': 'laptop', 'score': 0.9529164433479309, 'box': [100.20834350585938, 247.70318603515625, 276.35711669921875, 434.497802734375]}

========== Summary ==========
scene: FloorPlan205
target: laptop
resolved_target: laptop
success: True
visited_belief_goals: 0
visited_reachable_points: 1
total_actions: 13
num_context_objects: 8
anchor_searches: 0
searched_anchors: 0
save_dir: outputs/batch_spub_20260529_165941/FloorPlan205_laptop
log_path: outputs/batch_spub_20260529_165941/FloorPlan205_laptop/run.log
