
=== Scene ===
FloorPlan202

=== Target Query ===
coffee table

=== Resolved Target Prompt ===
coffee table

=== Debug Force Search ===
False

=== Contexts From Semantic Prior ===
sofa                 score=0.914
pillow               score=0.836
tv                   score=0.825
box                  score=0.815
laptop               score=0.800
house plant          score=0.720
arm chair            score=0.698
painting             score=0.678

=== YOLO Classes ===
['arm chair', 'book', 'box', 'chair', 'coffee table', 'couch', 'desk', 'desk lamp', 'dining table', 'floor lamp', 'house plant', 'lamp', 'laptop', 'monitor', 'newspaper', 'painting', 'pen', 'pencil', 'pillow', 'plant', 'remote control', 'side table', 'sofa', 'table', 'television', 'tv', 'tv stand']
CloudRendering failed, trying normal rendering.
Reason: Exception('The following builds were found, but had missing dependencies. Only one valid platform is required to run AI2-THOR.\nPlatform CloudRendering failed validation with the following errors: Vulkan API driver missing.\n  CloudRendering requires libvulkan1. Please install by running: sudo apt-get -y install libvulkan1')

=== Initial Pose ===
{'position': {'x': -0.5, 'y': 0.9010459184646606, 'z': 1.75}, 'rotation': {'x': 0.0, 'y': 270.0, 'z': 0.0}, 'camera_horizon': -0.0}

Number of reachable positions: 180

========== Initial YOLO Observation ==========
[Context detected] label=sofa, matched_context=sofa, raw_prior=0.914, anchor=1.00, effective_prior=0.914, score=0.968
[Context detected] label=laptop, matched_context=laptop, raw_prior=0.800, anchor=0.70, effective_prior=0.560, score=0.949
[Context detected] label=house plant, matched_context=house plant, raw_prior=0.720, anchor=0.50, effective_prior=0.360, score=0.629
[Context detected] label=sofa, matched_context=sofa, raw_prior=0.914, anchor=1.00, effective_prior=0.914, score=0.206
[Target check] target_query=coffee table, target_prompt=coffee table, status=not_detected, det=None
Observe rotation 0:
YOLO detections: [('sofa', 0.968, [0.0, 286.3, 222.4, 480.0]), ('laptop', 0.949, [103.5, 336.4, 177.8, 393.6]), ('lamp', 0.89, [575.7, 168.7, 640.0, 459.9]), ('floor lamp', 0.737, [574.1, 169.0, 639.8, 462.4]), ('lamp', 0.632, [575.9, 168.8, 640.0, 285.7]), ('house plant', 0.629, [412.9, 338.0, 548.6, 480.0]), ('side table', 0.324, [0.2, 415.1, 142.9, 480.0]), ('tv stand', 0.307, [0.0, 415.1, 143.2, 480.0]), ('sofa', 0.206, [0.0, 412.6, 144.7, 479.8]), ('sofa', 0.143, [177.0, 425.8, 638.9, 480.0]), ('pillow', 0.132, [0.0, 314.9, 35.8, 378.0])]
Target status: not_detected
[Context detected] label=tv, matched_context=tv, raw_prior=0.825, anchor=1.00, effective_prior=0.825, score=0.932
[Target check] target_query=coffee table, target_prompt=coffee table, status=not_detected, det=None
Observe rotation 1:
YOLO detections: [('tv', 0.932, [31.8, 241.2, 250.7, 402.8]), ('desk', 0.773, [0.0, 387.2, 244.4, 479.8]), ('tv stand', 0.612, [0.1, 388.3, 244.5, 479.7]), ('book', 0.408, [0.0, 412.7, 43.3, 451.1]), ('book', 0.178, [0.0, 412.4, 43.2, 471.5])]
Target status: not_detected
[Target check] target_query=coffee table, target_prompt=coffee table, status=not_detected, det=None
Observe rotation 2:
YOLO detections: [('tv stand', 0.172, [595.6, 456.4, 640.0, 480.0])]
Target status: not_detected
[Context detected] label=sofa, matched_context=sofa, raw_prior=0.914, anchor=1.00, effective_prior=0.914, score=0.875
[Context detected] label=box, matched_context=box, raw_prior=0.815, anchor=0.50, effective_prior=0.407, score=0.585
[Context detected] label=pillow, matched_context=pillow, raw_prior=0.836, anchor=1.00, effective_prior=0.836, score=0.490
[Context detected] label=sofa, matched_context=sofa, raw_prior=0.914, anchor=1.00, effective_prior=0.914, score=0.375
[Context detected] label=pillow, matched_context=pillow, raw_prior=0.836, anchor=1.00, effective_prior=0.836, score=0.255
[Context detected] label=pillow, matched_context=pillow, raw_prior=0.836, anchor=1.00, effective_prior=0.836, score=0.199
[Target check] target_query=coffee table, target_prompt=coffee table, status=not_detected, det=None
Observe rotation 3:
YOLO detections: [('sofa', 0.875, [4.7, 360.7, 640.0, 480.0]), ('box', 0.585, [0.0, 387.4, 181.4, 480.0]), ('pillow', 0.49, [212.5, 361.4, 495.7, 479.9]), ('sofa', 0.375, [75.9, 360.8, 518.2, 480.0]), ('pillow', 0.255, [481.8, 362.2, 640.0, 480.0]), ('pillow', 0.199, [228.4, 470.0, 424.1, 480.0]), ('painting', 0.123, [330.4, 80.0, 602.9, 302.7])]
Target status: not_detected
Initial observed context objects:
{'label': 'sofa', 'matched_context': 'sofa', 'prior_weight': 0.9144684640902234, 'score': 0.967938244342804, 'position': {'x': -2.815617084503174, 'y': 0.9010459184646606, 'z': 0.8768227226896785}, 'count': 1}
{'label': 'laptop', 'matched_context': 'laptop', 'prior_weight': 0.5596541048319665, 'score': 0.9487966299057007, 'position': {'x': -3.333341121673584, 'y': 0.9010459184646606, 'z': 0.8298454791413422}, 'count': 1}
{'label': 'house plant', 'matched_context': 'house plant', 'prior_weight': 0.3601024926441225, 'score': 0.6286483407020569, 'position': {'x': -3.801283121109009, 'y': 0.9010459184646606, 'z': 2.7029983493217262}, 'count': 1}
{'label': 'sofa', 'matched_context': 'sofa', 'prior_weight': 0.9144684640902234, 'score': 0.20642733573913574, 'position': {'x': -2.1879199743270874, 'y': 0.9010459184646606, 'z': 0.9947461850500751}, 'count': 1}
{'label': 'tv', 'matched_context': 'tv', 'prior_weight': 0.8247200883115978, 'score': 0.9316990375518799, 'position': {'x': -1.2492935270358791, 'y': 0.9010459184646606, 'z': 4.057225704193115}, 'count': 1}
{'label': 'sofa', 'matched_context': 'sofa', 'prior_weight': 0.9144684640902234, 'score': 0.8748308420181274, 'position': {'x': -0.4689947640961027, 'y': 0.9010459184646606, 'z': 0.2542377710342407}, 'count': 2}
{'label': 'box', 'matched_context': 'box', 'prior_weight': 0.40727333419063405, 'score': 0.5854925513267517, 'position': {'x': 0.15598060085255558, 'y': 0.9010459184646606, 'z': 0.1692115068435669}, 'count': 1}
{'label': 'pillow', 'matched_context': 'pillow', 'prior_weight': 0.8355058640456664, 'score': 0.49048298597335815, 'position': {'x': -0.7469419430081903, 'y': 0.9010459184646606, 'z': 0.31804847717285156}, 'count': 3}

Top belief nodes:
  0: pos={'x': -2.75, 'y': 0.9010459184646606, 'z': 1.25}, belief=0.719, context=0.719, uncertainty=1.000, negative=0.0
  1: pos={'x': -3.0, 'y': 0.9010459184646606, 'z': 1.25}, belief=0.709, context=0.709, uncertainty=1.000, negative=0.0
  2: pos={'x': -2.5, 'y': 0.9010459184646606, 'z': 1.25}, belief=0.709, context=0.709, uncertainty=1.000, negative=0.0
  3: pos={'x': -2.25, 'y': 0.9010459184646606, 'z': 1.25}, belief=0.692, context=0.692, uncertainty=1.000, negative=0.0
  4: pos={'x': -3.25, 'y': 0.9010459184646606, 'z': 1.25}, belief=0.681, context=0.681, uncertainty=1.000, negative=0.0
  5: pos={'x': -2.75, 'y': 0.9010459184646606, 'z': 1.5}, belief=0.672, context=0.672, uncertainty=1.000, negative=0.0
  6: pos={'x': -2.5, 'y': 0.9010459184646606, 'z': 1.5}, belief=0.669, context=0.669, uncertainty=1.000, negative=0.0
  7: pos={'x': -3.0, 'y': 0.9010459184646606, 'z': 1.5}, belief=0.662, context=0.662, uncertainty=1.000, negative=0.0
  8: pos={'x': -2.25, 'y': 0.9010459184646606, 'z': 1.5}, belief=0.659, context=0.659, uncertainty=1.000, negative=0.0
  9: pos={'x': -3.25, 'y': 0.9010459184646606, 'z': 1.5}, belief=0.639, context=0.639, uncertainty=1.000, negative=0.0

Top belief nodes:
  0: pos={'x': -2.75, 'y': 0.9010459184646606, 'z': 1.25}, belief=0.719, context=0.719, uncertainty=1.000, negative=0.0
  1: pos={'x': -3.0, 'y': 0.9010459184646606, 'z': 1.25}, belief=0.709, context=0.709, uncertainty=1.000, negative=0.0
  2: pos={'x': -2.5, 'y': 0.9010459184646606, 'z': 1.25}, belief=0.709, context=0.709, uncertainty=1.000, negative=0.0
  3: pos={'x': -2.25, 'y': 0.9010459184646606, 'z': 1.25}, belief=0.692, context=0.692, uncertainty=1.000, negative=0.0
  4: pos={'x': -3.25, 'y': 0.9010459184646606, 'z': 1.25}, belief=0.681, context=0.681, uncertainty=1.000, negative=0.0

========== Belief Goal 0 ==========
Current position: {'x': -0.5, 'y': 0.9010459184646606, 'z': 1.75}
Selected goal: {'x': -2.75, 'y': 0.9010459184646606, 'z': 1.25}
Goal info: {'belief': 0.7185757227564497, 'uncertainty': 1.0, 'context_score': 0.7185757227564497, 'path_cost': 12, 'seen_count': 0.0, 'negative_count': 0.0, 'visit_count': 0.0, 'score': 8.622908673077397}
Observed context objects:
{'label': 'sofa', 'matched_context': 'sofa', 'prior_weight': 0.9144684640902234, 'score': 0.967938244342804, 'position': {'x': -2.815617084503174, 'y': 0.9010459184646606, 'z': 0.8768227226896785}, 'count': 1}
{'label': 'laptop', 'matched_context': 'laptop', 'prior_weight': 0.5596541048319665, 'score': 0.9487966299057007, 'position': {'x': -3.333341121673584, 'y': 0.9010459184646606, 'z': 0.8298454791413422}, 'count': 1}
{'label': 'house plant', 'matched_context': 'house plant', 'prior_weight': 0.3601024926441225, 'score': 0.6286483407020569, 'position': {'x': -3.801283121109009, 'y': 0.9010459184646606, 'z': 2.7029983493217262}, 'count': 1}
{'label': 'sofa', 'matched_context': 'sofa', 'prior_weight': 0.9144684640902234, 'score': 0.20642733573913574, 'position': {'x': -2.1879199743270874, 'y': 0.9010459184646606, 'z': 0.9947461850500751}, 'count': 1}
{'label': 'tv', 'matched_context': 'tv', 'prior_weight': 0.8247200883115978, 'score': 0.9316990375518799, 'position': {'x': -1.2492935270358791, 'y': 0.9010459184646606, 'z': 4.057225704193115}, 'count': 1}
{'label': 'sofa', 'matched_context': 'sofa', 'prior_weight': 0.9144684640902234, 'score': 0.8748308420181274, 'position': {'x': -0.4689947640961027, 'y': 0.9010459184646606, 'z': 0.2542377710342407}, 'count': 2}
{'label': 'box', 'matched_context': 'box', 'prior_weight': 0.40727333419063405, 'score': 0.5854925513267517, 'position': {'x': 0.15598060085255558, 'y': 0.9010459184646606, 'z': 0.1692115068435669}, 'count': 1}
{'label': 'pillow', 'matched_context': 'pillow', 'prior_weight': 0.8355058640456664, 'score': 0.49048298597335815, 'position': {'x': -0.7469419430081903, 'y': 0.9010459184646606, 'z': 0.31804847717285156}, 'count': 3}
Planned actions: ['MoveAhead', 'MoveAhead', 'MoveAhead', 'MoveAhead', 'MoveAhead', 'MoveAhead', 'MoveAhead', 'MoveAhead', 'MoveAhead', 'RotateLeft', 'MoveAhead', 'MoveAhead']
Number of actions: 12
Goal 0, action 0: MoveAhead, success=True
[Context detected] label=sofa, matched_context=sofa, raw_prior=0.914, anchor=1.00, effective_prior=0.914, score=0.973
[Context detected] label=laptop, matched_context=laptop, raw_prior=0.800, anchor=0.70, effective_prior=0.560, score=0.930
[Context detected] label=plant, matched_context=house plant, raw_prior=0.720, anchor=0.50, effective_prior=0.360, score=0.575
[Context detected] label=house plant, matched_context=house plant, raw_prior=0.720, anchor=0.50, effective_prior=0.360, score=0.571
[Context detected] label=sofa, matched_context=sofa, raw_prior=0.914, anchor=1.00, effective_prior=0.914, score=0.449
[Target check] target_query=coffee table, target_prompt=coffee table, status=not_detected, det=None
Move-time YOLO target status: not_detected
Goal 0, action 1: MoveAhead, success=True
[Context detected] label=sofa, matched_context=sofa, raw_prior=0.914, anchor=1.00, effective_prior=0.914, score=0.961
[Context detected] label=laptop, matched_context=laptop, raw_prior=0.800, anchor=0.70, effective_prior=0.560, score=0.916
[Context detected] label=plant, matched_context=house plant, raw_prior=0.720, anchor=0.50, effective_prior=0.360, score=0.416
[Context detected] label=house plant, matched_context=house plant, raw_prior=0.720, anchor=0.50, effective_prior=0.360, score=0.304
[Context detected] label=pillow, matched_context=pillow, raw_prior=0.836, anchor=1.00, effective_prior=0.836, score=0.254
[Context detected] label=pillow, matched_context=pillow, raw_prior=0.836, anchor=1.00, effective_prior=0.836, score=0.245
[Target check] target_query=coffee table, target_prompt=coffee table, status=not_detected, det=None
Move-time YOLO target status: not_detected
Goal 0, action 2: MoveAhead, success=True
[Context detected] label=laptop, matched_context=laptop, raw_prior=0.800, anchor=0.70, effective_prior=0.560, score=0.938
[Context detected] label=sofa, matched_context=sofa, raw_prior=0.914, anchor=1.00, effective_prior=0.914, score=0.926
[Context detected] label=pillow, matched_context=pillow, raw_prior=0.836, anchor=1.00, effective_prior=0.836, score=0.450
[Target check] target_query=coffee table, target_prompt=coffee table, status=not_detected, det=None
Move-time YOLO target status: not_detected
Goal 0, action 3: MoveAhead, success=True
[Context detected] label=laptop, matched_context=laptop, raw_prior=0.800, anchor=0.70, effective_prior=0.560, score=0.918
[Context detected] label=sofa, matched_context=sofa, raw_prior=0.914, anchor=1.00, effective_prior=0.914, score=0.568
[Context detected] label=television, matched_context=tv, raw_prior=0.825, anchor=1.00, effective_prior=0.825, score=0.359
[Context detected] label=sofa, matched_context=sofa, raw_prior=0.914, anchor=1.00, effective_prior=0.914, score=0.331
[Target check] target_query=coffee table, target_prompt=coffee table, status=not_detected, det=None
Move-time YOLO target status: not_detected
Goal 0, action 4: MoveAhead, success=True
[Context detected] label=television, matched_context=tv, raw_prior=0.825, anchor=1.00, effective_prior=0.825, score=0.704
[Context detected] label=sofa, matched_context=sofa, raw_prior=0.914, anchor=1.00, effective_prior=0.914, score=0.460
[Target check] target_query=coffee table, target_prompt=coffee table, status=not_detected, det=None
Move-time YOLO target status: not_detected
Goal 0, action 5: MoveAhead, success=True
[Context detected] label=sofa, matched_context=sofa, raw_prior=0.914, anchor=1.00, effective_prior=0.914, score=0.263
[Context detected] label=sofa, matched_context=sofa, raw_prior=0.914, anchor=1.00, effective_prior=0.914, score=0.187
[Target check] target_query=coffee table, target_prompt=coffee table, status=not_detected, det=None
Move-time YOLO target status: not_detected
Goal 0, action 6: MoveAhead, success=True
[Context detected] label=sofa, matched_context=sofa, raw_prior=0.914, anchor=1.00, effective_prior=0.914, score=0.180
[Target check] target_query=coffee table, target_prompt=coffee table, status=not_detected, det=None
Move-time YOLO target status: not_detected
Goal 0, action 7: MoveAhead, success=True
[Target check] target_query=coffee table, target_prompt=coffee table, status=not_detected, det=None
Move-time YOLO target status: not_detected
Goal 0, action 8: MoveAhead, success=True
[Target check] target_query=coffee table, target_prompt=coffee table, status=not_detected, det=None
Move-time YOLO target status: not_detected
Goal 0, action 9: RotateLeft, success=True
[Context detected] label=sofa, matched_context=sofa, raw_prior=0.914, anchor=1.00, effective_prior=0.914, score=0.759
[Context detected] label=television, matched_context=tv, raw_prior=0.825, anchor=1.00, effective_prior=0.825, score=0.754
[Context detected] label=pillow, matched_context=pillow, raw_prior=0.836, anchor=1.00, effective_prior=0.836, score=0.635
[Context detected] label=couch, matched_context=sofa, raw_prior=0.914, anchor=1.00, effective_prior=0.914, score=0.579
[Context detected] label=sofa, matched_context=sofa, raw_prior=0.914, anchor=1.00, effective_prior=0.914, score=0.433
[Context detected] label=sofa, matched_context=sofa, raw_prior=0.914, anchor=1.00, effective_prior=0.914, score=0.305
[Context detected] label=pillow, matched_context=pillow, raw_prior=0.836, anchor=1.00, effective_prior=0.836, score=0.267
[Target check] target_query=coffee table, target_prompt=coffee table, status=not_detected, det=None
Move-time YOLO target status: not_detected
Goal 0, action 10: MoveAhead, success=True
[Context detected] label=sofa, matched_context=sofa, raw_prior=0.914, anchor=1.00, effective_prior=0.914, score=0.540
[Context detected] label=chair, matched_context=arm chair, raw_prior=0.698, anchor=0.70, effective_prior=0.489, score=0.520
[Context detected] label=pillow, matched_context=pillow, raw_prior=0.836, anchor=1.00, effective_prior=0.836, score=0.450
[Context detected] label=pillow, matched_context=pillow, raw_prior=0.836, anchor=1.00, effective_prior=0.836, score=0.318
[Context detected] label=arm chair, matched_context=arm chair, raw_prior=0.698, anchor=0.70, effective_prior=0.489, score=0.232
[Target check] target_query=coffee table, target_prompt=coffee table, status=not_detected, det=None
Move-time YOLO target status: not_detected
Goal 0, action 11: MoveAhead, success=True
[Context detected] label=sofa, matched_context=sofa, raw_prior=0.914, anchor=1.00, effective_prior=0.914, score=0.544
[Context detected] label=television, matched_context=tv, raw_prior=0.825, anchor=1.00, effective_prior=0.825, score=0.373
[Context detected] label=pillow, matched_context=pillow, raw_prior=0.836, anchor=1.00, effective_prior=0.836, score=0.357
[Context detected] label=laptop, matched_context=laptop, raw_prior=0.800, anchor=0.70, effective_prior=0.560, score=0.251
[Target check] target_query=coffee table, target_prompt=coffee table, status=not_detected, det=None
Move-time YOLO target status: not_detected
[Context detected] label=sofa, matched_context=sofa, raw_prior=0.914, anchor=1.00, effective_prior=0.914, score=0.544
[Context detected] label=television, matched_context=tv, raw_prior=0.825, anchor=1.00, effective_prior=0.825, score=0.373
[Context detected] label=pillow, matched_context=pillow, raw_prior=0.836, anchor=1.00, effective_prior=0.836, score=0.357
[Context detected] label=laptop, matched_context=laptop, raw_prior=0.800, anchor=0.70, effective_prior=0.560, score=0.251
[Target check] target_query=coffee table, target_prompt=coffee table, status=not_detected, det=None
Observe rotation 0:
YOLO detections: [('sofa', 0.544, [170.0, 356.1, 639.5, 480.0]), ('television', 0.373, [0.0, 416.8, 106.3, 480.0]), ('pillow', 0.357, [242.2, 356.4, 639.2, 480.0]), ('laptop', 0.251, [0.0, 416.7, 211.0, 479.9])]
Target status: not_detected
[Target check] target_query=coffee table, target_prompt=coffee table, status=not_detected, det=None
Observe rotation 1:
YOLO detections: []
Target status: not_detected
[Context detected] label=tv, matched_context=tv, raw_prior=0.825, anchor=1.00, effective_prior=0.825, score=0.951
[Context detected] label=plant, matched_context=house plant, raw_prior=0.720, anchor=0.50, effective_prior=0.360, score=0.654
[Context detected] label=house plant, matched_context=house plant, raw_prior=0.720, anchor=0.50, effective_prior=0.360, score=0.279
[Target check] target_query=coffee table, target_prompt=coffee table, status=not_detected, det=None
Observe rotation 2:
YOLO detections: [('tv', 0.951, [412.3, 240.5, 593.0, 364.4]), ('desk lamp', 0.93, [130.4, 154.6, 220.5, 479.9]), ('lamp', 0.882, [131.1, 153.3, 219.7, 480.0]), ('desk', 0.747, [399.4, 358.8, 639.7, 479.9]), ('book', 0.733, [435.7, 378.5, 491.6, 402.8]), ('plant', 0.654, [477.9, 376.0, 639.9, 480.0]), ('tv stand', 0.642, [400.7, 358.1, 640.0, 480.0]), ('house plant', 0.279, [478.1, 373.7, 639.7, 480.0])]
Target status: not_detected
[Context detected] label=sofa, matched_context=sofa, raw_prior=0.914, anchor=1.00, effective_prior=0.914, score=0.946
[Context detected] label=pillow, matched_context=pillow, raw_prior=0.836, anchor=1.00, effective_prior=0.836, score=0.615
[Context detected] label=pillow, matched_context=pillow, raw_prior=0.836, anchor=1.00, effective_prior=0.836, score=0.342
[Context detected] label=box, matched_context=box, raw_prior=0.815, anchor=0.50, effective_prior=0.407, score=0.253
[Target check] target_query=coffee table, target_prompt=coffee table, status=not_detected, det=None
Observe rotation 3:
YOLO detections: [('sofa', 0.946, [359.5, 324.2, 640.0, 480.0]), ('pillow', 0.615, [420.7, 366.7, 503.9, 451.4]), ('side table', 0.472, [382.5, 331.6, 484.0, 366.7]), ('pillow', 0.342, [574.1, 374.2, 640.0, 480.0]), ('box', 0.253, [407.6, 311.6, 487.2, 361.4]), ('pillow', 0.167, [479.1, 324.2, 619.6, 480.0]), ('painting', 0.145, [545.2, 51.8, 640.0, 314.5])]
Target status: not_detected

Top belief nodes:
  0: pos={'x': -3.75, 'y': 0.9010459184646606, 'z': 3.25}, belief=0.746, context=0.746, uncertainty=1.000, negative=0.0
  1: pos={'x': -3.0, 'y': 0.9010459184646606, 'z': 3.5}, belief=0.741, context=0.741, uncertainty=1.000, negative=0.0
  2: pos={'x': -2.5, 'y': 0.9010459184646606, 'z': 3.75}, belief=0.737, context=0.737, uncertainty=1.000, negative=0.0
  3: pos={'x': -3.25, 'y': 0.9010459184646606, 'z': 3.5}, belief=0.729, context=0.729, uncertainty=1.000, negative=0.0
  4: pos={'x': -2.75, 'y': 0.9010459184646606, 'z': 3.75}, belief=0.719, context=0.719, uncertainty=1.000, negative=0.0

========== Belief Goal 1 ==========
Current position: {'x': -2.75, 'y': 0.9010459184646606, 'z': 1.25}
Selected goal: {'x': -3.0, 'y': 0.9010459184646606, 'z': 3.5}
Goal info: {'belief': 0.7407552579580864, 'uncertainty': 1.0, 'context_score': 0.7407552579580864, 'path_cost': 12, 'seen_count': 0.0, 'negative_count': 0.0, 'visit_count': 0.0, 'score': 8.889063095497036}
Observed context objects:
{'label': 'sofa', 'matched_context': 'sofa', 'prior_weight': 0.9144684640902234, 'score': 0.9730955362319946, 'position': {'x': -3.468908887455847, 'y': 0.9010459184646606, 'z': 0.8507699970478865}, 'count': 11}
{'label': 'laptop', 'matched_context': 'laptop', 'prior_weight': 0.5596541048319665, 'score': 0.9487966299057007, 'position': {'x': -3.3139341831207276, 'y': 0.9010459184646606, 'z': 0.8349717626022043}, 'count': 5}
{'label': 'house plant', 'matched_context': 'house plant', 'prior_weight': 0.3601024926441225, 'score': 0.6286483407020569, 'position': {'x': -3.947022008895874, 'y': 0.9010459184646606, 'z': 2.8791091253895837}, 'count': 5}
{'label': 'sofa', 'matched_context': 'sofa', 'prior_weight': 0.9144684640902234, 'score': 0.20642733573913574, 'position': {'x': -2.1879199743270874, 'y': 0.9010459184646606, 'z': 0.9947461850500751}, 'count': 1}
{'label': 'tv', 'matched_context': 'tv', 'prior_weight': 0.8247200883115978, 'score': 0.9505655765533447, 'position': {'x': -1.5387861336531479, 'y': 0.9010459184646606, 'z': 4.057101249694824}, 'count': 2}
{'label': 'sofa', 'matched_context': 'sofa', 'prior_weight': 0.9144684640902234, 'score': 0.946099579334259, 'position': {'x': -0.5645962739034239, 'y': 0.9010459184646606, 'z': 0.3714792803433668}, 'count': 3}
{'label': 'box', 'matched_context': 'box', 'prior_weight': 0.40727333419063405, 'score': 0.5854925513267517, 'position': {'x': 0.16516614652613132, 'y': 0.9010459184646606, 'z': 0.37456879238979446}, 'count': 2}
{'label': 'pillow', 'matched_context': 'pillow', 'prior_weight': 0.8355058640456664, 'score': 0.6149740815162659, 'position': {'x': -0.7267578088033839, 'y': 0.9010459184646606, 'z': 0.4185096460641317}, 'count': 4}
{'label': 'sofa', 'matched_context': 'sofa', 'prior_weight': 0.9144684640902234, 'score': 0.4494384229183197, 'position': {'x': -3.707716226577759, 'y': 0.9010459184646606, 'z': 2.187582304022805}, 'count': 1}
{'label': 'pillow', 'matched_context': 'pillow', 'prior_weight': 0.8355058640456664, 'score': 0.6353620886802673, 'position': {'x': -3.0290992759396524, 'y': 0.9010459184646606, 'z': 0.4182917389220387}, 'count': 6}
{'label': 'pillow', 'matched_context': 'pillow', 'prior_weight': 0.8355058640456664, 'score': 0.24493275582790375, 'position': {'x': -2.447016954421997, 'y': 0.9010459184646606, 'z': 1.0555441340940843}, 'count': 1}
{'label': 'television', 'matched_context': 'tv', 'prior_weight': 0.8247200883115978, 'score': 0.7542940378189087, 'position': {'x': -3.359008488065116, 'y': 0.9010459184646606, 'z': 0.6136417586726162}, 'count': 3}
{'label': 'sofa', 'matched_context': 'sofa', 'prior_weight': 0.9144684640902234, 'score': 0.7590583562850952, 'position': {'x': -2.5859552424416252, 'y': 0.9010459184646606, 'z': 0.26103849411010743}, 'count': 5}
{'label': 'sofa', 'matched_context': 'sofa', 'prior_weight': 0.9144684640902234, 'score': 0.43261057138442993, 'position': {'x': -2.821297086988036, 'y': 0.9010459184646606, 'z': 0.28641271591186523}, 'count': 1}
{'label': 'pillow', 'matched_context': 'pillow', 'prior_weight': 0.8355058640456664, 'score': 0.45004990696907043, 'position': {'x': -2.5173457517825835, 'y': 0.9010459184646606, 'z': 0.27222687005996704}, 'count': 2}
{'label': 'chair', 'matched_context': 'arm chair', 'prior_weight': 0.4889098683626692, 'score': 0.5197396278381348, 'position': {'x': -2.2353053538575445, 'y': 0.9010459184646606, 'z': 0.2120821475982666}, 'count': 2}
{'label': 'television', 'matched_context': 'tv', 'prior_weight': 0.8247200883115978, 'score': 0.3726617395877838, 'position': {'x': -2.2272672083625484, 'y': 0.9010459184646606, 'z': 0.16487669944763184}, 'count': 2}
{'label': 'laptop', 'matched_context': 'laptop', 'prior_weight': 0.5596541048319665, 'score': 0.25110605359077454, 'position': {'x': -2.265489297682066, 'y': 0.9010459184646606, 'z': 0.000962376594543457}, 'count': 2}
{'label': 'plant', 'matched_context': 'house plant', 'prior_weight': 0.3601024926441225, 'score': 0.6541244387626648, 'position': {'x': -1.8167984318009083, 'y': 0.9010459184646606, 'z': 3.4232470989227295}, 'count': 2}
{'label': 'pillow', 'matched_context': 'pillow', 'prior_weight': 0.8355058640456664, 'score': 0.3421976864337921, 'position': {'x': -1.330599308013916, 'y': 0.9010459184646606, 'z': 0.5175795866270425}, 'count': 1}
Planned actions: ['RotateRight', 'MoveAhead', 'RotateRight', 'MoveAhead', 'MoveAhead', 'MoveAhead', 'MoveAhead', 'MoveAhead', 'MoveAhead', 'MoveAhead', 'MoveAhead', 'MoveAhead']
Number of actions: 12
Goal 1, action 0: RotateRight, success=True
[Target check] target_query=coffee table, target_prompt=coffee table, status=not_detected, det=None
Move-time YOLO target status: not_detected
Goal 1, action 1: MoveAhead, success=True
[Target check] target_query=coffee table, target_prompt=coffee table, status=not_detected, det=None
Move-time YOLO target status: not_detected
Goal 1, action 2: RotateRight, success=True
[Context detected] label=tv, matched_context=tv, raw_prior=0.825, anchor=1.00, effective_prior=0.825, score=0.956
[Target check] target_query=coffee table, target_prompt=coffee table, status=not_detected, det=None
Move-time YOLO target status: not_detected
Goal 1, action 3: MoveAhead, success=True
[Context detected] label=tv, matched_context=tv, raw_prior=0.825, anchor=1.00, effective_prior=0.825, score=0.948
[Target check] target_query=coffee table, target_prompt=coffee table, status=not_detected, det=None
Move-time YOLO target status: not_detected
Goal 1, action 4: MoveAhead, success=True
[Context detected] label=tv, matched_context=tv, raw_prior=0.825, anchor=1.00, effective_prior=0.825, score=0.942
[Target check] target_query=coffee table, target_prompt=coffee table, status=not_detected, det=None
Move-time YOLO target status: not_detected
Goal 1, action 5: MoveAhead, success=True
[Context detected] label=tv, matched_context=tv, raw_prior=0.825, anchor=1.00, effective_prior=0.825, score=0.934
[Target check] target_query=coffee table, target_prompt=coffee table, status=not_detected, det=None
Move-time YOLO target status: not_detected
Goal 1, action 6: MoveAhead, success=True
[Context detected] label=tv, matched_context=tv, raw_prior=0.825, anchor=1.00, effective_prior=0.825, score=0.949
[Context detected] label=tv, matched_context=tv, raw_prior=0.825, anchor=1.00, effective_prior=0.825, score=0.312
[Target check] target_query=coffee table, target_prompt=coffee table, status=not_detected, det=None
Move-time YOLO target status: not_detected
Goal 1, action 7: MoveAhead, success=True
[Context detected] label=tv, matched_context=tv, raw_prior=0.825, anchor=1.00, effective_prior=0.825, score=0.938
[Context detected] label=tv, matched_context=tv, raw_prior=0.825, anchor=1.00, effective_prior=0.825, score=0.272
[Target check] target_query=coffee table, target_prompt=coffee table, status=not_detected, det=None
Move-time YOLO target status: not_detected
Goal 1, action 8: MoveAhead, success=True
[Context detected] label=tv, matched_context=tv, raw_prior=0.825, anchor=1.00, effective_prior=0.825, score=0.670
[Context detected] label=tv, matched_context=tv, raw_prior=0.825, anchor=1.00, effective_prior=0.825, score=0.228
[Target check] target_query=coffee table, target_prompt=coffee table, status=not_detected, det=None
Move-time YOLO target status: not_detected
Goal 1, action 9: MoveAhead, success=True
[Target check] target_query=coffee table, target_prompt=coffee table, status=not_detected, det=None
Move-time YOLO target status: not_detected
Goal 1, action 10: MoveAhead, success=True
[Target check] target_query=coffee table, target_prompt=coffee table, status=not_detected, det=None
Move-time YOLO target status: not_detected
Goal 1, action 11: MoveAhead, success=True
[Target check] target_query=coffee table, target_prompt=coffee table, status=not_detected, det=None
Move-time YOLO target status: not_detected
[Target check] target_query=coffee table, target_prompt=coffee table, status=not_detected, det=None
Observe rotation 0:
YOLO detections: []
Target status: not_detected
[Context detected] label=tv, matched_context=tv, raw_prior=0.825, anchor=1.00, effective_prior=0.825, score=0.402
[Target check] target_query=coffee table, target_prompt=coffee table, status=not_detected, det=None
Observe rotation 1:
YOLO detections: [('side table', 0.735, [604.6, 323.3, 640.0, 396.1]), ('desk', 0.561, [604.3, 323.5, 640.0, 396.5]), ('tv', 0.402, [28.5, 242.7, 214.3, 480.0]), ('desk', 0.379, [90.3, 417.5, 346.1, 480.0]), ('desk', 0.178, [173.7, 417.3, 343.7, 480.0])]
Target status: not_detected
[Context detected] label=laptop, matched_context=laptop, raw_prior=0.800, anchor=0.70, effective_prior=0.560, score=0.943
[Context detected] label=couch, matched_context=sofa, raw_prior=0.914, anchor=1.00, effective_prior=0.914, score=0.921
[Context detected] label=sofa, matched_context=sofa, raw_prior=0.914, anchor=1.00, effective_prior=0.914, score=0.908
[Context detected] label=sofa, matched_context=sofa, raw_prior=0.914, anchor=1.00, effective_prior=0.914, score=0.808
[Context detected] label=pillow, matched_context=pillow, raw_prior=0.836, anchor=1.00, effective_prior=0.836, score=0.274
[Context detected] label=pillow, matched_context=pillow, raw_prior=0.836, anchor=1.00, effective_prior=0.836, score=0.215
[Target check] target_query=coffee table, target_prompt=coffee table, status=not_detected, det=None
Observe rotation 2:
YOLO detections: [('laptop', 0.943, [318.2, 330.9, 382.0, 387.6]), ('couch', 0.921, [0.0, 297.7, 234.8, 480.0]), ('sofa', 0.908, [216.8, 278.7, 448.8, 480.0]), ('sofa', 0.808, [0.1, 297.0, 234.6, 480.0]), ('pillow', 0.274, [0.0, 298.3, 90.6, 377.1]), ('pillow', 0.215, [0.0, 338.5, 24.6, 386.8]), ('pillow', 0.135, [0.0, 338.0, 25.0, 407.4])]
Target status: not_detected
[Target check] target_query=coffee table, target_prompt=coffee table, status=not_detected, det=None
Observe rotation 3:
YOLO detections: [('lamp', 0.426, [449.7, 0.1, 639.9, 479.7]), ('desk lamp', 0.315, [450.0, 0.2, 640.0, 478.1]), ('lamp', 0.237, [460.0, 0.0, 640.0, 91.6]), ('floor lamp', 0.219, [464.2, 0.0, 640.0, 477.3]), ('floor lamp', 0.187, [586.8, 50.9, 640.0, 477.5])]
Target status: not_detected

Top belief nodes:
  0: pos={'x': -0.25, 'y': 0.9010459184646606, 'z': 3.5}, belief=0.649, context=0.649, uncertainty=1.000, negative=0.0
  1: pos={'x': 0.0, 'y': 0.9010459184646606, 'z': 3.5}, belief=0.606, context=0.606, uncertainty=1.000, negative=0.0
  2: pos={'x': -0.75, 'y': 0.9010459184646606, 'z': 3.5}, belief=0.591, context=0.733, uncertainty=0.667, negative=0.5
  3: pos={'x': 0.25, 'y': 0.9010459184646606, 'z': 3.5}, belief=0.562, context=0.562, uncertainty=1.000, negative=0.0
  4: pos={'x': 0.5, 'y': 0.9010459184646606, 'z': 3.25}, belief=0.548, context=0.548, uncertainty=1.000, negative=0.0

========== Belief Goal 2 ==========
Current position: {'x': -3.0, 'y': 0.9010459184646606, 'z': 3.5}
Selected goal: {'x': -0.25, 'y': 0.9010459184646606, 'z': 3.5}
Goal info: {'belief': 0.6486530184892438, 'uncertainty': 1.0, 'context_score': 0.6486530184892438, 'path_cost': 20, 'seen_count': 0.0, 'negative_count': 0.0, 'visit_count': 0.0, 'score': 6.983836221870927}
Observed context objects:
{'label': 'sofa', 'matched_context': 'sofa', 'prior_weight': 0.9144684640902234, 'score': 0.9730955362319946, 'position': {'x': -3.435059728944711, 'y': 0.9010459184646606, 'z': 0.8301336769000157}, 'count': 12}
{'label': 'laptop', 'matched_context': 'laptop', 'prior_weight': 0.5596541048319665, 'score': 0.9487966299057007, 'position': {'x': -3.2881606335895626, 'y': 0.9010459184646606, 'z': 0.7717346357841245}, 'count': 6}
{'label': 'house plant', 'matched_context': 'house plant', 'prior_weight': 0.3601024926441225, 'score': 0.6286483407020569, 'position': {'x': -3.947022008895874, 'y': 0.9010459184646606, 'z': 2.8791091253895837}, 'count': 5}
{'label': 'sofa', 'matched_context': 'sofa', 'prior_weight': 0.9144684640902234, 'score': 0.9206077456474304, 'position': {'x': -2.003061969704914, 'y': 0.9010459184646606, 'z': 0.682030352190357}, 'count': 3}
{'label': 'tv', 'matched_context': 'tv', 'prior_weight': 0.8247200883115978, 'score': 0.9563884139060974, 'position': {'x': -1.9560728704268677, 'y': 0.9010459184646606, 'z': 4.043305349166422}, 'count': 10}
{'label': 'sofa', 'matched_context': 'sofa', 'prior_weight': 0.9144684640902234, 'score': 0.946099579334259, 'position': {'x': -0.5645962739034239, 'y': 0.9010459184646606, 'z': 0.3714792803433668}, 'count': 3}
{'label': 'box', 'matched_context': 'box', 'prior_weight': 0.40727333419063405, 'score': 0.5854925513267517, 'position': {'x': 0.16516614652613132, 'y': 0.9010459184646606, 'z': 0.37456879238979446}, 'count': 2}
{'label': 'pillow', 'matched_context': 'pillow', 'prior_weight': 0.8355058640456664, 'score': 0.6149740815162659, 'position': {'x': -0.7267578088033839, 'y': 0.9010459184646606, 'z': 0.4185096460641317}, 'count': 4}
{'label': 'sofa', 'matched_context': 'sofa', 'prior_weight': 0.9144684640902234, 'score': 0.4494384229183197, 'position': {'x': -3.707716226577759, 'y': 0.9010459184646606, 'z': 2.187582304022805}, 'count': 1}
{'label': 'pillow', 'matched_context': 'pillow', 'prior_weight': 0.8355058640456664, 'score': 0.6353620886802673, 'position': {'x': -3.0290992759396524, 'y': 0.9010459184646606, 'z': 0.4182917389220387}, 'count': 6}
{'label': 'pillow', 'matched_context': 'pillow', 'prior_weight': 0.8355058640456664, 'score': 0.24493275582790375, 'position': {'x': -2.447016954421997, 'y': 0.9010459184646606, 'z': 1.0555441340940843}, 'count': 1}
{'label': 'television', 'matched_context': 'tv', 'prior_weight': 0.8247200883115978, 'score': 0.7542940378189087, 'position': {'x': -3.359008488065116, 'y': 0.9010459184646606, 'z': 0.6136417586726162}, 'count': 3}
{'label': 'sofa', 'matched_context': 'sofa', 'prior_weight': 0.9144684640902234, 'score': 0.7590583562850952, 'position': {'x': -2.5859552424416252, 'y': 0.9010459184646606, 'z': 0.26103849411010743}, 'count': 5}
{'label': 'sofa', 'matched_context': 'sofa', 'prior_weight': 0.9144684640902234, 'score': 0.43261057138442993, 'position': {'x': -2.821297086988036, 'y': 0.9010459184646606, 'z': 0.28641271591186523}, 'count': 1}
{'label': 'pillow', 'matched_context': 'pillow', 'prior_weight': 0.8355058640456664, 'score': 0.45004990696907043, 'position': {'x': -2.5173457517825835, 'y': 0.9010459184646606, 'z': 0.27222687005996704}, 'count': 2}
{'label': 'chair', 'matched_context': 'arm chair', 'prior_weight': 0.4889098683626692, 'score': 0.5197396278381348, 'position': {'x': -2.2353053538575445, 'y': 0.9010459184646606, 'z': 0.2120821475982666}, 'count': 2}
{'label': 'television', 'matched_context': 'tv', 'prior_weight': 0.8247200883115978, 'score': 0.3726617395877838, 'position': {'x': -2.2272672083625484, 'y': 0.9010459184646606, 'z': 0.16487669944763184}, 'count': 2}
{'label': 'laptop', 'matched_context': 'laptop', 'prior_weight': 0.5596541048319665, 'score': 0.25110605359077454, 'position': {'x': -2.265489297682066, 'y': 0.9010459184646606, 'z': 0.000962376594543457}, 'count': 2}
{'label': 'plant', 'matched_context': 'house plant', 'prior_weight': 0.3601024926441225, 'score': 0.6541244387626648, 'position': {'x': -1.8167984318009083, 'y': 0.9010459184646606, 'z': 3.4232470989227295}, 'count': 2}
{'label': 'pillow', 'matched_context': 'pillow', 'prior_weight': 0.8355058640456664, 'score': 0.3421976864337921, 'position': {'x': -1.3621099846112603, 'y': 0.9010459184646606, 'z': 0.4456346138722222}, 'count': 3}
{'label': 'tv', 'matched_context': 'tv', 'prior_weight': 0.8247200883115978, 'score': 0.31245705485343933, 'position': {'x': -3.0763631985376025, 'y': 0.9010459184646606, 'z': 4.324952920277913}, 'count': 3}
Planned actions: ['RotateRight', 'MoveAhead', 'MoveAhead', 'RotateRight', 'MoveAhead', 'MoveAhead', 'RotateLeft', 'MoveAhead', 'MoveAhead', 'MoveAhead', 'MoveAhead', 'MoveAhead', 'MoveAhead', 'MoveAhead', 'RotateLeft', 'MoveAhead', 'MoveAhead', 'RotateRight', 'MoveAhead', 'MoveAhead']
Number of actions: 20
Goal 2, action 0: RotateRight, success=True
[Context detected] label=tv, matched_context=tv, raw_prior=0.825, anchor=1.00, effective_prior=0.825, score=0.402
[Target check] target_query=coffee table, target_prompt=coffee table, status=not_detected, det=None
Move-time YOLO target status: not_detected
Goal 2, action 1: MoveAhead, success=True
[Context detected] label=tv, matched_context=tv, raw_prior=0.825, anchor=1.00, effective_prior=0.825, score=0.271
[Target check] target_query=coffee table, target_prompt=coffee table, status=not_detected, det=None
Move-time YOLO target status: not_detected
Goal 2, action 2: MoveAhead, success=True
[Context detected] label=tv, matched_context=tv, raw_prior=0.825, anchor=1.00, effective_prior=0.825, score=0.271
[Target check] target_query=coffee table, target_prompt=coffee table, status=not_detected, det=None
Move-time YOLO target status: not_detected
Goal 2, action 3: RotateRight, success=True
[Context detected] label=sofa, matched_context=sofa, raw_prior=0.914, anchor=1.00, effective_prior=0.914, score=0.954
[Context detected] label=laptop, matched_context=laptop, raw_prior=0.800, anchor=0.70, effective_prior=0.560, score=0.948
[Context detected] label=sofa, matched_context=sofa, raw_prior=0.914, anchor=1.00, effective_prior=0.914, score=0.946
[Context detected] label=couch, matched_context=sofa, raw_prior=0.914, anchor=1.00, effective_prior=0.914, score=0.917
[Context detected] label=pillow, matched_context=pillow, raw_prior=0.836, anchor=1.00, effective_prior=0.836, score=0.862
[Context detected] label=pillow, matched_context=pillow, raw_prior=0.836, anchor=1.00, effective_prior=0.836, score=0.267
[Context detected] label=plant, matched_context=house plant, raw_prior=0.720, anchor=0.50, effective_prior=0.360, score=0.203
[Target check] target_query=coffee table, target_prompt=coffee table, status=not_detected, det=None
Move-time YOLO target status: not_detected
Goal 2, action 4: MoveAhead, success=True
[Context detected] label=laptop, matched_context=laptop, raw_prior=0.800, anchor=0.70, effective_prior=0.560, score=0.952
[Context detected] label=sofa, matched_context=sofa, raw_prior=0.914, anchor=1.00, effective_prior=0.914, score=0.950
[Context detected] label=sofa, matched_context=sofa, raw_prior=0.914, anchor=1.00, effective_prior=0.914, score=0.945
[Context detected] label=couch, matched_context=sofa, raw_prior=0.914, anchor=1.00, effective_prior=0.914, score=0.904
[Context detected] label=pillow, matched_context=pillow, raw_prior=0.836, anchor=1.00, effective_prior=0.836, score=0.884
[Context detected] label=pillow, matched_context=pillow, raw_prior=0.836, anchor=1.00, effective_prior=0.836, score=0.443
[Target check] target_query=coffee table, target_prompt=coffee table, status=not_detected, det=None
Move-time YOLO target status: not_detected
Goal 2, action 5: MoveAhead, success=True
[Context detected] label=laptop, matched_context=laptop, raw_prior=0.800, anchor=0.70, effective_prior=0.560, score=0.957
[Context detected] label=sofa, matched_context=sofa, raw_prior=0.914, anchor=1.00, effective_prior=0.914, score=0.944
[Context detected] label=couch, matched_context=sofa, raw_prior=0.914, anchor=1.00, effective_prior=0.914, score=0.931
[Context detected] label=sofa, matched_context=sofa, raw_prior=0.914, anchor=1.00, effective_prior=0.914, score=0.914
[Context detected] label=pillow, matched_context=pillow, raw_prior=0.836, anchor=1.00, effective_prior=0.836, score=0.827
[Context detected] label=pillow, matched_context=pillow, raw_prior=0.836, anchor=1.00, effective_prior=0.836, score=0.597
[Context detected] label=pillow, matched_context=pillow, raw_prior=0.836, anchor=1.00, effective_prior=0.836, score=0.342
[Context detected] label=pillow, matched_context=pillow, raw_prior=0.836, anchor=1.00, effective_prior=0.836, score=0.216
[Context detected] label=pillow, matched_context=pillow, raw_prior=0.836, anchor=1.00, effective_prior=0.836, score=0.213
[Target check] target_query=coffee table, target_prompt=coffee table, status=not_detected, det=None
Move-time YOLO target status: not_detected
Goal 2, action 6: RotateLeft, success=True
[Context detected] label=tv, matched_context=tv, raw_prior=0.825, anchor=1.00, effective_prior=0.825, score=0.687
[Context detected] label=television, matched_context=tv, raw_prior=0.825, anchor=1.00, effective_prior=0.825, score=0.257
[Target check] target_query=coffee table, target_prompt=coffee table, status=not_detected, det=None
Move-time YOLO target status: not_detected
Goal 2, action 7: MoveAhead, success=True
[Target check] target_query=coffee table, target_prompt=coffee table, status=not_detected, det=None
Move-time YOLO target status: not_detected
Goal 2, action 8: MoveAhead, success=True
[Target check] target_query=coffee table, target_prompt=coffee table, status=not_detected, det=None
Move-time YOLO target status: not_detected
Goal 2, action 9: MoveAhead, success=True
[Target check] target_query=coffee table, target_prompt=coffee table, status=not_detected, det=None
Move-time YOLO target status: not_detected
Goal 2, action 10: MoveAhead, success=True
[Target check] target_query=coffee table, target_prompt=coffee table, status=not_detected, det=None
Move-time YOLO target status: not_detected
Goal 2, action 11: MoveAhead, success=True
[Target check] target_query=coffee table, target_prompt=coffee table, status=not_detected, det=None
Move-time YOLO target status: not_detected
Goal 2, action 12: MoveAhead, success=True
[Target check] target_query=coffee table, target_prompt=coffee table, status=not_detected, det=None
Move-time YOLO target status: not_detected
Goal 2, action 13: MoveAhead, success=True
[Target check] target_query=coffee table, target_prompt=coffee table, status=not_detected, det=None
Move-time YOLO target status: not_detected
Goal 2, action 14: RotateLeft, success=True
[Context detected] label=tv, matched_context=tv, raw_prior=0.825, anchor=1.00, effective_prior=0.825, score=0.711
[Target check] target_query=coffee table, target_prompt=coffee table, status=not_detected, det=None
Move-time YOLO target status: not_detected
Goal 2, action 15: MoveAhead, success=True
[Context detected] label=tv, matched_context=tv, raw_prior=0.825, anchor=1.00, effective_prior=0.825, score=0.794
[Target check] target_query=coffee table, target_prompt=coffee table, status=not_detected, det=None
Move-time YOLO target status: not_detected
Goal 2, action 16: MoveAhead, success=True
[Target check] target_query=coffee table, target_prompt=coffee table, status=not_detected, det=None
Move-time YOLO target status: not_detected
Goal 2, action 17: RotateRight, success=True
[Target check] target_query=coffee table, target_prompt=coffee table, status=not_detected, det=None
Move-time YOLO target status: not_detected
Goal 2, action 18: MoveAhead, success=True
[Target check] target_query=coffee table, target_prompt=coffee table, status=not_detected, det=None
Move-time YOLO target status: not_detected
Goal 2, action 19: MoveAhead, success=True
[Target check] target_query=coffee table, target_prompt=coffee table, status=not_detected, det=None
Move-time YOLO target status: not_detected
[Target check] target_query=coffee table, target_prompt=coffee table, status=not_detected, det=None
Observe rotation 0:
YOLO detections: []
Target status: not_detected
[Context detected] label=sofa, matched_context=sofa, raw_prior=0.914, anchor=1.00, effective_prior=0.914, score=0.943
[Context detected] label=couch, matched_context=sofa, raw_prior=0.914, anchor=1.00, effective_prior=0.914, score=0.929
[Context detected] label=pillow, matched_context=pillow, raw_prior=0.836, anchor=1.00, effective_prior=0.836, score=0.824
[Context detected] label=box, matched_context=box, raw_prior=0.815, anchor=0.50, effective_prior=0.407, score=0.271
[Context detected] label=pillow, matched_context=pillow, raw_prior=0.836, anchor=1.00, effective_prior=0.836, score=0.241
[Context detected] label=box, matched_context=box, raw_prior=0.815, anchor=0.50, effective_prior=0.407, score=0.185
[Target check] target_query=coffee table, target_prompt=coffee table, status=not_detected, det=None
Observe rotation 1:
YOLO detections: [('sofa', 0.943, [266.9, 298.6, 639.6, 480.0]), ('couch', 0.929, [267.7, 298.1, 639.6, 480.0]), ('side table', 0.828, [116.3, 340.5, 277.6, 472.0]), ('pillow', 0.824, [313.5, 340.6, 399.5, 387.1]), ('box', 0.271, [199.5, 312.4, 285.3, 357.6]), ('book', 0.244, [156.4, 345.5, 190.9, 356.4]), ('pillow', 0.241, [430.5, 299.3, 561.0, 376.7]), ('box', 0.185, [602.4, 279.4, 640.0, 338.0])]
Target status: not_detected
[Context detected] label=tv, matched_context=tv, raw_prior=0.825, anchor=1.00, effective_prior=0.825, score=0.758
[Context detected] label=house plant, matched_context=house plant, raw_prior=0.720, anchor=0.50, effective_prior=0.360, score=0.515
[Target check] target_query=coffee table, target_prompt=coffee table, status=not_detected, det=None
Observe rotation 2:
YOLO detections: [('lamp', 0.931, [350.4, 174.5, 419.8, 430.6]), ('floor lamp', 0.85, [351.3, 174.4, 421.2, 431.0]), ('tv', 0.758, [443.4, 241.7, 640.0, 480.0]), ('book', 0.736, [312.4, 431.1, 384.8, 468.9]), ('house plant', 0.515, [1.6, 324.2, 119.9, 472.5]), ('desk', 0.28, [293.6, 430.1, 558.8, 480.0]), ('side table', 0.257, [3.7, 462.8, 96.3, 480.0]), ('desk', 0.252, [295.4, 429.4, 481.2, 480.0]), ('side table', 0.223, [0.2, 462.5, 154.3, 480.0]), ('side table', 0.22, [0.0, 326.4, 26.6, 442.5]), ('side table', 0.203, [1.5, 450.5, 140.5, 480.0]), ('side table', 0.189, [18.4, 435.6, 72.5, 480.0]), ('side table', 0.147, [19.4, 461.0, 72.9, 480.0]), ('side table', 0.145, [0.0, 424.7, 154.1, 480.0]), ('side table', 0.131, [295.5, 428.6, 524.1, 480.0])]
Target status: not_detected
[Target check] target_query=coffee table, target_prompt=coffee table, status=not_detected, det=None
Observe rotation 3:
YOLO detections: []
Target status: not_detected

Top belief nodes:
  0: pos={'x': 1.0, 'y': 0.9010459184646606, 'z': 1.0}, belief=0.314, context=0.743, uncertainty=0.333, negative=2.0
  1: pos={'x': 1.0, 'y': 0.9010459184646606, 'z': 1.25}, belief=0.309, context=0.731, uncertainty=0.333, negative=2.0
  2: pos={'x': 1.0, 'y': 0.9010459184646606, 'z': 1.5}, belief=0.302, context=0.716, uncertainty=0.333, negative=2.0
  3: pos={'x': 1.0, 'y': 0.9010459184646606, 'z': 2.0}, belief=0.287, context=0.678, uncertainty=0.333, negative=2.0
  4: pos={'x': 1.0, 'y': 0.9010459184646606, 'z': 2.25}, belief=0.278, context=0.658, uncertainty=0.333, negative=2.0

========== Belief Goal 3 ==========
Current position: {'x': -0.25, 'y': 0.9010459184646606, 'z': 3.5}
Selected goal: {'x': 1.0, 'y': 0.9010459184646606, 'z': 1.5}
Goal info: {'belief': 0.30240754699628225, 'uncertainty': 0.3333333333333333, 'context_score': 0.7157575076835082, 'path_cost': 15, 'seen_count': 2.0, 'negative_count': 2.0, 'visit_count': 0.0, 'score': -2.944409514670161}
Observed context objects:
{'label': 'sofa', 'matched_context': 'sofa', 'prior_weight': 0.9144684640902234, 'score': 0.9730955362319946, 'position': {'x': -3.348800041520056, 'y': 0.9010459184646606, 'z': 0.7732648534564547}, 'count': 15}
{'label': 'laptop', 'matched_context': 'laptop', 'prior_weight': 0.5596541048319665, 'score': 0.957061767578125, 'position': {'x': -3.2104540523079255, 'y': 0.9010459184646606, 'z': 0.6714176341917085}, 'count': 9}
{'label': 'house plant', 'matched_context': 'house plant', 'prior_weight': 0.3601024926441225, 'score': 0.6286483407020569, 'position': {'x': -3.947022008895874, 'y': 0.9010459184646606, 'z': 2.8791091253895837}, 'count': 5}
{'label': 'sofa', 'matched_context': 'sofa', 'prior_weight': 0.9144684640902234, 'score': 0.9535642862319946, 'position': {'x': -1.7550425012779725, 'y': 0.9010459184646606, 'z': 0.5178820266442901}, 'count': 9}
{'label': 'tv', 'matched_context': 'tv', 'prior_weight': 0.8247200883115978, 'score': 0.9563884139060974, 'position': {'x': -1.850358965519989, 'y': 0.9010459184646606, 'z': 4.0076610412881415}, 'count': 14}
{'label': 'sofa', 'matched_context': 'sofa', 'prior_weight': 0.9144684640902234, 'score': 0.946099579334259, 'position': {'x': -0.7147597384660379, 'y': 0.9010459184646606, 'z': 0.46835360977096147}, 'count': 5}
{'label': 'box', 'matched_context': 'box', 'prior_weight': 0.40727333419063405, 'score': 0.5854925513267517, 'position': {'x': 0.16643383174439594, 'y': 0.9010459184646606, 'z': 0.4240018342647051}, 'count': 3}
{'label': 'pillow', 'matched_context': 'pillow', 'prior_weight': 0.8355058640456664, 'score': 0.8837897777557373, 'position': {'x': -0.9622273317548782, 'y': 0.9010459184646606, 'z': 0.43252251009348014}, 'count': 12}
{'label': 'sofa', 'matched_context': 'sofa', 'prior_weight': 0.9144684640902234, 'score': 0.4494384229183197, 'position': {'x': -3.707716226577759, 'y': 0.9010459184646606, 'z': 2.187582304022805}, 'count': 1}
{'label': 'pillow', 'matched_context': 'pillow', 'prior_weight': 0.8355058640456664, 'score': 0.6353620886802673, 'position': {'x': -3.010098442388299, 'y': 0.9010459184646606, 'z': 0.4046380956638192}, 'count': 7}
{'label': 'pillow', 'matched_context': 'pillow', 'prior_weight': 0.8355058640456664, 'score': 0.24493275582790375, 'position': {'x': -2.447016954421997, 'y': 0.9010459184646606, 'z': 1.0555441340940843}, 'count': 1}
{'label': 'television', 'matched_context': 'tv', 'prior_weight': 0.8247200883115978, 'score': 0.7542940378189087, 'position': {'x': -3.359008488065116, 'y': 0.9010459184646606, 'z': 0.6136417586726162}, 'count': 3}
{'label': 'sofa', 'matched_context': 'sofa', 'prior_weight': 0.9144684640902234, 'score': 0.7590583562850952, 'position': {'x': -2.5859552424416252, 'y': 0.9010459184646606, 'z': 0.26103849411010743}, 'count': 5}
{'label': 'sofa', 'matched_context': 'sofa', 'prior_weight': 0.9144684640902234, 'score': 0.43261057138442993, 'position': {'x': -2.821297086988036, 'y': 0.9010459184646606, 'z': 0.28641271591186523}, 'count': 1}
{'label': 'pillow', 'matched_context': 'pillow', 'prior_weight': 0.8355058640456664, 'score': 0.45004990696907043, 'position': {'x': -2.5173457517825835, 'y': 0.9010459184646606, 'z': 0.27222687005996704}, 'count': 2}
{'label': 'chair', 'matched_context': 'arm chair', 'prior_weight': 0.4889098683626692, 'score': 0.5197396278381348, 'position': {'x': -2.2353053538575445, 'y': 0.9010459184646606, 'z': 0.2120821475982666}, 'count': 2}
{'label': 'television', 'matched_context': 'tv', 'prior_weight': 0.8247200883115978, 'score': 0.3726617395877838, 'position': {'x': -2.2272672083625484, 'y': 0.9010459184646606, 'z': 0.16487669944763184}, 'count': 2}
{'label': 'laptop', 'matched_context': 'laptop', 'prior_weight': 0.5596541048319665, 'score': 0.25110605359077454, 'position': {'x': -2.265489297682066, 'y': 0.9010459184646606, 'z': 0.000962376594543457}, 'count': 2}
{'label': 'plant', 'matched_context': 'house plant', 'prior_weight': 0.3601024926441225, 'score': 0.6541244387626648, 'position': {'x': -1.8167984318009083, 'y': 0.9010459184646606, 'z': 3.4232470989227295}, 'count': 2}
{'label': 'pillow', 'matched_context': 'pillow', 'prior_weight': 0.8355058640456664, 'score': 0.3421976864337921, 'position': {'x': -1.492102049894353, 'y': 0.9010459184646606, 'z': 0.41530603948284095}, 'count': 4}
{'label': 'tv', 'matched_context': 'tv', 'prior_weight': 0.8247200883115978, 'score': 0.31245705485343933, 'position': {'x': -3.0763631985376025, 'y': 0.9010459184646606, 'z': 4.324952920277913}, 'count': 3}
{'label': 'plant', 'matched_context': 'house plant', 'prior_weight': 0.3601024926441225, 'score': 0.20250432193279266, 'position': {'x': -2.095565792580392, 'y': 0.9010459184646606, 'z': 2.268350601196289}, 'count': 1}
{'label': 'pillow', 'matched_context': 'pillow', 'prior_weight': 0.8355058640456664, 'score': 0.2134181559085846, 'position': {'x': -1.7185787326936042, 'y': 0.9010459184646606, 'z': 0.9948720932006836}, 'count': 1}
{'label': 'tv', 'matched_context': 'tv', 'prior_weight': 0.8247200883115978, 'score': 0.7939676642417908, 'position': {'x': -1.051996963104678, 'y': 0.9010459184646606, 'z': 3.9250116832748123}, 'count': 4}
{'label': 'box', 'matched_context': 'box', 'prior_weight': 0.40727333419063405, 'score': 0.18473748862743378, 'position': {'x': -2.018647381672545, 'y': 0.9010459184646606, 'z': 0.23238706588745117}, 'count': 1}
{'label': 'house plant', 'matched_context': 'house plant', 'prior_weight': 0.3601024926441225, 'score': 0.5148128867149353, 'position': {'x': -3.8000304698944087, 'y': 0.9010459184646606, 'z': 1.8346910239672598}, 'count': 1}
Planned actions: ['RotateRight', 'MoveAhead', 'MoveAhead', 'MoveAhead', 'MoveAhead', 'MoveAhead', 'MoveAhead', 'MoveAhead', 'MoveAhead', 'RotateLeft', 'MoveAhead', 'MoveAhead', 'MoveAhead', 'MoveAhead', 'MoveAhead']
Number of actions: 15
Goal 3, action 0: RotateRight, success=True
[Context detected] label=sofa, matched_context=sofa, raw_prior=0.914, anchor=1.00, effective_prior=0.914, score=0.943
[Context detected] label=couch, matched_context=sofa, raw_prior=0.914, anchor=1.00, effective_prior=0.914, score=0.929
[Context detected] label=pillow, matched_context=pillow, raw_prior=0.836, anchor=1.00, effective_prior=0.836, score=0.824
[Context detected] label=box, matched_context=box, raw_prior=0.815, anchor=0.50, effective_prior=0.407, score=0.271
[Context detected] label=pillow, matched_context=pillow, raw_prior=0.836, anchor=1.00, effective_prior=0.836, score=0.241
[Context detected] label=box, matched_context=box, raw_prior=0.815, anchor=0.50, effective_prior=0.407, score=0.185
[Target check] target_query=coffee table, target_prompt=coffee table, status=not_detected, det=None
Move-time YOLO target status: not_detected
Goal 3, action 1: MoveAhead, success=True
[Context detected] label=sofa, matched_context=sofa, raw_prior=0.914, anchor=1.00, effective_prior=0.914, score=0.920
[Context detected] label=pillow, matched_context=pillow, raw_prior=0.836, anchor=1.00, effective_prior=0.836, score=0.869
[Context detected] label=box, matched_context=box, raw_prior=0.815, anchor=0.50, effective_prior=0.407, score=0.269
[Target check] target_query=coffee table, target_prompt=coffee table, status=not_detected, det=None
Move-time YOLO target status: not_detected
Goal 3, action 2: MoveAhead, success=True
[Context detected] label=sofa, matched_context=sofa, raw_prior=0.914, anchor=1.00, effective_prior=0.914, score=0.821
[Context detected] label=pillow, matched_context=pillow, raw_prior=0.836, anchor=1.00, effective_prior=0.836, score=0.777
[Context detected] label=sofa, matched_context=sofa, raw_prior=0.914, anchor=1.00, effective_prior=0.914, score=0.432
[Context detected] label=box, matched_context=box, raw_prior=0.815, anchor=0.50, effective_prior=0.407, score=0.337
[Context detected] label=pillow, matched_context=pillow, raw_prior=0.836, anchor=1.00, effective_prior=0.836, score=0.293
[Context detected] label=box, matched_context=box, raw_prior=0.815, anchor=0.50, effective_prior=0.407, score=0.290
[Context detected] label=box, matched_context=box, raw_prior=0.815, anchor=0.50, effective_prior=0.407, score=0.238
[Context detected] label=sofa, matched_context=sofa, raw_prior=0.914, anchor=1.00, effective_prior=0.914, score=0.232
[Context detected] label=chair, matched_context=arm chair, raw_prior=0.698, anchor=0.70, effective_prior=0.489, score=0.200
[Target check] target_query=coffee table, target_prompt=coffee table, status=not_detected, det=None
Move-time YOLO target status: not_detected
Goal 3, action 3: MoveAhead, success=True
[Context detected] label=sofa, matched_context=sofa, raw_prior=0.914, anchor=1.00, effective_prior=0.914, score=0.951
[Context detected] label=pillow, matched_context=pillow, raw_prior=0.836, anchor=1.00, effective_prior=0.836, score=0.707
[Context detected] label=pillow, matched_context=pillow, raw_prior=0.836, anchor=1.00, effective_prior=0.836, score=0.651
[Context detected] label=box, matched_context=box, raw_prior=0.815, anchor=0.50, effective_prior=0.407, score=0.405
[Context detected] label=couch, matched_context=sofa, raw_prior=0.914, anchor=1.00, effective_prior=0.914, score=0.280
[Context detected] label=pillow, matched_context=pillow, raw_prior=0.836, anchor=1.00, effective_prior=0.836, score=0.236
[Target check] target_query=coffee table, target_prompt=coffee table, status=not_detected, det=None
Move-time YOLO target status: not_detected
Goal 3, action 4: MoveAhead, success=True
[Context detected] label=sofa, matched_context=sofa, raw_prior=0.914, anchor=1.00, effective_prior=0.914, score=0.938
[Context detected] label=pillow, matched_context=pillow, raw_prior=0.836, anchor=1.00, effective_prior=0.836, score=0.732
[Context detected] label=pillow, matched_context=pillow, raw_prior=0.836, anchor=1.00, effective_prior=0.836, score=0.439
[Context detected] label=box, matched_context=box, raw_prior=0.815, anchor=0.50, effective_prior=0.407, score=0.409
[Context detected] label=box, matched_context=box, raw_prior=0.815, anchor=0.50, effective_prior=0.407, score=0.222
[Target check] target_query=coffee table, target_prompt=coffee table, status=not_detected, det=None
Move-time YOLO target status: not_detected
Goal 3, action 5: MoveAhead, success=True
[Context detected] label=sofa, matched_context=sofa, raw_prior=0.914, anchor=1.00, effective_prior=0.914, score=0.870
[Context detected] label=box, matched_context=box, raw_prior=0.815, anchor=0.50, effective_prior=0.407, score=0.354
[Context detected] label=arm chair, matched_context=arm chair, raw_prior=0.698, anchor=0.70, effective_prior=0.489, score=0.276
[Context detected] label=pillow, matched_context=pillow, raw_prior=0.836, anchor=1.00, effective_prior=0.836, score=0.234
[Context detected] label=pillow, matched_context=pillow, raw_prior=0.836, anchor=1.00, effective_prior=0.836, score=0.193
[Target check] target_query=coffee table, target_prompt=coffee table, status=not_detected, det=None
Move-time YOLO target status: not_detected
Goal 3, action 6: MoveAhead, success=True
[Context detected] label=sofa, matched_context=sofa, raw_prior=0.914, anchor=1.00, effective_prior=0.914, score=0.827
[Context detected] label=sofa, matched_context=sofa, raw_prior=0.914, anchor=1.00, effective_prior=0.914, score=0.542
[Context detected] label=pillow, matched_context=pillow, raw_prior=0.836, anchor=1.00, effective_prior=0.836, score=0.399
[Context detected] label=pillow, matched_context=pillow, raw_prior=0.836, anchor=1.00, effective_prior=0.836, score=0.352
[Context detected] label=box, matched_context=box, raw_prior=0.815, anchor=0.50, effective_prior=0.407, score=0.346
[Context detected] label=pillow, matched_context=pillow, raw_prior=0.836, anchor=1.00, effective_prior=0.836, score=0.271
[Target check] target_query=coffee table, target_prompt=coffee table, status=not_detected, det=None
Move-time YOLO target status: not_detected
Goal 3, action 7: MoveAhead, success=True
[Context detected] label=box, matched_context=box, raw_prior=0.815, anchor=0.50, effective_prior=0.407, score=0.870
[Context detected] label=sofa, matched_context=sofa, raw_prior=0.914, anchor=1.00, effective_prior=0.914, score=0.787
[Context detected] label=pillow, matched_context=pillow, raw_prior=0.836, anchor=1.00, effective_prior=0.836, score=0.525
[Context detected] label=pillow, matched_context=pillow, raw_prior=0.836, anchor=1.00, effective_prior=0.836, score=0.479
[Context detected] label=pillow, matched_context=pillow, raw_prior=0.836, anchor=1.00, effective_prior=0.836, score=0.248
[Target check] target_query=coffee table, target_prompt=coffee table, status=not_detected, det=None
Move-time YOLO target status: not_detected
Goal 3, action 8: MoveAhead, success=True
[Context detected] label=sofa, matched_context=sofa, raw_prior=0.914, anchor=1.00, effective_prior=0.914, score=0.743
[Context detected] label=pillow, matched_context=pillow, raw_prior=0.836, anchor=1.00, effective_prior=0.836, score=0.714
[Context detected] label=box, matched_context=box, raw_prior=0.815, anchor=0.50, effective_prior=0.407, score=0.666
[Context detected] label=sofa, matched_context=sofa, raw_prior=0.914, anchor=1.00, effective_prior=0.914, score=0.544
[Context detected] label=pillow, matched_context=pillow, raw_prior=0.836, anchor=1.00, effective_prior=0.836, score=0.276
[Target check] target_query=coffee table, target_prompt=coffee table, status=not_detected, det=None
Move-time YOLO target status: not_detected
Goal 3, action 9: RotateLeft, success=True
[Target check] target_query=coffee table, target_prompt=coffee table, status=not_detected, det=None
Move-time YOLO target status: not_detected
Goal 3, action 10: MoveAhead, success=True
[Target check] target_query=coffee table, target_prompt=coffee table, status=not_detected, det=None
Move-time YOLO target status: not_detected
Goal 3, action 11: MoveAhead, success=True
[Target check] target_query=coffee table, target_prompt=coffee table, status=not_detected, det=None
Move-time YOLO target status: not_detected
Goal 3, action 12: MoveAhead, success=True
[Target check] target_query=coffee table, target_prompt=coffee table, status=not_detected, det=None
Move-time YOLO target status: not_detected
Goal 3, action 13: MoveAhead, success=True
[Target check] target_query=coffee table, target_prompt=coffee table, status=not_detected, det=None
Move-time YOLO target status: not_detected
Goal 3, action 14: MoveAhead, success=True
[Target check] target_query=coffee table, target_prompt=coffee table, status=not_detected, det=None
Move-time YOLO target status: not_detected
[Target check] target_query=coffee table, target_prompt=coffee table, status=not_detected, det=None
Observe rotation 0:
YOLO detections: []
Target status: not_detected
[Target check] target_query=coffee table, target_prompt=coffee table, status=not_detected, det=None
Observe rotation 1:
YOLO detections: [('box', 0.176, [435.5, 413.3, 639.9, 480.0])]
Target status: not_detected
[Context detected] label=sofa, matched_context=sofa, raw_prior=0.914, anchor=1.00, effective_prior=0.914, score=0.909
[Context detected] label=couch, matched_context=sofa, raw_prior=0.914, anchor=1.00, effective_prior=0.914, score=0.890
[Context detected] label=sofa, matched_context=sofa, raw_prior=0.914, anchor=1.00, effective_prior=0.914, score=0.677
[Context detected] label=pillow, matched_context=pillow, raw_prior=0.836, anchor=1.00, effective_prior=0.836, score=0.633
[Context detected] label=sofa, matched_context=sofa, raw_prior=0.914, anchor=1.00, effective_prior=0.914, score=0.565
[Context detected] label=sofa, matched_context=sofa, raw_prior=0.914, anchor=1.00, effective_prior=0.914, score=0.544
[Context detected] label=house plant, matched_context=house plant, raw_prior=0.720, anchor=0.50, effective_prior=0.360, score=0.373
[Context detected] label=pillow, matched_context=pillow, raw_prior=0.836, anchor=1.00, effective_prior=0.836, score=0.216
[Context detected] label=painting, matched_context=painting, raw_prior=0.678, anchor=0.50, effective_prior=0.339, score=0.199
[Target check] target_query=coffee table, target_prompt=coffee table, status=valid, det={'label': 'coffee table', 'score': 0.8837157487869263, 'box': [388.248779296875, 383.90386962890625, 541.985107421875, 479.96575927734375]}
Observe rotation 2:
YOLO detections: [('sofa', 0.909, [0.0, 310.0, 256.0, 480.0]), ('lamp', 0.895, [515.0, 192.1, 568.4, 385.7]), ('couch', 0.89, [0.0, 309.8, 256.0, 480.0]), ('coffee table', 0.884, [388.2, 383.9, 542.0, 480.0]), ('floor lamp', 0.826, [517.4, 191.9, 568.1, 386.7]), ('lamp', 0.776, [338.6, 34.1, 403.0, 69.0]), ('book', 0.702, [590.6, 354.1, 639.7, 368.6]), ('sofa', 0.677, [151.6, 270.7, 276.7, 420.6]), ('pillow', 0.633, [0.0, 419.9, 118.2, 479.9]), ('sofa', 0.565, [154.1, 270.0, 274.7, 337.3]), ('sofa', 0.544, [147.7, 313.9, 275.9, 421.3]), ('tv stand', 0.516, [572.6, 352.7, 640.0, 480.0]), ('side table', 0.445, [208.4, 305.4, 232.7, 325.1]), ('desk', 0.441, [572.5, 352.7, 640.0, 479.8]), ('house plant', 0.373, [401.1, 291.3, 465.9, 372.8]), ('pillow', 0.216, [0.0, 340.0, 81.4, 473.1]), ('book', 0.199, [417.6, 439.5, 460.1, 448.8]), ('painting', 0.199, [555.6, 152.2, 640.0, 299.0]), ('sofa', 0.16, [150.0, 267.8, 275.0, 369.6])]
Target status: valid
[Context detected] label=tv, matched_context=tv, raw_prior=0.825, anchor=1.00, effective_prior=0.825, score=0.792
[Context detected] label=television, matched_context=tv, raw_prior=0.825, anchor=1.00, effective_prior=0.825, score=0.634
[Target check] target_query=coffee table, target_prompt=coffee table, status=not_detected, det=None
Observe rotation 3:
YOLO detections: [('tv', 0.792, [0.1, 238.3, 20.3, 375.7]), ('television', 0.634, [0.0, 240.0, 19.7, 373.8]), ('side table', 0.3, [0.0, 369.4, 29.5, 479.9]), ('desk', 0.211, [0.0, 368.5, 29.1, 479.7]), ('box', 0.173, [0.0, 349.2, 18.6, 374.6])]
Target status: not_detected
Stable target position from multi-view YOLO-depth: {'x': -1.4605321884155273, 'y': 0.9010459184646606, 'z': 2.139265014599149, 'depth': 2.4605321884155273}
Best target detection: {'label': 'coffee table', 'score': 0.8837157487869263, 'box': [388.248779296875, 383.90386962890625, 541.985107421875, 479.96575927734375]}

YOLO found stable target after observing: coffee table
Stable target position: {'x': -1.4605321884155273, 'y': 0.9010459184646606, 'z': 2.139265014599149, 'depth': 2.4605321884155273}

=== Approach Target ===
Stable estimated target position: {'x': -1.4605321884155273, 'y': 0.9010459184646606, 'z': 2.139265014599149, 'depth': 2.4605321884155273}
Selected approach goal: {'x': -0.25, 'y': 0.9010459184646606, 'z': 1.5}
Goal distance to estimated target: 1.369
Approach actions: ['RotateRight', 'RotateRight', 'MoveAhead', 'MoveAhead', 'MoveAhead', 'MoveAhead', 'MoveAhead']
Number of approach actions: 7
Approach action 0: RotateRight, success=True
Approach action 1: RotateRight, success=True
Approach action 2: MoveAhead, success=True
Approach action 3: MoveAhead, success=True
Approach action 4: MoveAhead, success=True
Approach action 5: MoveAhead, success=True
Approach action 6: MoveAhead, success=True
Final verify 0, action=None, status=not_detected, det=None
Final verify 1, action=LookDown, status=valid, det={'label': 'coffee table', 'score': 0.8973101377487183, 'box': [409.954833984375, 234.6741943359375, 640.0, 462.35955810546875]}

=== Approach Finished ===
Final agent position: {'x': -0.25, 'y': 0.9010459184646606, 'z': 1.5}
Final distance to estimated target: 1.369
Final YOLO status: valid
Final YOLO target detection: {'label': 'coffee table', 'score': 0.8973101377487183, 'box': [409.954833984375, 234.6741943359375, 640.0, 462.35955810546875]}

========== Summary ==========
scene: FloorPlan202
target: coffee table
resolved_target: coffee table
success: True
visited_belief_goals: 3
visited_reachable_points: 5
total_actions: 87
num_context_objects: 30
anchor_searches: 0
searched_anchors: 0
save_dir: outputs/batch_spub_20260529_165941/FloorPlan202_coffee_table
log_path: outputs/batch_spub_20260529_165941/FloorPlan202_coffee_table/run.log
