
=== Scene ===
FloorPlan201

=== Target Query ===
coffee table

=== Resolved Target Prompt ===
coffee table

=== Debug Force Search ===
False

=== Contexts From Semantic Prior ===
sofa                 score=0.914
pillow               score=0.836
tv                   score=0.825
box                  score=0.815
laptop               score=0.800
house plant          score=0.720
arm chair            score=0.698
painting             score=0.678

=== YOLO Classes ===
['arm chair', 'book', 'box', 'chair', 'coffee table', 'couch', 'desk', 'desk lamp', 'dining table', 'floor lamp', 'house plant', 'lamp', 'laptop', 'monitor', 'newspaper', 'painting', 'pen', 'pencil', 'pillow', 'plant', 'remote control', 'side table', 'sofa', 'table', 'television', 'tv', 'tv stand']
CloudRendering failed, trying normal rendering.
Reason: Exception('The following builds were found, but had missing dependencies. Only one valid platform is required to run AI2-THOR.\nPlatform CloudRendering failed validation with the following errors: Vulkan API driver missing.\n  CloudRendering requires libvulkan1. Please install by running: sudo apt-get -y install libvulkan1')

=== Initial Pose ===
{'position': {'x': -4.0, 'y': 0.9026566743850708, 'z': 1.5}, 'rotation': {'x': -0.0, 'y': 0.0, 'z': 0.0}, 'camera_horizon': -0.0}

Number of reachable positions: 234

========== Initial YOLO Observation ==========
[Context detected] label=sofa, matched_context=sofa, raw_prior=0.914, anchor=1.00, effective_prior=0.914, score=0.892
[Context detected] label=tv, matched_context=tv, raw_prior=0.825, anchor=1.00, effective_prior=0.825, score=0.871
[Context detected] label=couch, matched_context=sofa, raw_prior=0.914, anchor=1.00, effective_prior=0.914, score=0.860
[Context detected] label=sofa, matched_context=sofa, raw_prior=0.914, anchor=1.00, effective_prior=0.914, score=0.844
[Context detected] label=chair, matched_context=arm chair, raw_prior=0.698, anchor=0.70, effective_prior=0.489, score=0.765
[Context detected] label=pillow, matched_context=pillow, raw_prior=0.836, anchor=1.00, effective_prior=0.836, score=0.758
[Context detected] label=sofa, matched_context=sofa, raw_prior=0.914, anchor=1.00, effective_prior=0.914, score=0.616
[Context detected] label=pillow, matched_context=pillow, raw_prior=0.836, anchor=1.00, effective_prior=0.836, score=0.575
[Context detected] label=box, matched_context=box, raw_prior=0.815, anchor=0.50, effective_prior=0.407, score=0.232
[Target check] target_query=coffee table, target_prompt=coffee table, status=valid, det={'label': 'coffee table', 'score': 0.7501631379127502, 'box': [470.88330078125, 346.866943359375, 559.4659423828125, 383.27880859375]}
Observe rotation 0:
YOLO detections: [('sofa', 0.892, [373.2, 359.9, 640.0, 480.0]), ('tv stand', 0.883, [409.4, 310.2, 517.3, 386.3]), ('tv', 0.871, [417.4, 249.1, 512.0, 313.6]), ('couch', 0.86, [374.0, 359.5, 640.0, 480.0]), ('sofa', 0.844, [544.4, 295.6, 640.0, 360.7]), ('chair', 0.765, [228.3, 296.2, 347.1, 402.6]), ('pillow', 0.758, [240.9, 296.5, 309.0, 341.8]), ('coffee table', 0.75, [470.9, 346.9, 559.5, 383.3]), ('sofa', 0.616, [228.7, 295.9, 347.0, 402.6]), ('pillow', 0.575, [580.5, 295.9, 639.9, 344.8]), ('side table', 0.329, [355.4, 345.0, 396.8, 383.0]), ('side table', 0.296, [471.0, 345.6, 553.4, 383.9]), ('box', 0.232, [361.6, 345.8, 396.0, 383.0]), ('box', 0.159, [364.8, 356.5, 392.7, 383.4])]
Target status: valid
[Context detected] label=sofa, matched_context=sofa, raw_prior=0.914, anchor=1.00, effective_prior=0.914, score=0.961
[Context detected] label=laptop, matched_context=laptop, raw_prior=0.800, anchor=0.70, effective_prior=0.560, score=0.901
[Context detected] label=chair, matched_context=arm chair, raw_prior=0.698, anchor=0.70, effective_prior=0.489, score=0.747
[Context detected] label=arm chair, matched_context=arm chair, raw_prior=0.698, anchor=0.70, effective_prior=0.489, score=0.735
[Context detected] label=chair, matched_context=arm chair, raw_prior=0.698, anchor=0.70, effective_prior=0.489, score=0.726
[Context detected] label=arm chair, matched_context=arm chair, raw_prior=0.698, anchor=0.70, effective_prior=0.489, score=0.599
[Context detected] label=chair, matched_context=arm chair, raw_prior=0.698, anchor=0.70, effective_prior=0.489, score=0.430
[Context detected] label=arm chair, matched_context=arm chair, raw_prior=0.698, anchor=0.70, effective_prior=0.489, score=0.262
[Context detected] label=pillow, matched_context=pillow, raw_prior=0.836, anchor=1.00, effective_prior=0.836, score=0.211
[Context detected] label=sofa, matched_context=sofa, raw_prior=0.914, anchor=1.00, effective_prior=0.914, score=0.189
[Context detected] label=arm chair, matched_context=arm chair, raw_prior=0.698, anchor=0.70, effective_prior=0.489, score=0.187
[Target check] target_query=coffee table, target_prompt=coffee table, status=not_detected, det=None
Observe rotation 1:
YOLO detections: [('sofa', 0.961, [0.0, 317.8, 111.0, 479.9]), ('lamp', 0.932, [467.0, 175.9, 532.2, 443.3]), ('laptop', 0.901, [257.2, 342.8, 328.9, 418.4]), ('lamp', 0.828, [65.9, 279.7, 101.3, 338.4]), ('floor lamp', 0.763, [467.1, 176.0, 531.9, 418.2]), ('chair', 0.747, [186.7, 365.3, 233.7, 479.5]), ('desk', 0.745, [566.6, 380.5, 640.0, 479.8]), ('side table', 0.735, [566.6, 381.0, 640.0, 480.0]), ('arm chair', 0.735, [307.0, 339.2, 360.1, 383.5]), ('chair', 0.726, [434.7, 368.5, 480.7, 474.0]), ('desk', 0.691, [85.6, 333.6, 155.8, 421.7]), ('side table', 0.684, [85.8, 333.5, 156.6, 422.3]), ('desk', 0.622, [191.3, 382.4, 487.2, 480.0]), ('book', 0.617, [349.4, 387.1, 427.8, 434.0]), ('arm chair', 0.599, [435.3, 367.5, 480.5, 469.4]), ('chair', 0.43, [307.0, 338.8, 359.9, 383.3]), ('arm chair', 0.262, [111.5, 425.4, 167.7, 479.9]), ('pillow', 0.211, [498.6, 421.9, 572.8, 480.0]), ('sofa', 0.189, [377.5, 423.6, 583.4, 479.9]), ('arm chair', 0.187, [498.9, 421.9, 572.0, 480.0]), ('floor lamp', 0.175, [471.2, 250.4, 522.8, 441.9]), ('side table', 0.174, [85.9, 345.9, 109.9, 409.4]), ('chair', 0.144, [438.8, 422.2, 579.6, 480.0]), ('chair', 0.122, [106.2, 425.2, 238.7, 479.9])]
Target status: not_detected
[Context detected] label=house plant, matched_context=house plant, raw_prior=0.720, anchor=0.50, effective_prior=0.360, score=0.313
[Context detected] label=house plant, matched_context=house plant, raw_prior=0.720, anchor=0.50, effective_prior=0.360, score=0.251
[Target check] target_query=coffee table, target_prompt=coffee table, status=not_detected, det=None
Observe rotation 2:
YOLO detections: [('house plant', 0.313, [0.3, 347.4, 151.6, 480.0]), ('house plant', 0.251, [0.7, 364.4, 118.9, 480.0])]
Target status: not_detected
[Target check] target_query=coffee table, target_prompt=coffee table, status=not_detected, det=None
Observe rotation 3:
YOLO detections: []
Target status: not_detected
Stable target position from multi-view YOLO-depth: {'x': -2.8802030811820534, 'y': 0.9026566743850708, 'z': 4.699249744415283, 'depth': 3.199249744415283}
Best target detection: {'label': 'coffee table', 'score': 0.7501631379127502, 'box': [470.88330078125, 346.866943359375, 559.4659423828125, 383.27880859375]}
Initial observed context objects:
{'label': 'sofa', 'matched_context': 'sofa', 'prior_weight': 0.9144684640902234, 'score': 0.8919835090637207, 'position': {'x': -3.5101112428720045, 'y': 0.9026566743850708, 'z': 2.959805965423584}, 'count': 2}
{'label': 'tv', 'matched_context': 'tv', 'prior_weight': 0.8247200883115978, 'score': 0.8708056807518005, 'position': {'x': -2.772467984614349, 'y': 0.9026566743850708, 'z': 6.224772930145264}, 'count': 1}
{'label': 'sofa', 'matched_context': 'sofa', 'prior_weight': 0.9144684640902234, 'score': 0.8440268635749817, 'position': {'x': -1.6889847059490832, 'y': 0.9026566743850708, 'z': 6.226548671722412}, 'count': 1}
{'label': 'chair', 'matched_context': 'arm chair', 'prior_weight': 0.4889098683626692, 'score': 0.7653322815895081, 'position': {'x': -4.255472424084816, 'y': 0.9026566743850708, 'z': 5.790823936462402}, 'count': 1}
{'label': 'pillow', 'matched_context': 'pillow', 'prior_weight': 0.8355058640456664, 'score': 0.7575604915618896, 'position': {'x': -4.386891722603357, 'y': 0.9026566743850708, 'z': 6.161677360534668}, 'count': 1}
{'label': 'sofa', 'matched_context': 'sofa', 'prior_weight': 0.9144684640902234, 'score': 0.6160718202590942, 'position': {'x': -4.256323174560187, 'y': 0.9026566743850708, 'z': 5.805112838745117}, 'count': 1}
{'label': 'pillow', 'matched_context': 'pillow', 'prior_weight': 0.8355058640456664, 'score': 0.575364351272583, 'position': {'x': -1.563191861483677, 'y': 0.9026566743850708, 'z': 6.173412322998047}, 'count': 1}
{'label': 'box', 'matched_context': 'box', 'prior_weight': 0.40727333419063405, 'score': 0.2322511374950409, 'position': {'x': -3.520941330027528, 'y': 0.9026566743850708, 'z': 6.077952861785889}, 'count': 1}
{'label': 'sofa', 'matched_context': 'sofa', 'prior_weight': 0.9144684640902234, 'score': 0.9614508748054504, 'position': {'x': -1.728947639465332, 'y': 0.9026566743850708, 'z': 2.585831447812758}, 'count': 1}
{'label': 'laptop', 'matched_context': 'laptop', 'prior_weight': 0.5596541048319665, 'score': 0.900974452495575, 'position': {'x': -1.5472807884216309, 'y': 0.9026566743850708, 'z': 1.6239068334919924}, 'count': 1}
{'label': 'chair', 'matched_context': 'arm chair', 'prior_weight': 0.4889098683626692, 'score': 0.7470958828926086, 'position': {'x': -2.245845139026642, 'y': 0.9026566743850708, 'z': 1.944440651243338}, 'count': 2}
{'label': 'arm chair', 'matched_context': 'arm chair', 'prior_weight': 0.4889098683626692, 'score': 0.7352175116539001, 'position': {'x': -1.138456106185913, 'y': 0.9026566743850708, 'z': 1.432882903793471}, 'count': 2}
{'label': 'chair', 'matched_context': 'arm chair', 'prior_weight': 0.4889098683626692, 'score': 0.7255641222000122, 'position': {'x': -2.1588932275772095, 'y': 0.9026566743850708, 'z': 0.9744495470370712}, 'count': 3}
{'label': 'pillow', 'matched_context': 'pillow', 'prior_weight': 0.8355058640456664, 'score': 0.21088577806949615, 'position': {'x': -2.4977692365646362, 'y': 0.9026566743850708, 'z': 0.9172738526072377}, 'count': 1}
{'label': 'sofa', 'matched_context': 'sofa', 'prior_weight': 0.9144684640902234, 'score': 0.18878288567066193, 'position': {'x': -2.059315323829651, 'y': 0.9026566743850708, 'z': 0.9397725899004339}, 'count': 1}
{'label': 'house plant', 'matched_context': 'house plant', 'prior_weight': 0.3601024926441225, 'score': 0.3126187324523926, 'position': {'x': -3.1719756179795757, 'y': 0.9026566743850708, 'z': -0.31398284435272217}, 'count': 2}

Top belief nodes:
  0: pos={'x': -1.75, 'y': 0.9026566743850708, 'z': 2.5}, belief=0.851, context=0.851, uncertainty=1.000, negative=0.0
  1: pos={'x': -2.0, 'y': 0.9026566743850708, 'z': 2.5}, belief=0.838, context=0.838, uncertainty=1.000, negative=0.0
  2: pos={'x': -2.25, 'y': 0.9026566743850708, 'z': 2.5}, belief=0.823, context=0.823, uncertainty=1.000, negative=0.0
  3: pos={'x': -1.5, 'y': 0.9026566743850708, 'z': 2.5}, belief=0.822, context=0.822, uncertainty=1.000, negative=0.0
  4: pos={'x': -2.5, 'y': 0.9026566743850708, 'z': 2.5}, belief=0.809, context=0.809, uncertainty=1.000, negative=0.0
  5: pos={'x': -1.25, 'y': 0.9026566743850708, 'z': 2.25}, belief=0.787, context=0.787, uncertainty=1.000, negative=0.0
  6: pos={'x': -1.25, 'y': 0.9026566743850708, 'z': 2.5}, belief=0.780, context=0.780, uncertainty=1.000, negative=0.0
  7: pos={'x': -2.75, 'y': 0.9026566743850708, 'z': 5.75}, belief=0.773, context=0.773, uncertainty=1.000, negative=0.0
  8: pos={'x': -3.0, 'y': 0.9026566743850708, 'z': 5.75}, belief=0.772, context=0.772, uncertainty=1.000, negative=0.0
  9: pos={'x': -3.5, 'y': 0.9026566743850708, 'z': 5.75}, belief=0.771, context=0.771, uncertainty=1.000, negative=0.0

YOLO found stable target at initial area. Now approaching target...

=== Approach Target ===
Stable estimated target position: {'x': -2.8802030811820534, 'y': 0.9026566743850708, 'z': 4.699249744415283, 'depth': 3.199249744415283}
Selected approach goal: {'x': -4.0, 'y': 0.9026566743850708, 'z': 4.0}
Goal distance to estimated target: 1.32
Approach actions: ['MoveAhead', 'MoveAhead', 'MoveAhead', 'MoveAhead', 'MoveAhead', 'MoveAhead', 'MoveAhead', 'MoveAhead', 'MoveAhead', 'MoveAhead']
Number of approach actions: 10
Approach action 0: MoveAhead, success=True
Approach action 1: MoveAhead, success=True
Approach action 2: MoveAhead, success=True
Approach action 3: MoveAhead, success=True
Approach action 4: MoveAhead, success=True
Approach action 5: MoveAhead, success=True
Approach action 6: MoveAhead, success=True
Approach action 7: MoveAhead, success=True
Approach action 8: MoveAhead, success=True
Approach action 9: MoveAhead, success=True
Face target action 0: RotateRight, success=True
Final verify 0, action=None, status=valid, det={'label': 'coffee table', 'score': 0.7992574572563171, 'box': [5.69775390625, 444.19793701171875, 192.8997802734375, 480.0]}

=== Approach Finished ===
Final agent position: {'x': -4.0, 'y': 0.9026566743850708, 'z': 4.0}
Final distance to estimated target: 1.32
Final YOLO status: valid
Final YOLO target detection: {'label': 'coffee table', 'score': 0.7992574572563171, 'box': [5.69775390625, 444.19793701171875, 192.8997802734375, 480.0]}

========== Summary ==========
scene: FloorPlan201
target: coffee table
resolved_target: coffee table
success: True
visited_belief_goals: 0
visited_reachable_points: 1
total_actions: 15
num_context_objects: 16
anchor_searches: 0
searched_anchors: 0
save_dir: outputs/batch_spub_20260529_165941/FloorPlan201_coffee_table
log_path: outputs/batch_spub_20260529_165941/FloorPlan201_coffee_table/run.log
