
=== Scene ===
FloorPlan203

=== Target Query ===
book

=== Resolved Target Prompt ===
book

=== Debug Force Search ===
False

=== Contexts From Semantic Prior ===
laptop               score=0.794
drawer               score=0.793
window               score=0.739
desk                 score=0.724
desk lamp            score=0.714
chair                score=0.710
shelf                score=0.683
pillow               score=0.663

=== YOLO Classes ===
['arm chair', 'book', 'box', 'chair', 'coffee table', 'couch', 'desk', 'desk lamp', 'dining table', 'drawer', 'floor lamp', 'house plant', 'lamp', 'laptop', 'monitor', 'newspaper', 'pen', 'pencil', 'pillow', 'plant', 'remote control', 'shelf', 'side table', 'sofa', 'table', 'television', 'tv', 'tv stand', 'window']
CloudRendering failed, trying normal rendering.
Reason: Exception('The following builds were found, but had missing dependencies. Only one valid platform is required to run AI2-THOR.\nPlatform CloudRendering failed validation with the following errors: Vulkan API driver missing.\n  CloudRendering requires libvulkan1. Please install by running: sudo apt-get -y install libvulkan1')

=== Initial Pose ===
{'position': {'x': -3.0, 'y': 0.9070531129837036, 'z': 2.75}, 'rotation': {'x': -0.0, 'y': 90.0, 'z': 0.0}, 'camera_horizon': -0.0}

Number of reachable positions: 593

========== Initial YOLO Observation ==========
[Context detected] label=laptop, matched_context=laptop, raw_prior=0.794, anchor=0.75, effective_prior=0.595, score=0.928
[Context detected] label=pillow, matched_context=pillow, raw_prior=0.663, anchor=0.75, effective_prior=0.497, score=0.774
[Context detected] label=pillow, matched_context=pillow, raw_prior=0.663, anchor=0.75, effective_prior=0.497, score=0.496
[Context detected] label=desk, matched_context=desk, raw_prior=0.724, anchor=1.20, effective_prior=0.869, score=0.396
[Context detected] label=pillow, matched_context=pillow, raw_prior=0.663, anchor=0.75, effective_prior=0.497, score=0.374
[Context detected] label=pillow, matched_context=pillow, raw_prior=0.663, anchor=0.75, effective_prior=0.497, score=0.275
[Context detected] label=pillow, matched_context=pillow, raw_prior=0.663, anchor=0.75, effective_prior=0.497, score=0.219
[Context detected] label=window, matched_context=window, raw_prior=0.739, anchor=0.30, effective_prior=0.222, score=0.206
[Target check] target_query=book, target_prompt=book, status=valid, det={'label': 'book', 'score': 0.43535757064819336, 'box': [108.735107421875, 369.65045166015625, 154.6593017578125, 388.40814208984375]}
Observe rotation 0:
YOLO detections: [('laptop', 0.928, [283.6, 327.0, 337.1, 374.3]), ('sofa', 0.879, [0.0, 319.6, 133.2, 478.4]), ('coffee table', 0.876, [77.1, 362.7, 181.4, 428.6]), ('tv', 0.821, [277.4, 194.1, 396.8, 266.2]), ('pillow', 0.774, [0.0, 328.8, 70.0, 376.5]), ('couch', 0.766, [0.0, 317.3, 133.1, 478.1]), ('sofa', 0.756, [35.6, 390.8, 640.0, 479.9]), ('television', 0.64, [277.8, 194.0, 396.5, 264.5]), ('pillow', 0.496, [3.2, 391.5, 170.3, 480.0]), ('book', 0.435, [108.7, 369.7, 154.7, 388.4]), ('side table', 0.426, [260.6, 352.6, 417.4, 448.6]), ('desk', 0.396, [261.0, 352.6, 416.9, 448.1]), ('sofa', 0.394, [0.0, 390.9, 462.3, 480.0]), ('pillow', 0.374, [528.4, 390.6, 640.0, 479.8]), ('tv stand', 0.323, [262.2, 353.2, 416.4, 448.3]), ('television', 0.322, [296.5, 327.0, 336.9, 373.2]), ('pillow', 0.275, [0.0, 312.7, 44.5, 365.3]), ('sofa', 0.269, [244.1, 390.7, 640.0, 480.0]), ('pillow', 0.219, [0.0, 312.6, 46.0, 348.4]), ('window', 0.206, [72.7, 165.7, 259.9, 289.9]), ('couch', 0.19, [1.0, 397.5, 593.4, 479.9]), ('shelf', 0.174, [261.7, 353.2, 416.8, 448.5])]
Target status: valid
[Context detected] label=lamp, matched_context=desk lamp, raw_prior=0.714, anchor=0.30, effective_prior=0.214, score=0.930
[Context detected] label=chair, matched_context=chair, raw_prior=0.710, anchor=0.60, effective_prior=0.426, score=0.751
[Context detected] label=chair, matched_context=chair, raw_prior=0.710, anchor=0.60, effective_prior=0.426, score=0.749
[Context detected] label=chair, matched_context=chair, raw_prior=0.710, anchor=0.60, effective_prior=0.426, score=0.736
[Context detected] label=chair, matched_context=chair, raw_prior=0.710, anchor=0.60, effective_prior=0.426, score=0.398
[Context detected] label=chair, matched_context=chair, raw_prior=0.710, anchor=0.60, effective_prior=0.426, score=0.197
[Context detected] label=chair, matched_context=chair, raw_prior=0.710, anchor=0.60, effective_prior=0.426, score=0.184
[Target check] target_query=book, target_prompt=book, status=valid, det={'label': 'book', 'score': 0.2593114972114563, 'box': [450.51373291015625, 351.671875, 494.68768310546875, 363.82733154296875]}
Observe rotation 1:
YOLO detections: [('lamp', 0.93, [447.9, 111.8, 539.7, 218.4]), ('chair', 0.751, [344.8, 311.9, 411.3, 467.8]), ('chair', 0.749, [435.0, 329.1, 523.8, 480.0]), ('chair', 0.736, [536.7, 327.9, 640.0, 480.0]), ('dining table', 0.644, [382.4, 333.4, 632.9, 479.1]), ('tv stand', 0.485, [0.0, 345.5, 82.4, 480.0]), ('chair', 0.398, [542.2, 305.3, 631.7, 459.3]), ('book', 0.259, [450.5, 351.7, 494.7, 363.8]), ('side table', 0.258, [473.2, 299.2, 510.6, 334.1]), ('book', 0.204, [392.2, 333.8, 426.0, 344.0]), ('chair', 0.197, [524.8, 301.2, 571.6, 418.9]), ('floor lamp', 0.185, [400.9, 299.7, 438.5, 335.3]), ('chair', 0.184, [457.7, 303.6, 525.0, 432.6]), ('arm chair', 0.17, [431.3, 308.6, 463.3, 334.2]), ('arm chair', 0.166, [531.7, 302.9, 569.8, 335.0]), ('shelf', 0.163, [0.0, 345.3, 83.0, 479.9]), ('chair', 0.129, [541.4, 341.6, 622.2, 445.8]), ('chair', 0.121, [473.8, 300.5, 512.0, 332.6])]
Target status: valid
[Target check] target_query=book, target_prompt=book, status=not_detected, det=None
Observe rotation 2:
YOLO detections: [('desk', 0.175, [0.4, 428.3, 368.3, 480.0])]
Target status: not_detected
[Context detected] label=chair, matched_context=chair, raw_prior=0.710, anchor=0.60, effective_prior=0.426, score=0.192
[Target check] target_query=book, target_prompt=book, status=not_detected, det=None
Observe rotation 3:
YOLO detections: [('chair', 0.192, [0.0, 270.3, 80.9, 480.0]), ('side table', 0.18, [0.0, 268.4, 80.8, 480.0])]
Target status: not_detected
Stable target position from multi-view YOLO-depth: {'x': -1.6767984661450914, 'y': 0.9070531129837036, 'z': 1.8973453640314202, 'depth': 3.1560364961624146}
Best target detection: {'label': 'book', 'score': 0.2593114972114563, 'box': [450.51373291015625, 351.671875, 494.68768310546875, 363.82733154296875]}
Initial observed context objects:
{'label': 'laptop', 'matched_context': 'laptop', 'prior_weight': 0.595196780712958, 'score': 0.9281601309776306, 'position': {'x': 0.5151786804199219, 'y': 0.9070531129837036, 'z': 2.81342154241844}, 'count': 1}
{'label': 'pillow', 'matched_context': 'pillow', 'prior_weight': 0.49711985763603495, 'score': 0.7743558883666992, 'position': {'x': 0.43911290168762207, 'y': 0.9070531129837036, 'z': 4.574911518714302}, 'count': 3}
{'label': 'pillow', 'matched_context': 'pillow', 'prior_weight': 0.49711985763603495, 'score': 0.49638083577156067, 'position': {'x': -1.0539419651031494, 'y': 0.9070531129837036, 'z': 3.571601151536504}, 'count': 1}
{'label': 'desk', 'matched_context': 'desk', 'prior_weight': 0.8689788959383109, 'score': 0.3963622450828552, 'position': {'x': 0.0626225471496582, 'y': 0.9070531129837036, 'z': 2.650538415198702}, 'count': 1}
{'label': 'pillow', 'matched_context': 'pillow', 'prior_weight': 0.49711985763603495, 'score': 0.37425678968429565, 'position': {'x': -0.9916446208953857, 'y': 0.9070531129837036, 'z': 1.7970157861486606}, 'count': 1}
{'label': 'window', 'matched_context': 'window', 'prior_weight': 0.22171088087276403, 'score': 0.20575620234012604, 'position': {'x': 16.989999771118164, 'y': 0.9070531129837036, 'z': 8.340284128400382}, 'count': 1}
{'label': 'lamp', 'matched_context': 'desk lamp', 'prior_weight': 0.2142948229987084, 'score': 0.9296499490737915, 'position': {'x': -4.436002122786865, 'y': 0.9070531129837036, 'z': -1.850654125213623}, 'count': 1}
{'label': 'chair', 'matched_context': 'chair', 'prior_weight': 0.42617018106118215, 'score': 0.7510858774185181, 'position': {'x': -3.3652468813266645, 'y': 0.9070531129837036, 'z': -0.8015854358673096}, 'count': 1}
{'label': 'chair', 'matched_context': 'chair', 'prior_weight': 0.42617018106118215, 'score': 0.7490239143371582, 'position': {'x': -4.101436461161848, 'y': 0.9070531129837036, 'z': -0.0507054328918457}, 'count': 5}
{'label': 'chair', 'matched_context': 'chair', 'prior_weight': 0.42617018106118215, 'score': 0.1915380358695984, 'position': {'x': -3.821016028836272, 'y': 0.9070531129837036, 'z': 4.375190258026123}, 'count': 1}

Top belief nodes:
  0: pos={'x': -0.25, 'y': 0.9070531129837036, 'z': 2.75}, belief=0.507, context=0.507, uncertainty=1.000, negative=0.0
  1: pos={'x': -0.25, 'y': 0.9070531129837036, 'z': 3.0}, belief=0.505, context=0.505, uncertainty=1.000, negative=0.0
  2: pos={'x': 0.25, 'y': 0.9070531129837036, 'z': 3.5}, belief=0.500, context=0.500, uncertainty=1.000, negative=0.0
  3: pos={'x': 0.0, 'y': 0.9070531129837036, 'z': 3.5}, belief=0.494, context=0.494, uncertainty=1.000, negative=0.0
  4: pos={'x': -0.25, 'y': 0.9070531129837036, 'z': 3.25}, belief=0.494, context=0.494, uncertainty=1.000, negative=0.0
  5: pos={'x': 0.5, 'y': 0.9070531129837036, 'z': 3.5}, belief=0.494, context=0.494, uncertainty=1.000, negative=0.0
  6: pos={'x': -0.25, 'y': 0.9070531129837036, 'z': 2.5}, belief=0.493, context=0.493, uncertainty=1.000, negative=0.0
  7: pos={'x': 0.25, 'y': 0.9070531129837036, 'z': 3.75}, belief=0.485, context=0.485, uncertainty=1.000, negative=0.0
  8: pos={'x': -0.25, 'y': 0.9070531129837036, 'z': 3.5}, belief=0.481, context=0.481, uncertainty=1.000, negative=0.0
  9: pos={'x': 0.0, 'y': 0.9070531129837036, 'z': 3.75}, belief=0.480, context=0.480, uncertainty=1.000, negative=0.0

YOLO found stable target at initial area. Now approaching target...

=== Approach Target ===
Stable estimated target position: {'x': -1.6767984661450914, 'y': 0.9070531129837036, 'z': 1.8973453640314202, 'depth': 3.1560364961624146}
Selected approach goal: {'x': -1.75, 'y': 0.9070531129837036, 'z': 1.0}
Goal distance to estimated target: 0.9
Approach actions: ['RotateRight', 'MoveAhead', 'MoveAhead', 'MoveAhead', 'MoveAhead', 'MoveAhead', 'MoveAhead', 'MoveAhead', 'RotateLeft', 'MoveAhead', 'MoveAhead', 'MoveAhead', 'MoveAhead', 'MoveAhead']
Number of approach actions: 14
Approach action 0: RotateRight, success=True
Approach action 1: MoveAhead, success=True
Approach action 2: MoveAhead, success=True
Approach action 3: MoveAhead, success=True
Approach action 4: MoveAhead, success=True
Approach action 5: MoveAhead, success=True
Approach action 6: MoveAhead, success=True
Approach action 7: MoveAhead, success=True
Approach action 8: RotateLeft, success=True
Approach action 9: MoveAhead, success=True
Approach action 10: MoveAhead, success=True
Approach action 11: MoveAhead, success=True
Approach action 12: MoveAhead, success=True
Approach action 13: MoveAhead, success=True
Face target action 0: RotateLeft, success=True
Final verify 0, action=None, status=valid, det={'label': 'book', 'score': 0.4556562602519989, 'box': [567.7986450195312, 378.189453125, 623.2453002929688, 392.359130859375]}

=== Approach Finished ===
Final agent position: {'x': -1.75, 'y': 0.9070531129837036, 'z': 1.0}
Final distance to estimated target: 0.9
Final YOLO status: valid
Final YOLO target detection: {'label': 'book', 'score': 0.4556562602519989, 'box': [567.7986450195312, 378.189453125, 623.2453002929688, 392.359130859375]}

========== Summary ==========
scene: FloorPlan203
target: book
resolved_target: book
success: True
visited_belief_goals: 0
visited_reachable_points: 1
total_actions: 19
num_context_objects: 10
anchor_searches: 0
searched_anchors: 0
save_dir: outputs/batch_spub_20260529_165941/FloorPlan203_book
log_path: outputs/batch_spub_20260529_165941/FloorPlan203_book/run.log
